INFO | 2018-04-16 15:44:48,828 | [eureka-server,,,] | restartedMain org.springframework.cloud.config.client.ConfigServicePropertySourceLocator | Fetching config from server at: http://localhost:8888
WARN | 2018-04-16 15:44:49,923 | [eureka-server,,,] | restartedMain org.springframework.cloud.config.client.ConfigServicePropertySourceLocator | Could not locate PropertySource: I/O error on GET request for "http://localhost:8888/eureka-server/default": Connection refused: connect; nested exception is java.net.ConnectException: Connection refused: connect
INFO | 2018-04-16 15:44:49,925 | [eureka-server,,,] | restartedMain com.cxgm.eureka.register.ServiceRegistryApplication | No active profile set, falling back to default profiles: default
INFO | 2018-04-16 15:44:49,939 | [eureka-server,,,] | restartedMain org.springframework.boot.context.embedded.AnnotationConfigEmbeddedWebApplicationContext | Refreshing org.springframework.boot.context.embedded.AnnotationConfigEmbeddedWebApplicationContext@58db6994: startup date [Mon Apr 16 15:44:49 CST 2018]; parent: org.springframework.context.annotation.AnnotationConfigApplicationContext@4cb03e8f
INFO | 2018-04-16 15:44:51,084 | [eureka-server,,,] | restartedMain org.springframework.cloud.context.scope.GenericScope | BeanFactory id=4a8c4959-37c8-3091-9ff6-2ae5a65f619d
INFO | 2018-04-16 15:44:51,097 | [eureka-server,,,] | restartedMain org.springframework.beans.factory.annotation.AutowiredAnnotationBeanPostProcessor | JSR-330 'javax.inject.Inject' annotation found and supported for autowiring
INFO | 2018-04-16 15:44:51,149 | [eureka-server,,,] | restartedMain org.springframework.context.support.PostProcessorRegistrationDelegate$BeanPostProcessorChecker | Bean 'org.springframework.cloud.netflix.metrics.MetricsInterceptorConfiguration$MetricsRestTemplateConfiguration' of type [org.springframework.cloud.netflix.metrics.MetricsInterceptorConfiguration$MetricsRestTemplateConfiguration$$EnhancerBySpringCGLIB$$adb490b] is not eligible for getting processed by all BeanPostProcessors (for example: not eligible for auto-proxying)
INFO | 2018-04-16 15:44:51,157 | [eureka-server,,,] | restartedMain org.springframework.context.support.PostProcessorRegistrationDelegate$BeanPostProcessorChecker | Bean 'org.springframework.cloud.autoconfigure.ConfigurationPropertiesRebinderAutoConfiguration' of type [org.springframework.cloud.autoconfigure.ConfigurationPropertiesRebinderAutoConfiguration$$EnhancerBySpringCGLIB$$f4c8a5c7] is not eligible for getting processed by all BeanPostProcessors (for example: not eligible for auto-proxying)
INFO | 2018-04-16 15:44:51,634 | [eureka-server,,,] | restartedMain org.springframework.boot.context.embedded.tomcat.TomcatEmbeddedServletContainer | Tomcat initialized with port(s): 41201 (http)
INFO | 2018-04-16 15:44:51,645 | [eureka-server,,,] | restartedMain org.apache.catalina.core.StandardService | Starting service [Tomcat]
INFO | 2018-04-16 15:44:51,646 | [eureka-server,,,] | restartedMain org.apache.catalina.core.StandardEngine | Starting Servlet Engine: Apache Tomcat/8.5.23
INFO | 2018-04-16 15:44:51,742 | [eureka-server,,,] | localhost-startStop-1 org.apache.catalina.core.ContainerBase.[Tomcat].[localhost].[/] | Initializing Spring embedded WebApplicationContext
INFO | 2018-04-16 15:44:51,742 | [eureka-server,,,] | localhost-startStop-1 org.springframework.web.context.ContextLoader | Root WebApplicationContext: initialization completed in 1803 ms
INFO | 2018-04-16 15:44:52,407 | [eureka-server,,,] | localhost-startStop-1 org.springframework.boot.web.servlet.FilterRegistrationBean | Mapping filter: 'metricsFilter' to: [/*]
INFO | 2018-04-16 15:44:52,408 | [eureka-server,,,] | localhost-startStop-1 org.springframework.boot.web.servlet.FilterRegistrationBean | Mapping filter: 'characterEncodingFilter' to: [/*]
INFO | 2018-04-16 15:44:52,408 | [eureka-server,,,] | localhost-startStop-1 org.springframework.boot.web.servlet.FilterRegistrationBean | Mapping filter: 'hiddenHttpMethodFilter' to: [/*]
INFO | 2018-04-16 15:44:52,408 | [eureka-server,,,] | localhost-startStop-1 org.springframework.boot.web.servlet.FilterRegistrationBean | Mapping filter: 'httpPutFormContentFilter' to: [/*]
INFO | 2018-04-16 15:44:52,408 | [eureka-server,,,] | localhost-startStop-1 org.springframework.boot.web.servlet.FilterRegistrationBean | Mapping filter: 'requestContextFilter' to: [/*]
INFO | 2018-04-16 15:44:52,408 | [eureka-server,,,] | localhost-startStop-1 org.springframework.boot.web.servlet.FilterRegistrationBean | Mapping filter: 'webRequestTraceFilter' to: [/*]
INFO | 2018-04-16 15:44:52,408 | [eureka-server,,,] | localhost-startStop-1 org.springframework.boot.web.servlet.FilterRegistrationBean | Mapping filter: 'servletContainer' to urls: [/eureka/*]
INFO | 2018-04-16 15:44:52,408 | [eureka-server,,,] | localhost-startStop-1 org.springframework.boot.web.servlet.FilterRegistrationBean | Mapping filter: 'applicationContextIdFilter' to: [/*]
INFO | 2018-04-16 15:44:52,408 | [eureka-server,,,] | localhost-startStop-1 org.springframework.boot.web.servlet.ServletRegistrationBean | Mapping servlet: 'dispatcherServlet' to [/]
INFO | 2018-04-16 15:44:52,489 | [eureka-server,,,] | localhost-startStop-1 com.sun.jersey.server.impl.application.WebApplicationImpl | Initiating Jersey application, version 'Jersey: 1.19.1 03/11/2016 02:08 PM'
INFO | 2018-04-16 15:44:52,556 | [eureka-server,,,] | localhost-startStop-1 com.netflix.discovery.provider.DiscoveryJerseyProvider | Using JSON encoding codec LegacyJacksonJson
INFO | 2018-04-16 15:44:52,556 | [eureka-server,,,] | localhost-startStop-1 com.netflix.discovery.provider.DiscoveryJerseyProvider | Using JSON decoding codec LegacyJacksonJson
INFO | 2018-04-16 15:44:52,672 | [eureka-server,,,] | localhost-startStop-1 com.netflix.discovery.provider.DiscoveryJerseyProvider | Using XML encoding codec XStreamXml
INFO | 2018-04-16 15:44:52,672 | [eureka-server,,,] | localhost-startStop-1 com.netflix.discovery.provider.DiscoveryJerseyProvider | Using XML decoding codec XStreamXml
WARN | 2018-04-16 15:44:53,325 | [eureka-server,,,] | restartedMain com.netflix.config.sources.URLConfigurationSource | No URLs will be polled as dynamic configuration sources.
INFO | 2018-04-16 15:44:53,326 | [eureka-server,,,] | restartedMain com.netflix.config.sources.URLConfigurationSource | To enable URLs as dynamic configuration sources, define System property archaius.configurationSource.additionalUrls or make config.properties available on classpath.
WARN | 2018-04-16 15:44:53,331 | [eureka-server,,,] | restartedMain com.netflix.config.sources.URLConfigurationSource | No URLs will be polled as dynamic configuration sources.
INFO | 2018-04-16 15:44:53,331 | [eureka-server,,,] | restartedMain com.netflix.config.sources.URLConfigurationSource | To enable URLs as dynamic configuration sources, define System property archaius.configurationSource.additionalUrls or make config.properties available on classpath.
INFO | 2018-04-16 15:44:53,599 | [eureka-server,,,] | restartedMain org.springframework.web.servlet.mvc.method.annotation.RequestMappingHandlerAdapter | Looking for @ControllerAdvice: org.springframework.boot.context.embedded.AnnotationConfigEmbeddedWebApplicationContext@58db6994: startup date [Mon Apr 16 15:44:49 CST 2018]; parent: org.springframework.context.annotation.AnnotationConfigApplicationContext@4cb03e8f
INFO | 2018-04-16 15:44:53,714 | [eureka-server,,,] | restartedMain org.springframework.web.servlet.mvc.method.annotation.RequestMappingHandlerMapping | Mapped "{[/error]}" onto public org.springframework.http.ResponseEntity<java.util.Map<java.lang.String, java.lang.Object>> org.springframework.boot.autoconfigure.web.BasicErrorController.error(javax.servlet.http.HttpServletRequest)
INFO | 2018-04-16 15:44:53,715 | [eureka-server,,,] | restartedMain org.springframework.web.servlet.mvc.method.annotation.RequestMappingHandlerMapping | Mapped "{[/error],produces=[text/html]}" onto public org.springframework.web.servlet.ModelAndView org.springframework.boot.autoconfigure.web.BasicErrorController.errorHtml(javax.servlet.http.HttpServletRequest,javax.servlet.http.HttpServletResponse)
INFO | 2018-04-16 15:44:53,731 | [eureka-server,,,] | restartedMain org.springframework.web.servlet.mvc.method.annotation.RequestMappingHandlerMapping | Mapped "{[/],methods=[GET]}" onto public java.lang.String org.springframework.cloud.netflix.eureka.server.EurekaController.status(javax.servlet.http.HttpServletRequest,java.util.Map<java.lang.String, java.lang.Object>)
INFO | 2018-04-16 15:44:53,732 | [eureka-server,,,] | restartedMain org.springframework.web.servlet.mvc.method.annotation.RequestMappingHandlerMapping | Mapped "{[/lastn],methods=[GET]}" onto public java.lang.String org.springframework.cloud.netflix.eureka.server.EurekaController.lastn(javax.servlet.http.HttpServletRequest,java.util.Map<java.lang.String, java.lang.Object>)
INFO | 2018-04-16 15:44:53,763 | [eureka-server,,,] | restartedMain org.springframework.web.servlet.handler.SimpleUrlHandlerMapping | Mapped URL path [/webjars/**] onto handler of type [class org.springframework.web.servlet.resource.ResourceHttpRequestHandler]
INFO | 2018-04-16 15:44:53,763 | [eureka-server,,,] | restartedMain org.springframework.web.servlet.handler.SimpleUrlHandlerMapping | Mapped URL path [/**] onto handler of type [class org.springframework.web.servlet.resource.ResourceHttpRequestHandler]
INFO | 2018-04-16 15:44:53,806 | [eureka-server,,,] | restartedMain org.springframework.web.servlet.handler.SimpleUrlHandlerMapping | Mapped URL path [/**/favicon.ico] onto handler of type [class org.springframework.web.servlet.resource.ResourceHttpRequestHandler]
INFO | 2018-04-16 15:44:54,299 | [eureka-server,,,] | restartedMain org.springframework.boot.actuate.endpoint.mvc.EndpointHandlerMapping | Mapped "{[/env/{name:.*}],methods=[GET],produces=[application/vnd.spring-boot.actuator.v1+json || application/json]}" onto public java.lang.Object org.springframework.boot.actuate.endpoint.mvc.EnvironmentMvcEndpoint.value(java.lang.String)
INFO | 2018-04-16 15:44:54,299 | [eureka-server,,,] | restartedMain org.springframework.boot.actuate.endpoint.mvc.EndpointHandlerMapping | Mapped "{[/env || /env.json],methods=[GET],produces=[application/vnd.spring-boot.actuator.v1+json || application/json]}" onto public java.lang.Object org.springframework.boot.actuate.endpoint.mvc.EndpointMvcAdapter.invoke()
INFO | 2018-04-16 15:44:54,300 | [eureka-server,,,] | restartedMain org.springframework.boot.actuate.endpoint.mvc.EndpointHandlerMapping | Mapped "{[/refresh || /refresh.json],methods=[POST]}" onto public java.lang.Object org.springframework.cloud.endpoint.GenericPostableMvcEndpoint.invoke()
INFO | 2018-04-16 15:44:54,301 | [eureka-server,,,] | restartedMain org.springframework.boot.actuate.endpoint.mvc.EndpointHandlerMapping | Mapped "{[/features || /features.json],methods=[GET],produces=[application/vnd.spring-boot.actuator.v1+json || application/json]}" onto public java.lang.Object org.springframework.boot.actuate.endpoint.mvc.EndpointMvcAdapter.invoke()
INFO | 2018-04-16 15:44:54,301 | [eureka-server,,,] | restartedMain org.springframework.boot.actuate.endpoint.mvc.EndpointHandlerMapping | Mapped "{[/metrics/{name:.*}],methods=[GET],produces=[application/vnd.spring-boot.actuator.v1+json || application/json]}" onto public java.lang.Object org.springframework.boot.actuate.endpoint.mvc.MetricsMvcEndpoint.value(java.lang.String)
INFO | 2018-04-16 15:44:54,301 | [eureka-server,,,] | restartedMain org.springframework.boot.actuate.endpoint.mvc.EndpointHandlerMapping | Mapped "{[/metrics || /metrics.json],methods=[GET],produces=[application/vnd.spring-boot.actuator.v1+json || application/json]}" onto public java.lang.Object org.springframework.boot.actuate.endpoint.mvc.EndpointMvcAdapter.invoke()
INFO | 2018-04-16 15:44:54,302 | [eureka-server,,,] | restartedMain org.springframework.boot.actuate.endpoint.mvc.EndpointHandlerMapping | Mapped "{[/autoconfig || /autoconfig.json],methods=[GET],produces=[application/vnd.spring-boot.actuator.v1+json || application/json]}" onto public java.lang.Object org.springframework.boot.actuate.endpoint.mvc.EndpointMvcAdapter.invoke()
INFO | 2018-04-16 15:44:54,303 | [eureka-server,,,] | restartedMain org.springframework.boot.actuate.endpoint.mvc.EndpointHandlerMapping | Mapped "{[/configprops || /configprops.json],methods=[GET],produces=[application/vnd.spring-boot.actuator.v1+json || application/json]}" onto public java.lang.Object org.springframework.boot.actuate.endpoint.mvc.EndpointMvcAdapter.invoke()
INFO | 2018-04-16 15:44:54,304 | [eureka-server,,,] | restartedMain org.springframework.boot.actuate.endpoint.mvc.EndpointHandlerMapping | Mapped "{[/auditevents || /auditevents.json],methods=[GET],produces=[application/vnd.spring-boot.actuator.v1+json || application/json]}" onto public org.springframework.http.ResponseEntity<?> org.springframework.boot.actuate.endpoint.mvc.AuditEventsMvcEndpoint.findByPrincipalAndAfterAndType(java.lang.String,java.util.Date,java.lang.String)
INFO | 2018-04-16 15:44:54,305 | [eureka-server,,,] | restartedMain org.springframework.boot.actuate.endpoint.mvc.EndpointHandlerMapping | Mapped "{[/restart || /restart.json],methods=[POST]}" onto public java.lang.Object org.springframework.cloud.context.restart.RestartMvcEndpoint.invoke()
INFO | 2018-04-16 15:44:54,305 | [eureka-server,,,] | restartedMain org.springframework.boot.actuate.endpoint.mvc.EndpointHandlerMapping | Mapped "{[/heapdump || /heapdump.json],methods=[GET],produces=[application/octet-stream]}" onto public void org.springframework.boot.actuate.endpoint.mvc.HeapdumpMvcEndpoint.invoke(boolean,javax.servlet.http.HttpServletRequest,javax.servlet.http.HttpServletResponse) throws java.io.IOException,javax.servlet.ServletException
INFO | 2018-04-16 15:44:54,307 | [eureka-server,,,] | restartedMain org.springframework.boot.actuate.endpoint.mvc.EndpointHandlerMapping | Mapped "{[/loggers/{name:.*}],methods=[GET],produces=[application/vnd.spring-boot.actuator.v1+json || application/json]}" onto public java.lang.Object org.springframework.boot.actuate.endpoint.mvc.LoggersMvcEndpoint.get(java.lang.String)
INFO | 2018-04-16 15:44:54,307 | [eureka-server,,,] | restartedMain org.springframework.boot.actuate.endpoint.mvc.EndpointHandlerMapping | Mapped "{[/loggers/{name:.*}],methods=[POST],consumes=[application/vnd.spring-boot.actuator.v1+json || application/json],produces=[application/vnd.spring-boot.actuator.v1+json || application/json]}" onto public java.lang.Object org.springframework.boot.actuate.endpoint.mvc.LoggersMvcEndpoint.set(java.lang.String,java.util.Map<java.lang.String, java.lang.String>)
INFO | 2018-04-16 15:44:54,307 | [eureka-server,,,] | restartedMain org.springframework.boot.actuate.endpoint.mvc.EndpointHandlerMapping | Mapped "{[/loggers || /loggers.json],methods=[GET],produces=[application/vnd.spring-boot.actuator.v1+json || application/json]}" onto public java.lang.Object org.springframework.boot.actuate.endpoint.mvc.EndpointMvcAdapter.invoke()
INFO | 2018-04-16 15:44:54,307 | [eureka-server,,,] | restartedMain org.springframework.boot.actuate.endpoint.mvc.EndpointHandlerMapping | Mapped "{[/dump || /dump.json],methods=[GET],produces=[application/vnd.spring-boot.actuator.v1+json || application/json]}" onto public java.lang.Object org.springframework.boot.actuate.endpoint.mvc.EndpointMvcAdapter.invoke()
INFO | 2018-04-16 15:44:54,308 | [eureka-server,,,] | restartedMain org.springframework.boot.actuate.endpoint.mvc.EndpointHandlerMapping | Mapped "{[/health || /health.json],methods=[GET],produces=[application/vnd.spring-boot.actuator.v1+json || application/json]}" onto public java.lang.Object org.springframework.boot.actuate.endpoint.mvc.HealthMvcEndpoint.invoke(javax.servlet.http.HttpServletRequest,java.security.Principal)
INFO | 2018-04-16 15:44:54,308 | [eureka-server,,,] | restartedMain org.springframework.boot.actuate.endpoint.mvc.EndpointHandlerMapping | Mapped "{[/pause || /pause.json],methods=[POST]}" onto public java.lang.Object org.springframework.cloud.endpoint.GenericPostableMvcEndpoint.invoke()
INFO | 2018-04-16 15:44:54,310 | [eureka-server,,,] | restartedMain org.springframework.boot.actuate.endpoint.mvc.EndpointHandlerMapping | Mapped "{[/env],methods=[POST]}" onto public java.lang.Object org.springframework.cloud.context.environment.EnvironmentManagerMvcEndpoint.value(java.util.Map<java.lang.String, java.lang.String>)
INFO | 2018-04-16 15:44:54,310 | [eureka-server,,,] | restartedMain org.springframework.boot.actuate.endpoint.mvc.EndpointHandlerMapping | Mapped "{[/env/reset],methods=[POST]}" onto public java.util.Map<java.lang.String, java.lang.Object> org.springframework.cloud.context.environment.EnvironmentManagerMvcEndpoint.reset()
INFO | 2018-04-16 15:44:54,311 | [eureka-server,,,] | restartedMain org.springframework.boot.actuate.endpoint.mvc.EndpointHandlerMapping | Mapped "{[/service-registry/instance-status],methods=[GET]}" onto public org.springframework.http.ResponseEntity org.springframework.cloud.client.serviceregistry.endpoint.ServiceRegistryEndpoint.getStatus()
INFO | 2018-04-16 15:44:54,311 | [eureka-server,,,] | restartedMain org.springframework.boot.actuate.endpoint.mvc.EndpointHandlerMapping | Mapped "{[/service-registry/instance-status],methods=[POST]}" onto public org.springframework.http.ResponseEntity<?> org.springframework.cloud.client.serviceregistry.endpoint.ServiceRegistryEndpoint.setStatus(java.lang.String)
INFO | 2018-04-16 15:44:54,312 | [eureka-server,,,] | restartedMain org.springframework.boot.actuate.endpoint.mvc.EndpointHandlerMapping | Mapped "{[/beans || /beans.json],methods=[GET],produces=[application/vnd.spring-boot.actuator.v1+json || application/json]}" onto public java.lang.Object org.springframework.boot.actuate.endpoint.mvc.EndpointMvcAdapter.invoke()
INFO | 2018-04-16 15:44:54,312 | [eureka-server,,,] | restartedMain org.springframework.boot.actuate.endpoint.mvc.EndpointHandlerMapping | Mapped "{[/trace || /trace.json],methods=[GET],produces=[application/vnd.spring-boot.actuator.v1+json || application/json]}" onto public java.lang.Object org.springframework.boot.actuate.endpoint.mvc.EndpointMvcAdapter.invoke()
INFO | 2018-04-16 15:44:54,312 | [eureka-server,,,] | restartedMain org.springframework.boot.actuate.endpoint.mvc.EndpointHandlerMapping | Mapped "{[/resume || /resume.json],methods=[POST]}" onto public java.lang.Object org.springframework.cloud.endpoint.GenericPostableMvcEndpoint.invoke()
INFO | 2018-04-16 15:44:54,313 | [eureka-server,,,] | restartedMain org.springframework.boot.actuate.endpoint.mvc.EndpointHandlerMapping | Mapped "{[/archaius || /archaius.json],methods=[GET],produces=[application/vnd.spring-boot.actuator.v1+json || application/json]}" onto public java.lang.Object org.springframework.boot.actuate.endpoint.mvc.EndpointMvcAdapter.invoke()
INFO | 2018-04-16 15:44:54,313 | [eureka-server,,,] | restartedMain org.springframework.boot.actuate.endpoint.mvc.EndpointHandlerMapping | Mapped "{[/mappings || /mappings.json],methods=[GET],produces=[application/vnd.spring-boot.actuator.v1+json || application/json]}" onto public java.lang.Object org.springframework.boot.actuate.endpoint.mvc.EndpointMvcAdapter.invoke()
INFO | 2018-04-16 15:44:54,314 | [eureka-server,,,] | restartedMain org.springframework.boot.actuate.endpoint.mvc.EndpointHandlerMapping | Mapped "{[/info || /info.json],methods=[GET],produces=[application/vnd.spring-boot.actuator.v1+json || application/json]}" onto public java.lang.Object org.springframework.boot.actuate.endpoint.mvc.EndpointMvcAdapter.invoke()
INFO | 2018-04-16 15:44:54,429 | [eureka-server,,,] | restartedMain org.springframework.ui.freemarker.SpringTemplateLoader | SpringTemplateLoader for FreeMarker: using resource loader [org.springframework.boot.context.embedded.AnnotationConfigEmbeddedWebApplicationContext@58db6994: startup date [Mon Apr 16 15:44:49 CST 2018]; parent: org.springframework.context.annotation.AnnotationConfigApplicationContext@4cb03e8f] and template loader path [classpath:/templates/]
INFO | 2018-04-16 15:44:54,430 | [eureka-server,,,] | restartedMain org.springframework.web.servlet.view.freemarker.FreeMarkerConfigurer | ClassTemplateLoader for Spring macros added to FreeMarker configuration
INFO | 2018-04-16 15:44:54,491 | [eureka-server,,,] | restartedMain org.springframework.boot.devtools.autoconfigure.OptionalLiveReloadServer | LiveReload server is running on port 35729
INFO | 2018-04-16 15:44:54,577 | [eureka-server,,,] | restartedMain org.springframework.cloud.netflix.eureka.InstanceInfoFactory | Setting initial instance status as: STARTING
INFO | 2018-04-16 15:44:54,610 | [eureka-server,,,] | restartedMain com.netflix.discovery.DiscoveryClient | Initializing Eureka in region us-east-1
INFO | 2018-04-16 15:44:54,611 | [eureka-server,,,] | restartedMain com.netflix.discovery.DiscoveryClient | Client configured to neither register nor query for data.
INFO | 2018-04-16 15:44:54,619 | [eureka-server,,,] | restartedMain com.netflix.discovery.DiscoveryClient | Discovery Client initialized at timestamp 1523864694619 with initial instances count: 0
INFO | 2018-04-16 15:44:54,695 | [eureka-server,,,] | restartedMain com.netflix.eureka.DefaultEurekaServerContext | Initializing ...
WARN | 2018-04-16 15:44:54,697 | [eureka-server,,,] | restartedMain com.netflix.eureka.cluster.PeerEurekaNodes | The replica size seems to be empty. Check the route 53 DNS Registry
INFO | 2018-04-16 15:44:54,708 | [eureka-server,,,] | restartedMain com.netflix.eureka.registry.AbstractInstanceRegistry | Finished initializing remote region registries. All known remote regions: []
INFO | 2018-04-16 15:44:54,709 | [eureka-server,,,] | restartedMain com.netflix.eureka.DefaultEurekaServerContext | Initialized
INFO | 2018-04-16 15:44:54,763 | [eureka-server,,,] | restartedMain org.springframework.jmx.export.annotation.AnnotationMBeanExporter | Registering beans for JMX exposure on startup
INFO | 2018-04-16 15:44:54,772 | [eureka-server,,,] | restartedMain org.springframework.jmx.export.annotation.AnnotationMBeanExporter | Bean with name 'environmentManager' has been autodetected for JMX exposure
INFO | 2018-04-16 15:44:54,773 | [eureka-server,,,] | restartedMain org.springframework.jmx.export.annotation.AnnotationMBeanExporter | Bean with name 'configurationPropertiesRebinder' has been autodetected for JMX exposure
INFO | 2018-04-16 15:44:54,773 | [eureka-server,,,] | restartedMain org.springframework.jmx.export.annotation.AnnotationMBeanExporter | Bean with name 'refreshEndpoint' has been autodetected for JMX exposure
INFO | 2018-04-16 15:44:54,774 | [eureka-server,,,] | restartedMain org.springframework.jmx.export.annotation.AnnotationMBeanExporter | Bean with name 'restartEndpoint' has been autodetected for JMX exposure
INFO | 2018-04-16 15:44:54,775 | [eureka-server,,,] | restartedMain org.springframework.jmx.export.annotation.AnnotationMBeanExporter | Bean with name 'serviceRegistryEndpoint' has been autodetected for JMX exposure
INFO | 2018-04-16 15:44:54,775 | [eureka-server,,,] | restartedMain org.springframework.jmx.export.annotation.AnnotationMBeanExporter | Bean with name 'refreshScope' has been autodetected for JMX exposure
INFO | 2018-04-16 15:44:54,778 | [eureka-server,,,] | restartedMain org.springframework.jmx.export.annotation.AnnotationMBeanExporter | Located managed bean 'environmentManager': registering with JMX server as MBean [org.springframework.cloud.context.environment:name=environmentManager,type=EnvironmentManager]
INFO | 2018-04-16 15:44:54,788 | [eureka-server,,,] | restartedMain org.springframework.jmx.export.annotation.AnnotationMBeanExporter | Located managed bean 'restartEndpoint': registering with JMX server as MBean [org.springframework.cloud.context.restart:name=restartEndpoint,type=RestartEndpoint]
INFO | 2018-04-16 15:44:54,797 | [eureka-server,,,] | restartedMain org.springframework.jmx.export.annotation.AnnotationMBeanExporter | Located managed bean 'serviceRegistryEndpoint': registering with JMX server as MBean [org.springframework.cloud.client.serviceregistry.endpoint:name=serviceRegistryEndpoint,type=ServiceRegistryEndpoint]
INFO | 2018-04-16 15:44:54,803 | [eureka-server,,,] | restartedMain org.springframework.jmx.export.annotation.AnnotationMBeanExporter | Located managed bean 'refreshScope': registering with JMX server as MBean [org.springframework.cloud.context.scope.refresh:name=refreshScope,type=RefreshScope]
INFO | 2018-04-16 15:44:54,814 | [eureka-server,,,] | restartedMain org.springframework.jmx.export.annotation.AnnotationMBeanExporter | Located managed bean 'configurationPropertiesRebinder': registering with JMX server as MBean [org.springframework.cloud.context.properties:name=configurationPropertiesRebinder,context=58db6994,type=ConfigurationPropertiesRebinder]
INFO | 2018-04-16 15:44:54,819 | [eureka-server,,,] | restartedMain org.springframework.jmx.export.annotation.AnnotationMBeanExporter | Located managed bean 'refreshEndpoint': registering with JMX server as MBean [org.springframework.cloud.endpoint:name=refreshEndpoint,type=RefreshEndpoint]
INFO | 2018-04-16 15:44:54,820 | [eureka-server,,,] | restartedMain org.springframework.boot.actuate.endpoint.jmx.EndpointMBeanExporter | Registering beans for JMX exposure on startup
INFO | 2018-04-16 15:44:55,029 | [eureka-server,,,] | restartedMain org.springframework.context.support.DefaultLifecycleProcessor | Starting beans in phase 0
INFO | 2018-04-16 15:44:55,030 | [eureka-server,,,] | restartedMain org.springframework.cloud.netflix.eureka.serviceregistry.EurekaServiceRegistry | Registering application eureka-server with eureka with status UP
INFO | 2018-04-16 15:44:55,033 | [eureka-server,,,] | restartedMain org.springframework.boot.actuate.endpoint.jmx.EndpointMBeanExporter | Located managed bean 'auditEventsEndpoint': registering with JMX server as MBean [org.springframework.boot:type=Endpoint,name=auditEventsEndpoint]
INFO | 2018-04-16 15:44:55,039 | [eureka-server,,,] | restartedMain org.springframework.boot.actuate.endpoint.jmx.EndpointMBeanExporter | Located managed bean 'archaiusEndpoint': registering with JMX server as MBean [org.springframework.boot:type=Endpoint,name=archaiusEndpoint]
INFO | 2018-04-16 15:44:55,046 | [eureka-server,,,] | restartedMain org.springframework.boot.actuate.endpoint.jmx.EndpointMBeanExporter | Located managed bean 'featuresEndpoint': registering with JMX server as MBean [org.springframework.boot:type=Endpoint,name=featuresEndpoint]
INFO | 2018-04-16 15:44:55,048 | [eureka-server,,,] | restartedMain org.springframework.boot.actuate.endpoint.jmx.EndpointMBeanExporter | Located managed bean 'requestMappingEndpoint': registering with JMX server as MBean [org.springframework.boot:type=Endpoint,name=requestMappingEndpoint]
INFO | 2018-04-16 15:44:55,050 | [eureka-server,,,] | restartedMain org.springframework.boot.actuate.endpoint.jmx.EndpointMBeanExporter | Located managed bean 'environmentEndpoint': registering with JMX server as MBean [org.springframework.boot:type=Endpoint,name=environmentEndpoint]
INFO | 2018-04-16 15:44:55,052 | [eureka-server,,,] | restartedMain org.springframework.boot.actuate.endpoint.jmx.EndpointMBeanExporter | Located managed bean 'healthEndpoint': registering with JMX server as MBean [org.springframework.boot:type=Endpoint,name=healthEndpoint]
INFO | 2018-04-16 15:44:55,053 | [eureka-server,,,] | restartedMain org.springframework.boot.actuate.endpoint.jmx.EndpointMBeanExporter | Located managed bean 'beansEndpoint': registering with JMX server as MBean [org.springframework.boot:type=Endpoint,name=beansEndpoint]
INFO | 2018-04-16 15:44:55,055 | [eureka-server,,,] | restartedMain org.springframework.boot.actuate.endpoint.jmx.EndpointMBeanExporter | Located managed bean 'infoEndpoint': registering with JMX server as MBean [org.springframework.boot:type=Endpoint,name=infoEndpoint]
INFO | 2018-04-16 15:44:55,057 | [eureka-server,,,] | restartedMain org.springframework.boot.actuate.endpoint.jmx.EndpointMBeanExporter | Located managed bean 'loggersEndpoint': registering with JMX server as MBean [org.springframework.boot:type=Endpoint,name=loggersEndpoint]
INFO | 2018-04-16 15:44:55,062 | [eureka-server,,,] | restartedMain org.springframework.boot.actuate.endpoint.jmx.EndpointMBeanExporter | Located managed bean 'metricsEndpoint': registering with JMX server as MBean [org.springframework.boot:type=Endpoint,name=metricsEndpoint]
INFO | 2018-04-16 15:44:55,063 | [eureka-server,,,] | restartedMain org.springframework.boot.actuate.endpoint.jmx.EndpointMBeanExporter | Located managed bean 'traceEndpoint': registering with JMX server as MBean [org.springframework.boot:type=Endpoint,name=traceEndpoint]
INFO | 2018-04-16 15:44:55,065 | [eureka-server,,,] | restartedMain org.springframework.boot.actuate.endpoint.jmx.EndpointMBeanExporter | Located managed bean 'dumpEndpoint': registering with JMX server as MBean [org.springframework.boot:type=Endpoint,name=dumpEndpoint]
INFO | 2018-04-16 15:44:55,066 | [eureka-server,,,] | restartedMain org.springframework.boot.actuate.endpoint.jmx.EndpointMBeanExporter | Located managed bean 'autoConfigurationReportEndpoint': registering with JMX server as MBean [org.springframework.boot:type=Endpoint,name=autoConfigurationReportEndpoint]
INFO | 2018-04-16 15:44:55,068 | [eureka-server,,,] | restartedMain org.springframework.boot.actuate.endpoint.jmx.EndpointMBeanExporter | Located managed bean 'configurationPropertiesReportEndpoint': registering with JMX server as MBean [org.springframework.boot:type=Endpoint,name=configurationPropertiesReportEndpoint]
INFO | 2018-04-16 15:44:55,070 | [eureka-server,,,] | Thread-20 org.springframework.cloud.netflix.eureka.server.EurekaServerBootstrap | Setting the eureka configuration..
INFO | 2018-04-16 15:44:55,071 | [eureka-server,,,] | Thread-20 org.springframework.cloud.netflix.eureka.server.EurekaServerBootstrap | Eureka data center value eureka.datacenter is not set, defaulting to default
INFO | 2018-04-16 15:44:55,071 | [eureka-server,,,] | Thread-20 org.springframework.cloud.netflix.eureka.server.EurekaServerBootstrap | Eureka environment value eureka.environment is not set, defaulting to test
INFO | 2018-04-16 15:44:55,086 | [eureka-server,,,] | Thread-20 org.springframework.cloud.netflix.eureka.server.EurekaServerBootstrap | isAws returned false
INFO | 2018-04-16 15:44:55,087 | [eureka-server,,,] | Thread-20 org.springframework.cloud.netflix.eureka.server.EurekaServerBootstrap | Initialized server context
INFO | 2018-04-16 15:44:55,087 | [eureka-server,,,] | Thread-20 com.netflix.eureka.registry.PeerAwareInstanceRegistryImpl | Got 1 instances from neighboring DS node
INFO | 2018-04-16 15:44:55,087 | [eureka-server,,,] | Thread-20 com.netflix.eureka.registry.PeerAwareInstanceRegistryImpl | Renew threshold is: 1
INFO | 2018-04-16 15:44:55,087 | [eureka-server,,,] | Thread-20 com.netflix.eureka.registry.PeerAwareInstanceRegistryImpl | Changing status to UP
INFO | 2018-04-16 15:44:55,094 | [eureka-server,,,] | Thread-20 org.springframework.cloud.netflix.eureka.server.EurekaServerInitializerConfiguration | Started Eureka Server
INFO | 2018-04-16 15:44:55,094 | [eureka-server,,,] | restartedMain org.apache.coyote.http11.Http11NioProtocol | Initializing ProtocolHandler ["http-nio-41201"]
INFO | 2018-04-16 15:44:55,108 | [eureka-server,,,] | restartedMain org.apache.coyote.http11.Http11NioProtocol | Starting ProtocolHandler ["http-nio-41201"]
INFO | 2018-04-16 15:44:55,118 | [eureka-server,,,] | restartedMain org.apache.tomcat.util.net.NioSelectorPool | Using a shared selector for servlet write/read
INFO | 2018-04-16 15:44:55,138 | [eureka-server,,,] | restartedMain org.springframework.boot.context.embedded.tomcat.TomcatEmbeddedServletContainer | Tomcat started on port(s): 41201 (http)
INFO | 2018-04-16 15:44:55,139 | [eureka-server,,,] | restartedMain org.springframework.cloud.netflix.eureka.serviceregistry.EurekaAutoServiceRegistration | Updating port to 41201
INFO | 2018-04-16 15:44:55,144 | [eureka-server,,,] | restartedMain com.cxgm.eureka.register.ServiceRegistryApplication | Started ServiceRegistryApplication in 7.757 seconds (JVM running for 8.34)
INFO | 2018-04-16 15:44:55,144 | [eureka-server,,,] | restartedMain com.cxgm.eureka.register.ServiceRegistryApplication | ServiceRegistryApplication started
INFO | 2018-04-16 15:45:55,089 | [eureka-server,,,] | Eureka-EvictionTimer com.netflix.eureka.registry.AbstractInstanceRegistry | Running the evict task with compensationTime 0ms
INFO | 2018-04-16 15:46:48,134 | [eureka-server,,,] | http-nio-41201-exec-1 org.apache.catalina.core.ContainerBase.[Tomcat].[localhost].[/] | Initializing Spring FrameworkServlet 'dispatcherServlet'
INFO | 2018-04-16 15:46:48,134 | [eureka-server,,,] | http-nio-41201-exec-1 org.springframework.web.servlet.DispatcherServlet | FrameworkServlet 'dispatcherServlet': initialization started
INFO | 2018-04-16 15:46:48,158 | [eureka-server,,,] | http-nio-41201-exec-1 org.springframework.web.servlet.DispatcherServlet | FrameworkServlet 'dispatcherServlet': initialization completed in 24 ms
INFO | 2018-04-16 15:46:55,089 | [eureka-server,,,] | Eureka-EvictionTimer com.netflix.eureka.registry.AbstractInstanceRegistry | Running the evict task with compensationTime 0ms
INFO | 2018-04-16 15:47:55,090 | [eureka-server,,,] | Eureka-EvictionTimer com.netflix.eureka.registry.AbstractInstanceRegistry | Running the evict task with compensationTime 0ms
INFO | 2018-04-16 15:48:55,090 | [eureka-server,,,] | Eureka-EvictionTimer com.netflix.eureka.registry.AbstractInstanceRegistry | Running the evict task with compensationTime 0ms
INFO | 2018-04-16 15:49:55,091 | [eureka-server,,,] | Eureka-EvictionTimer com.netflix.eureka.registry.AbstractInstanceRegistry | Running the evict task with compensationTime 0ms
INFO | 2018-04-16 16:04:12,142 | [eureka-server,,,] | restartedMain org.springframework.cloud.config.client.ConfigServicePropertySourceLocator | Fetching config from server at: http://localhost:8888
WARN | 2018-04-16 16:04:13,233 | [eureka-server,,,] | restartedMain org.springframework.cloud.config.client.ConfigServicePropertySourceLocator | Could not locate PropertySource: I/O error on GET request for "http://localhost:8888/eureka-server/default": Connection refused: connect; nested exception is java.net.ConnectException: Connection refused: connect
INFO | 2018-04-16 16:04:13,234 | [eureka-server,,,] | restartedMain com.cxgm.eureka.register.ServiceRegistryApplication | No active profile set, falling back to default profiles: default
INFO | 2018-04-16 16:04:13,247 | [eureka-server,,,] | restartedMain org.springframework.boot.context.embedded.AnnotationConfigEmbeddedWebApplicationContext | Refreshing org.springframework.boot.context.embedded.AnnotationConfigEmbeddedWebApplicationContext@5ce56fb2: startup date [Mon Apr 16 16:04:13 CST 2018]; parent: org.springframework.context.annotation.AnnotationConfigApplicationContext@6ec2a61a
INFO | 2018-04-16 16:04:14,459 | [eureka-server,,,] | restartedMain org.springframework.cloud.context.scope.GenericScope | BeanFactory id=4a8c4959-37c8-3091-9ff6-2ae5a65f619d
INFO | 2018-04-16 16:04:14,471 | [eureka-server,,,] | restartedMain org.springframework.beans.factory.annotation.AutowiredAnnotationBeanPostProcessor | JSR-330 'javax.inject.Inject' annotation found and supported for autowiring
INFO | 2018-04-16 16:04:14,526 | [eureka-server,,,] | restartedMain org.springframework.context.support.PostProcessorRegistrationDelegate$BeanPostProcessorChecker | Bean 'org.springframework.cloud.netflix.metrics.MetricsInterceptorConfiguration$MetricsRestTemplateConfiguration' of type [org.springframework.cloud.netflix.metrics.MetricsInterceptorConfiguration$MetricsRestTemplateConfiguration$$EnhancerBySpringCGLIB$$e5b7d3b8] is not eligible for getting processed by all BeanPostProcessors (for example: not eligible for auto-proxying)
INFO | 2018-04-16 16:04:14,533 | [eureka-server,,,] | restartedMain org.springframework.context.support.PostProcessorRegistrationDelegate$BeanPostProcessorChecker | Bean 'org.springframework.cloud.autoconfigure.ConfigurationPropertiesRebinderAutoConfiguration' of type [org.springframework.cloud.autoconfigure.ConfigurationPropertiesRebinderAutoConfiguration$$EnhancerBySpringCGLIB$$cfa53074] is not eligible for getting processed by all BeanPostProcessors (for example: not eligible for auto-proxying)
INFO | 2018-04-16 16:04:15,027 | [eureka-server,,,] | restartedMain org.springframework.boot.context.embedded.tomcat.TomcatEmbeddedServletContainer | Tomcat initialized with port(s): 41201 (http)
INFO | 2018-04-16 16:04:15,039 | [eureka-server,,,] | restartedMain org.apache.catalina.core.StandardService | Starting service [Tomcat]
INFO | 2018-04-16 16:04:15,040 | [eureka-server,,,] | restartedMain org.apache.catalina.core.StandardEngine | Starting Servlet Engine: Apache Tomcat/8.5.23
INFO | 2018-04-16 16:04:15,146 | [eureka-server,,,] | localhost-startStop-1 org.apache.catalina.core.ContainerBase.[Tomcat].[localhost].[/] | Initializing Spring embedded WebApplicationContext
INFO | 2018-04-16 16:04:15,146 | [eureka-server,,,] | localhost-startStop-1 org.springframework.web.context.ContextLoader | Root WebApplicationContext: initialization completed in 1899 ms
INFO | 2018-04-16 16:04:15,851 | [eureka-server,,,] | localhost-startStop-1 org.springframework.boot.web.servlet.FilterRegistrationBean | Mapping filter: 'metricsFilter' to: [/*]
INFO | 2018-04-16 16:04:15,851 | [eureka-server,,,] | localhost-startStop-1 org.springframework.boot.web.servlet.FilterRegistrationBean | Mapping filter: 'characterEncodingFilter' to: [/*]
INFO | 2018-04-16 16:04:15,851 | [eureka-server,,,] | localhost-startStop-1 org.springframework.boot.web.servlet.FilterRegistrationBean | Mapping filter: 'hiddenHttpMethodFilter' to: [/*]
INFO | 2018-04-16 16:04:15,851 | [eureka-server,,,] | localhost-startStop-1 org.springframework.boot.web.servlet.FilterRegistrationBean | Mapping filter: 'httpPutFormContentFilter' to: [/*]
INFO | 2018-04-16 16:04:15,851 | [eureka-server,,,] | localhost-startStop-1 org.springframework.boot.web.servlet.FilterRegistrationBean | Mapping filter: 'requestContextFilter' to: [/*]
INFO | 2018-04-16 16:04:15,852 | [eureka-server,,,] | localhost-startStop-1 org.springframework.boot.web.servlet.FilterRegistrationBean | Mapping filter: 'webRequestTraceFilter' to: [/*]
INFO | 2018-04-16 16:04:15,852 | [eureka-server,,,] | localhost-startStop-1 org.springframework.boot.web.servlet.FilterRegistrationBean | Mapping filter: 'servletContainer' to urls: [/eureka/*]
INFO | 2018-04-16 16:04:15,852 | [eureka-server,,,] | localhost-startStop-1 org.springframework.boot.web.servlet.FilterRegistrationBean | Mapping filter: 'applicationContextIdFilter' to: [/*]
INFO | 2018-04-16 16:04:15,852 | [eureka-server,,,] | localhost-startStop-1 org.springframework.boot.web.servlet.ServletRegistrationBean | Mapping servlet: 'dispatcherServlet' to [/]
INFO | 2018-04-16 16:04:15,940 | [eureka-server,,,] | localhost-startStop-1 com.sun.jersey.server.impl.application.WebApplicationImpl | Initiating Jersey application, version 'Jersey: 1.19.1 03/11/2016 02:08 PM'
INFO | 2018-04-16 16:04:16,001 | [eureka-server,,,] | localhost-startStop-1 com.netflix.discovery.provider.DiscoveryJerseyProvider | Using JSON encoding codec LegacyJacksonJson
INFO | 2018-04-16 16:04:16,001 | [eureka-server,,,] | localhost-startStop-1 com.netflix.discovery.provider.DiscoveryJerseyProvider | Using JSON decoding codec LegacyJacksonJson
INFO | 2018-04-16 16:04:16,128 | [eureka-server,,,] | localhost-startStop-1 com.netflix.discovery.provider.DiscoveryJerseyProvider | Using XML encoding codec XStreamXml
INFO | 2018-04-16 16:04:16,128 | [eureka-server,,,] | localhost-startStop-1 com.netflix.discovery.provider.DiscoveryJerseyProvider | Using XML decoding codec XStreamXml
WARN | 2018-04-16 16:04:16,773 | [eureka-server,,,] | restartedMain com.netflix.config.sources.URLConfigurationSource | No URLs will be polled as dynamic configuration sources.
INFO | 2018-04-16 16:04:16,773 | [eureka-server,,,] | restartedMain com.netflix.config.sources.URLConfigurationSource | To enable URLs as dynamic configuration sources, define System property archaius.configurationSource.additionalUrls or make config.properties available on classpath.
WARN | 2018-04-16 16:04:16,780 | [eureka-server,,,] | restartedMain com.netflix.config.sources.URLConfigurationSource | No URLs will be polled as dynamic configuration sources.
INFO | 2018-04-16 16:04:16,780 | [eureka-server,,,] | restartedMain com.netflix.config.sources.URLConfigurationSource | To enable URLs as dynamic configuration sources, define System property archaius.configurationSource.additionalUrls or make config.properties available on classpath.
INFO | 2018-04-16 16:04:17,024 | [eureka-server,,,] | restartedMain org.springframework.web.servlet.mvc.method.annotation.RequestMappingHandlerAdapter | Looking for @ControllerAdvice: org.springframework.boot.context.embedded.AnnotationConfigEmbeddedWebApplicationContext@5ce56fb2: startup date [Mon Apr 16 16:04:13 CST 2018]; parent: org.springframework.context.annotation.AnnotationConfigApplicationContext@6ec2a61a
INFO | 2018-04-16 16:04:17,135 | [eureka-server,,,] | restartedMain org.springframework.web.servlet.mvc.method.annotation.RequestMappingHandlerMapping | Mapped "{[/error]}" onto public org.springframework.http.ResponseEntity<java.util.Map<java.lang.String, java.lang.Object>> org.springframework.boot.autoconfigure.web.BasicErrorController.error(javax.servlet.http.HttpServletRequest)
INFO | 2018-04-16 16:04:17,137 | [eureka-server,,,] | restartedMain org.springframework.web.servlet.mvc.method.annotation.RequestMappingHandlerMapping | Mapped "{[/error],produces=[text/html]}" onto public org.springframework.web.servlet.ModelAndView org.springframework.boot.autoconfigure.web.BasicErrorController.errorHtml(javax.servlet.http.HttpServletRequest,javax.servlet.http.HttpServletResponse)
INFO | 2018-04-16 16:04:17,141 | [eureka-server,,,] | restartedMain org.springframework.web.servlet.mvc.method.annotation.RequestMappingHandlerMapping | Mapped "{[/],methods=[GET]}" onto public java.lang.String org.springframework.cloud.netflix.eureka.server.EurekaController.status(javax.servlet.http.HttpServletRequest,java.util.Map<java.lang.String, java.lang.Object>)
INFO | 2018-04-16 16:04:17,141 | [eureka-server,,,] | restartedMain org.springframework.web.servlet.mvc.method.annotation.RequestMappingHandlerMapping | Mapped "{[/lastn],methods=[GET]}" onto public java.lang.String org.springframework.cloud.netflix.eureka.server.EurekaController.lastn(javax.servlet.http.HttpServletRequest,java.util.Map<java.lang.String, java.lang.Object>)
INFO | 2018-04-16 16:04:17,182 | [eureka-server,,,] | restartedMain org.springframework.web.servlet.handler.SimpleUrlHandlerMapping | Mapped URL path [/webjars/**] onto handler of type [class org.springframework.web.servlet.resource.ResourceHttpRequestHandler]
INFO | 2018-04-16 16:04:17,182 | [eureka-server,,,] | restartedMain org.springframework.web.servlet.handler.SimpleUrlHandlerMapping | Mapped URL path [/**] onto handler of type [class org.springframework.web.servlet.resource.ResourceHttpRequestHandler]
INFO | 2018-04-16 16:04:17,227 | [eureka-server,,,] | restartedMain org.springframework.web.servlet.handler.SimpleUrlHandlerMapping | Mapped URL path [/**/favicon.ico] onto handler of type [class org.springframework.web.servlet.resource.ResourceHttpRequestHandler]
INFO | 2018-04-16 16:04:17,706 | [eureka-server,,,] | restartedMain org.springframework.boot.actuate.endpoint.mvc.EndpointHandlerMapping | Mapped "{[/env],methods=[POST]}" onto public java.lang.Object org.springframework.cloud.context.environment.EnvironmentManagerMvcEndpoint.value(java.util.Map<java.lang.String, java.lang.String>)
INFO | 2018-04-16 16:04:17,706 | [eureka-server,,,] | restartedMain org.springframework.boot.actuate.endpoint.mvc.EndpointHandlerMapping | Mapped "{[/env/reset],methods=[POST]}" onto public java.util.Map<java.lang.String, java.lang.Object> org.springframework.cloud.context.environment.EnvironmentManagerMvcEndpoint.reset()
INFO | 2018-04-16 16:04:17,707 | [eureka-server,,,] | restartedMain org.springframework.boot.actuate.endpoint.mvc.EndpointHandlerMapping | Mapped "{[/pause || /pause.json],methods=[POST]}" onto public java.lang.Object org.springframework.cloud.endpoint.GenericPostableMvcEndpoint.invoke()
INFO | 2018-04-16 16:04:17,708 | [eureka-server,,,] | restartedMain org.springframework.boot.actuate.endpoint.mvc.EndpointHandlerMapping | Mapped "{[/mappings || /mappings.json],methods=[GET],produces=[application/vnd.spring-boot.actuator.v1+json || application/json]}" onto public java.lang.Object org.springframework.boot.actuate.endpoint.mvc.EndpointMvcAdapter.invoke()
INFO | 2018-04-16 16:04:17,708 | [eureka-server,,,] | restartedMain org.springframework.boot.actuate.endpoint.mvc.EndpointHandlerMapping | Mapped "{[/trace || /trace.json],methods=[GET],produces=[application/vnd.spring-boot.actuator.v1+json || application/json]}" onto public java.lang.Object org.springframework.boot.actuate.endpoint.mvc.EndpointMvcAdapter.invoke()
INFO | 2018-04-16 16:04:17,709 | [eureka-server,,,] | restartedMain org.springframework.boot.actuate.endpoint.mvc.EndpointHandlerMapping | Mapped "{[/service-registry/instance-status],methods=[GET]}" onto public org.springframework.http.ResponseEntity org.springframework.cloud.client.serviceregistry.endpoint.ServiceRegistryEndpoint.getStatus()
INFO | 2018-04-16 16:04:17,709 | [eureka-server,,,] | restartedMain org.springframework.boot.actuate.endpoint.mvc.EndpointHandlerMapping | Mapped "{[/service-registry/instance-status],methods=[POST]}" onto public org.springframework.http.ResponseEntity<?> org.springframework.cloud.client.serviceregistry.endpoint.ServiceRegistryEndpoint.setStatus(java.lang.String)
INFO | 2018-04-16 16:04:17,709 | [eureka-server,,,] | restartedMain org.springframework.boot.actuate.endpoint.mvc.EndpointHandlerMapping | Mapped "{[/configprops || /configprops.json],methods=[GET],produces=[application/vnd.spring-boot.actuator.v1+json || application/json]}" onto public java.lang.Object org.springframework.boot.actuate.endpoint.mvc.EndpointMvcAdapter.invoke()
INFO | 2018-04-16 16:04:17,710 | [eureka-server,,,] | restartedMain org.springframework.boot.actuate.endpoint.mvc.EndpointHandlerMapping | Mapped "{[/metrics/{name:.*}],methods=[GET],produces=[application/vnd.spring-boot.actuator.v1+json || application/json]}" onto public java.lang.Object org.springframework.boot.actuate.endpoint.mvc.MetricsMvcEndpoint.value(java.lang.String)
INFO | 2018-04-16 16:04:17,710 | [eureka-server,,,] | restartedMain org.springframework.boot.actuate.endpoint.mvc.EndpointHandlerMapping | Mapped "{[/metrics || /metrics.json],methods=[GET],produces=[application/vnd.spring-boot.actuator.v1+json || application/json]}" onto public java.lang.Object org.springframework.boot.actuate.endpoint.mvc.EndpointMvcAdapter.invoke()
INFO | 2018-04-16 16:04:17,710 | [eureka-server,,,] | restartedMain org.springframework.boot.actuate.endpoint.mvc.EndpointHandlerMapping | Mapped "{[/refresh || /refresh.json],methods=[POST]}" onto public java.lang.Object org.springframework.cloud.endpoint.GenericPostableMvcEndpoint.invoke()
INFO | 2018-04-16 16:04:17,710 | [eureka-server,,,] | restartedMain org.springframework.boot.actuate.endpoint.mvc.EndpointHandlerMapping | Mapped "{[/dump || /dump.json],methods=[GET],produces=[application/vnd.spring-boot.actuator.v1+json || application/json]}" onto public java.lang.Object org.springframework.boot.actuate.endpoint.mvc.EndpointMvcAdapter.invoke()
INFO | 2018-04-16 16:04:17,711 | [eureka-server,,,] | restartedMain org.springframework.boot.actuate.endpoint.mvc.EndpointHandlerMapping | Mapped "{[/restart || /restart.json],methods=[POST]}" onto public java.lang.Object org.springframework.cloud.context.restart.RestartMvcEndpoint.invoke()
INFO | 2018-04-16 16:04:17,713 | [eureka-server,,,] | restartedMain org.springframework.boot.actuate.endpoint.mvc.EndpointHandlerMapping | Mapped "{[/health || /health.json],methods=[GET],produces=[application/vnd.spring-boot.actuator.v1+json || application/json]}" onto public java.lang.Object org.springframework.boot.actuate.endpoint.mvc.HealthMvcEndpoint.invoke(javax.servlet.http.HttpServletRequest,java.security.Principal)
INFO | 2018-04-16 16:04:17,714 | [eureka-server,,,] | restartedMain org.springframework.boot.actuate.endpoint.mvc.EndpointHandlerMapping | Mapped "{[/resume || /resume.json],methods=[POST]}" onto public java.lang.Object org.springframework.cloud.endpoint.GenericPostableMvcEndpoint.invoke()
INFO | 2018-04-16 16:04:17,714 | [eureka-server,,,] | restartedMain org.springframework.boot.actuate.endpoint.mvc.EndpointHandlerMapping | Mapped "{[/beans || /beans.json],methods=[GET],produces=[application/vnd.spring-boot.actuator.v1+json || application/json]}" onto public java.lang.Object org.springframework.boot.actuate.endpoint.mvc.EndpointMvcAdapter.invoke()
INFO | 2018-04-16 16:04:17,715 | [eureka-server,,,] | restartedMain org.springframework.boot.actuate.endpoint.mvc.EndpointHandlerMapping | Mapped "{[/archaius || /archaius.json],methods=[GET],produces=[application/vnd.spring-boot.actuator.v1+json || application/json]}" onto public java.lang.Object org.springframework.boot.actuate.endpoint.mvc.EndpointMvcAdapter.invoke()
INFO | 2018-04-16 16:04:17,716 | [eureka-server,,,] | restartedMain org.springframework.boot.actuate.endpoint.mvc.EndpointHandlerMapping | Mapped "{[/autoconfig || /autoconfig.json],methods=[GET],produces=[application/vnd.spring-boot.actuator.v1+json || application/json]}" onto public java.lang.Object org.springframework.boot.actuate.endpoint.mvc.EndpointMvcAdapter.invoke()
INFO | 2018-04-16 16:04:17,716 | [eureka-server,,,] | restartedMain org.springframework.boot.actuate.endpoint.mvc.EndpointHandlerMapping | Mapped "{[/auditevents || /auditevents.json],methods=[GET],produces=[application/vnd.spring-boot.actuator.v1+json || application/json]}" onto public org.springframework.http.ResponseEntity<?> org.springframework.boot.actuate.endpoint.mvc.AuditEventsMvcEndpoint.findByPrincipalAndAfterAndType(java.lang.String,java.util.Date,java.lang.String)
INFO | 2018-04-16 16:04:17,717 | [eureka-server,,,] | restartedMain org.springframework.boot.actuate.endpoint.mvc.EndpointHandlerMapping | Mapped "{[/env/{name:.*}],methods=[GET],produces=[application/vnd.spring-boot.actuator.v1+json || application/json]}" onto public java.lang.Object org.springframework.boot.actuate.endpoint.mvc.EnvironmentMvcEndpoint.value(java.lang.String)
INFO | 2018-04-16 16:04:17,717 | [eureka-server,,,] | restartedMain org.springframework.boot.actuate.endpoint.mvc.EndpointHandlerMapping | Mapped "{[/env || /env.json],methods=[GET],produces=[application/vnd.spring-boot.actuator.v1+json || application/json]}" onto public java.lang.Object org.springframework.boot.actuate.endpoint.mvc.EndpointMvcAdapter.invoke()
INFO | 2018-04-16 16:04:17,718 | [eureka-server,,,] | restartedMain org.springframework.boot.actuate.endpoint.mvc.EndpointHandlerMapping | Mapped "{[/features || /features.json],methods=[GET],produces=[application/vnd.spring-boot.actuator.v1+json || application/json]}" onto public java.lang.Object org.springframework.boot.actuate.endpoint.mvc.EndpointMvcAdapter.invoke()
INFO | 2018-04-16 16:04:17,719 | [eureka-server,,,] | restartedMain org.springframework.boot.actuate.endpoint.mvc.EndpointHandlerMapping | Mapped "{[/loggers/{name:.*}],methods=[GET],produces=[application/vnd.spring-boot.actuator.v1+json || application/json]}" onto public java.lang.Object org.springframework.boot.actuate.endpoint.mvc.LoggersMvcEndpoint.get(java.lang.String)
INFO | 2018-04-16 16:04:17,719 | [eureka-server,,,] | restartedMain org.springframework.boot.actuate.endpoint.mvc.EndpointHandlerMapping | Mapped "{[/loggers/{name:.*}],methods=[POST],consumes=[application/vnd.spring-boot.actuator.v1+json || application/json],produces=[application/vnd.spring-boot.actuator.v1+json || application/json]}" onto public java.lang.Object org.springframework.boot.actuate.endpoint.mvc.LoggersMvcEndpoint.set(java.lang.String,java.util.Map<java.lang.String, java.lang.String>)
INFO | 2018-04-16 16:04:17,719 | [eureka-server,,,] | restartedMain org.springframework.boot.actuate.endpoint.mvc.EndpointHandlerMapping | Mapped "{[/loggers || /loggers.json],methods=[GET],produces=[application/vnd.spring-boot.actuator.v1+json || application/json]}" onto public java.lang.Object org.springframework.boot.actuate.endpoint.mvc.EndpointMvcAdapter.invoke()
INFO | 2018-04-16 16:04:17,720 | [eureka-server,,,] | restartedMain org.springframework.boot.actuate.endpoint.mvc.EndpointHandlerMapping | Mapped "{[/info || /info.json],methods=[GET],produces=[application/vnd.spring-boot.actuator.v1+json || application/json]}" onto public java.lang.Object org.springframework.boot.actuate.endpoint.mvc.EndpointMvcAdapter.invoke()
INFO | 2018-04-16 16:04:17,720 | [eureka-server,,,] | restartedMain org.springframework.boot.actuate.endpoint.mvc.EndpointHandlerMapping | Mapped "{[/heapdump || /heapdump.json],methods=[GET],produces=[application/octet-stream]}" onto public void org.springframework.boot.actuate.endpoint.mvc.HeapdumpMvcEndpoint.invoke(boolean,javax.servlet.http.HttpServletRequest,javax.servlet.http.HttpServletResponse) throws java.io.IOException,javax.servlet.ServletException
INFO | 2018-04-16 16:04:17,822 | [eureka-server,,,] | restartedMain org.springframework.ui.freemarker.SpringTemplateLoader | SpringTemplateLoader for FreeMarker: using resource loader [org.springframework.boot.context.embedded.AnnotationConfigEmbeddedWebApplicationContext@5ce56fb2: startup date [Mon Apr 16 16:04:13 CST 2018]; parent: org.springframework.context.annotation.AnnotationConfigApplicationContext@6ec2a61a] and template loader path [classpath:/templates/]
INFO | 2018-04-16 16:04:17,823 | [eureka-server,,,] | restartedMain org.springframework.web.servlet.view.freemarker.FreeMarkerConfigurer | ClassTemplateLoader for Spring macros added to FreeMarker configuration
INFO | 2018-04-16 16:04:17,886 | [eureka-server,,,] | restartedMain org.springframework.boot.devtools.autoconfigure.OptionalLiveReloadServer | LiveReload server is running on port 35729
INFO | 2018-04-16 16:04:17,984 | [eureka-server,,,] | restartedMain org.springframework.cloud.netflix.eureka.InstanceInfoFactory | Setting initial instance status as: STARTING
INFO | 2018-04-16 16:04:18,026 | [eureka-server,,,] | restartedMain com.netflix.discovery.DiscoveryClient | Initializing Eureka in region us-east-1
INFO | 2018-04-16 16:04:18,026 | [eureka-server,,,] | restartedMain com.netflix.discovery.DiscoveryClient | Client configured to neither register nor query for data.
INFO | 2018-04-16 16:04:18,035 | [eureka-server,,,] | restartedMain com.netflix.discovery.DiscoveryClient | Discovery Client initialized at timestamp 1523865858035 with initial instances count: 0
INFO | 2018-04-16 16:04:18,108 | [eureka-server,,,] | restartedMain com.netflix.eureka.DefaultEurekaServerContext | Initializing ...
WARN | 2018-04-16 16:04:18,111 | [eureka-server,,,] | restartedMain com.netflix.eureka.cluster.PeerEurekaNodes | The replica size seems to be empty. Check the route 53 DNS Registry
INFO | 2018-04-16 16:04:18,127 | [eureka-server,,,] | restartedMain com.netflix.eureka.registry.AbstractInstanceRegistry | Finished initializing remote region registries. All known remote regions: []
INFO | 2018-04-16 16:04:18,127 | [eureka-server,,,] | restartedMain com.netflix.eureka.DefaultEurekaServerContext | Initialized
INFO | 2018-04-16 16:04:18,192 | [eureka-server,,,] | restartedMain org.springframework.jmx.export.annotation.AnnotationMBeanExporter | Registering beans for JMX exposure on startup
INFO | 2018-04-16 16:04:18,200 | [eureka-server,,,] | restartedMain org.springframework.jmx.export.annotation.AnnotationMBeanExporter | Bean with name 'environmentManager' has been autodetected for JMX exposure
INFO | 2018-04-16 16:04:18,201 | [eureka-server,,,] | restartedMain org.springframework.jmx.export.annotation.AnnotationMBeanExporter | Bean with name 'configurationPropertiesRebinder' has been autodetected for JMX exposure
INFO | 2018-04-16 16:04:18,202 | [eureka-server,,,] | restartedMain org.springframework.jmx.export.annotation.AnnotationMBeanExporter | Bean with name 'refreshEndpoint' has been autodetected for JMX exposure
INFO | 2018-04-16 16:04:18,202 | [eureka-server,,,] | restartedMain org.springframework.jmx.export.annotation.AnnotationMBeanExporter | Bean with name 'restartEndpoint' has been autodetected for JMX exposure
INFO | 2018-04-16 16:04:18,203 | [eureka-server,,,] | restartedMain org.springframework.jmx.export.annotation.AnnotationMBeanExporter | Bean with name 'serviceRegistryEndpoint' has been autodetected for JMX exposure
INFO | 2018-04-16 16:04:18,204 | [eureka-server,,,] | restartedMain org.springframework.jmx.export.annotation.AnnotationMBeanExporter | Bean with name 'refreshScope' has been autodetected for JMX exposure
INFO | 2018-04-16 16:04:18,206 | [eureka-server,,,] | restartedMain org.springframework.jmx.export.annotation.AnnotationMBeanExporter | Located managed bean 'environmentManager': registering with JMX server as MBean [org.springframework.cloud.context.environment:name=environmentManager,type=EnvironmentManager]
INFO | 2018-04-16 16:04:18,216 | [eureka-server,,,] | restartedMain org.springframework.jmx.export.annotation.AnnotationMBeanExporter | Located managed bean 'restartEndpoint': registering with JMX server as MBean [org.springframework.cloud.context.restart:name=restartEndpoint,type=RestartEndpoint]
INFO | 2018-04-16 16:04:18,224 | [eureka-server,,,] | restartedMain org.springframework.jmx.export.annotation.AnnotationMBeanExporter | Located managed bean 'serviceRegistryEndpoint': registering with JMX server as MBean [org.springframework.cloud.client.serviceregistry.endpoint:name=serviceRegistryEndpoint,type=ServiceRegistryEndpoint]
INFO | 2018-04-16 16:04:18,229 | [eureka-server,,,] | restartedMain org.springframework.jmx.export.annotation.AnnotationMBeanExporter | Located managed bean 'refreshScope': registering with JMX server as MBean [org.springframework.cloud.context.scope.refresh:name=refreshScope,type=RefreshScope]
INFO | 2018-04-16 16:04:18,240 | [eureka-server,,,] | restartedMain org.springframework.jmx.export.annotation.AnnotationMBeanExporter | Located managed bean 'configurationPropertiesRebinder': registering with JMX server as MBean [org.springframework.cloud.context.properties:name=configurationPropertiesRebinder,context=5ce56fb2,type=ConfigurationPropertiesRebinder]
INFO | 2018-04-16 16:04:18,245 | [eureka-server,,,] | restartedMain org.springframework.jmx.export.annotation.AnnotationMBeanExporter | Located managed bean 'refreshEndpoint': registering with JMX server as MBean [org.springframework.cloud.endpoint:name=refreshEndpoint,type=RefreshEndpoint]
INFO | 2018-04-16 16:04:18,246 | [eureka-server,,,] | restartedMain org.springframework.boot.actuate.endpoint.jmx.EndpointMBeanExporter | Registering beans for JMX exposure on startup
INFO | 2018-04-16 16:04:18,447 | [eureka-server,,,] | restartedMain org.springframework.context.support.DefaultLifecycleProcessor | Starting beans in phase 0
INFO | 2018-04-16 16:04:18,447 | [eureka-server,,,] | restartedMain org.springframework.cloud.netflix.eureka.serviceregistry.EurekaServiceRegistry | Registering application eureka-server with eureka with status UP
INFO | 2018-04-16 16:04:18,451 | [eureka-server,,,] | restartedMain org.springframework.boot.actuate.endpoint.jmx.EndpointMBeanExporter | Located managed bean 'auditEventsEndpoint': registering with JMX server as MBean [org.springframework.boot:type=Endpoint,name=auditEventsEndpoint]
INFO | 2018-04-16 16:04:18,457 | [eureka-server,,,] | restartedMain org.springframework.boot.actuate.endpoint.jmx.EndpointMBeanExporter | Located managed bean 'archaiusEndpoint': registering with JMX server as MBean [org.springframework.boot:type=Endpoint,name=archaiusEndpoint]
INFO | 2018-04-16 16:04:18,462 | [eureka-server,,,] | restartedMain org.springframework.boot.actuate.endpoint.jmx.EndpointMBeanExporter | Located managed bean 'featuresEndpoint': registering with JMX server as MBean [org.springframework.boot:type=Endpoint,name=featuresEndpoint]
INFO | 2018-04-16 16:04:18,464 | [eureka-server,,,] | restartedMain org.springframework.boot.actuate.endpoint.jmx.EndpointMBeanExporter | Located managed bean 'requestMappingEndpoint': registering with JMX server as MBean [org.springframework.boot:type=Endpoint,name=requestMappingEndpoint]
INFO | 2018-04-16 16:04:18,466 | [eureka-server,,,] | restartedMain org.springframework.boot.actuate.endpoint.jmx.EndpointMBeanExporter | Located managed bean 'environmentEndpoint': registering with JMX server as MBean [org.springframework.boot:type=Endpoint,name=environmentEndpoint]
INFO | 2018-04-16 16:04:18,468 | [eureka-server,,,] | restartedMain org.springframework.boot.actuate.endpoint.jmx.EndpointMBeanExporter | Located managed bean 'healthEndpoint': registering with JMX server as MBean [org.springframework.boot:type=Endpoint,name=healthEndpoint]
INFO | 2018-04-16 16:04:18,470 | [eureka-server,,,] | restartedMain org.springframework.boot.actuate.endpoint.jmx.EndpointMBeanExporter | Located managed bean 'beansEndpoint': registering with JMX server as MBean [org.springframework.boot:type=Endpoint,name=beansEndpoint]
INFO | 2018-04-16 16:04:18,471 | [eureka-server,,,] | restartedMain org.springframework.boot.actuate.endpoint.jmx.EndpointMBeanExporter | Located managed bean 'infoEndpoint': registering with JMX server as MBean [org.springframework.boot:type=Endpoint,name=infoEndpoint]
INFO | 2018-04-16 16:04:18,473 | [eureka-server,,,] | restartedMain org.springframework.boot.actuate.endpoint.jmx.EndpointMBeanExporter | Located managed bean 'loggersEndpoint': registering with JMX server as MBean [org.springframework.boot:type=Endpoint,name=loggersEndpoint]
INFO | 2018-04-16 16:04:18,477 | [eureka-server,,,] | restartedMain org.springframework.boot.actuate.endpoint.jmx.EndpointMBeanExporter | Located managed bean 'metricsEndpoint': registering with JMX server as MBean [org.springframework.boot:type=Endpoint,name=metricsEndpoint]
INFO | 2018-04-16 16:04:18,479 | [eureka-server,,,] | restartedMain org.springframework.boot.actuate.endpoint.jmx.EndpointMBeanExporter | Located managed bean 'traceEndpoint': registering with JMX server as MBean [org.springframework.boot:type=Endpoint,name=traceEndpoint]
INFO | 2018-04-16 16:04:18,481 | [eureka-server,,,] | restartedMain org.springframework.boot.actuate.endpoint.jmx.EndpointMBeanExporter | Located managed bean 'dumpEndpoint': registering with JMX server as MBean [org.springframework.boot:type=Endpoint,name=dumpEndpoint]
INFO | 2018-04-16 16:04:18,483 | [eureka-server,,,] | restartedMain org.springframework.boot.actuate.endpoint.jmx.EndpointMBeanExporter | Located managed bean 'autoConfigurationReportEndpoint': registering with JMX server as MBean [org.springframework.boot:type=Endpoint,name=autoConfigurationReportEndpoint]
INFO | 2018-04-16 16:04:18,485 | [eureka-server,,,] | restartedMain org.springframework.boot.actuate.endpoint.jmx.EndpointMBeanExporter | Located managed bean 'configurationPropertiesReportEndpoint': registering with JMX server as MBean [org.springframework.boot:type=Endpoint,name=configurationPropertiesReportEndpoint]
INFO | 2018-04-16 16:04:18,487 | [eureka-server,,,] | Thread-20 org.springframework.cloud.netflix.eureka.server.EurekaServerBootstrap | Setting the eureka configuration..
INFO | 2018-04-16 16:04:18,487 | [eureka-server,,,] | Thread-20 org.springframework.cloud.netflix.eureka.server.EurekaServerBootstrap | Eureka data center value eureka.datacenter is not set, defaulting to default
INFO | 2018-04-16 16:04:18,487 | [eureka-server,,,] | Thread-20 org.springframework.cloud.netflix.eureka.server.EurekaServerBootstrap | Eureka environment value eureka.environment is not set, defaulting to test
INFO | 2018-04-16 16:04:18,500 | [eureka-server,,,] | Thread-20 org.springframework.cloud.netflix.eureka.server.EurekaServerBootstrap | isAws returned false
INFO | 2018-04-16 16:04:18,501 | [eureka-server,,,] | Thread-20 org.springframework.cloud.netflix.eureka.server.EurekaServerBootstrap | Initialized server context
INFO | 2018-04-16 16:04:18,501 | [eureka-server,,,] | Thread-20 com.netflix.eureka.registry.PeerAwareInstanceRegistryImpl | Got 1 instances from neighboring DS node
INFO | 2018-04-16 16:04:18,501 | [eureka-server,,,] | Thread-20 com.netflix.eureka.registry.PeerAwareInstanceRegistryImpl | Renew threshold is: 1
INFO | 2018-04-16 16:04:18,501 | [eureka-server,,,] | Thread-20 com.netflix.eureka.registry.PeerAwareInstanceRegistryImpl | Changing status to UP
INFO | 2018-04-16 16:04:18,507 | [eureka-server,,,] | restartedMain org.apache.coyote.http11.Http11NioProtocol | Initializing ProtocolHandler ["http-nio-41201"]
INFO | 2018-04-16 16:04:18,508 | [eureka-server,,,] | Thread-20 org.springframework.cloud.netflix.eureka.server.EurekaServerInitializerConfiguration | Started Eureka Server
INFO | 2018-04-16 16:04:18,517 | [eureka-server,,,] | restartedMain org.apache.coyote.http11.Http11NioProtocol | Starting ProtocolHandler ["http-nio-41201"]
INFO | 2018-04-16 16:04:18,526 | [eureka-server,,,] | restartedMain org.apache.tomcat.util.net.NioSelectorPool | Using a shared selector for servlet write/read
INFO | 2018-04-16 16:04:18,545 | [eureka-server,,,] | restartedMain org.springframework.boot.context.embedded.tomcat.TomcatEmbeddedServletContainer | Tomcat started on port(s): 41201 (http)
INFO | 2018-04-16 16:04:18,546 | [eureka-server,,,] | restartedMain org.springframework.cloud.netflix.eureka.serviceregistry.EurekaAutoServiceRegistration | Updating port to 41201
INFO | 2018-04-16 16:04:18,549 | [eureka-server,,,] | restartedMain com.cxgm.eureka.register.ServiceRegistryApplication | Started ServiceRegistryApplication in 7.814 seconds (JVM running for 8.395)
INFO | 2018-04-16 16:04:18,549 | [eureka-server,,,] | restartedMain com.cxgm.eureka.register.ServiceRegistryApplication | ServiceRegistryApplication started
INFO | 2018-04-16 16:05:18,503 | [eureka-server,,,] | Eureka-EvictionTimer com.netflix.eureka.registry.AbstractInstanceRegistry | Running the evict task with compensationTime 0ms
INFO | 2018-04-16 16:06:18,503 | [eureka-server,,,] | Eureka-EvictionTimer com.netflix.eureka.registry.AbstractInstanceRegistry | Running the evict task with compensationTime 0ms
INFO | 2018-04-16 16:07:18,504 | [eureka-server,,,] | Eureka-EvictionTimer com.netflix.eureka.registry.AbstractInstanceRegistry | Running the evict task with compensationTime 0ms
INFO | 2018-04-16 16:08:18,505 | [eureka-server,,,] | Eureka-EvictionTimer com.netflix.eureka.registry.AbstractInstanceRegistry | Running the evict task with compensationTime 0ms
INFO | 2018-04-16 16:09:18,505 | [eureka-server,,,] | Eureka-EvictionTimer com.netflix.eureka.registry.AbstractInstanceRegistry | Running the evict task with compensationTime 0ms
INFO | 2018-04-16 16:10:18,506 | [eureka-server,,,] | Eureka-EvictionTimer com.netflix.eureka.registry.AbstractInstanceRegistry | Running the evict task with compensationTime 0ms
INFO | 2018-04-16 16:11:18,507 | [eureka-server,,,] | Eureka-EvictionTimer com.netflix.eureka.registry.AbstractInstanceRegistry | Running the evict task with compensationTime 0ms
INFO | 2018-04-16 16:12:18,507 | [eureka-server,,,] | Eureka-EvictionTimer com.netflix.eureka.registry.AbstractInstanceRegistry | Running the evict task with compensationTime 0ms
INFO | 2018-04-16 16:13:18,508 | [eureka-server,,,] | Eureka-EvictionTimer com.netflix.eureka.registry.AbstractInstanceRegistry | Running the evict task with compensationTime 0ms
WARN | 2018-04-16 16:14:18,113 | [eureka-server,,,] | Eureka-PeerNodesUpdater com.netflix.eureka.cluster.PeerEurekaNodes | The replica size seems to be empty. Check the route 53 DNS Registry
INFO | 2018-04-16 16:14:18,508 | [eureka-server,,,] | Eureka-EvictionTimer com.netflix.eureka.registry.AbstractInstanceRegistry | Running the evict task with compensationTime 0ms
INFO | 2018-04-16 16:15:18,509 | [eureka-server,,,] | Eureka-EvictionTimer com.netflix.eureka.registry.AbstractInstanceRegistry | Running the evict task with compensationTime 0ms
INFO | 2018-04-16 16:16:18,510 | [eureka-server,,,] | Eureka-EvictionTimer com.netflix.eureka.registry.AbstractInstanceRegistry | Running the evict task with compensationTime 0ms
INFO | 2018-04-16 16:17:18,511 | [eureka-server,,,] | Eureka-EvictionTimer com.netflix.eureka.registry.AbstractInstanceRegistry | Running the evict task with compensationTime 0ms
INFO | 2018-04-16 16:18:18,511 | [eureka-server,,,] | Eureka-EvictionTimer com.netflix.eureka.registry.AbstractInstanceRegistry | Running the evict task with compensationTime 0ms
INFO | 2018-04-16 16:19:18,127 | [eureka-server,,,] | ReplicaAwareInstanceRegistry - RenewalThresholdUpdater com.netflix.eureka.registry.PeerAwareInstanceRegistryImpl | Current renewal threshold is : 0
INFO | 2018-04-16 16:19:18,512 | [eureka-server,,,] | Eureka-EvictionTimer com.netflix.eureka.registry.AbstractInstanceRegistry | Running the evict task with compensationTime 0ms
INFO | 2018-04-16 16:20:18,513 | [eureka-server,,,] | Eureka-EvictionTimer com.netflix.eureka.registry.AbstractInstanceRegistry | Running the evict task with compensationTime 0ms
INFO | 2018-04-16 16:21:18,513 | [eureka-server,,,] | Eureka-EvictionTimer com.netflix.eureka.registry.AbstractInstanceRegistry | Running the evict task with compensationTime 0ms
INFO | 2018-04-16 16:22:18,514 | [eureka-server,,,] | Eureka-EvictionTimer com.netflix.eureka.registry.AbstractInstanceRegistry | Running the evict task with compensationTime 0ms
INFO | 2018-04-16 16:23:18,514 | [eureka-server,,,] | Eureka-EvictionTimer com.netflix.eureka.registry.AbstractInstanceRegistry | Running the evict task with compensationTime 0ms
WARN | 2018-04-16 16:24:18,115 | [eureka-server,,,] | Eureka-PeerNodesUpdater com.netflix.eureka.cluster.PeerEurekaNodes | The replica size seems to be empty. Check the route 53 DNS Registry
INFO | 2018-04-16 16:24:18,515 | [eureka-server,,,] | Eureka-EvictionTimer com.netflix.eureka.registry.AbstractInstanceRegistry | Running the evict task with compensationTime 0ms
INFO | 2018-04-16 16:25:18,516 | [eureka-server,,,] | Eureka-EvictionTimer com.netflix.eureka.registry.AbstractInstanceRegistry | Running the evict task with compensationTime 0ms
INFO | 2018-04-16 16:26:18,516 | [eureka-server,,,] | Eureka-EvictionTimer com.netflix.eureka.registry.AbstractInstanceRegistry | Running the evict task with compensationTime 0ms
INFO | 2018-04-16 16:27:18,517 | [eureka-server,,,] | Eureka-EvictionTimer com.netflix.eureka.registry.AbstractInstanceRegistry | Running the evict task with compensationTime 0ms
INFO | 2018-04-16 16:28:18,518 | [eureka-server,,,] | Eureka-EvictionTimer com.netflix.eureka.registry.AbstractInstanceRegistry | Running the evict task with compensationTime 0ms
INFO | 2018-04-16 16:29:18,519 | [eureka-server,,,] | Eureka-EvictionTimer com.netflix.eureka.registry.AbstractInstanceRegistry | Running the evict task with compensationTime 0ms
INFO | 2018-04-16 16:30:18,520 | [eureka-server,,,] | Eureka-EvictionTimer com.netflix.eureka.registry.AbstractInstanceRegistry | Running the evict task with compensationTime 0ms
INFO | 2018-04-16 16:31:18,520 | [eureka-server,,,] | Eureka-EvictionTimer com.netflix.eureka.registry.AbstractInstanceRegistry | Running the evict task with compensationTime 0ms
INFO | 2018-04-16 16:32:18,520 | [eureka-server,,,] | Eureka-EvictionTimer com.netflix.eureka.registry.AbstractInstanceRegistry | Running the evict task with compensationTime 0ms
INFO | 2018-04-16 16:33:18,521 | [eureka-server,,,] | Eureka-EvictionTimer com.netflix.eureka.registry.AbstractInstanceRegistry | Running the evict task with compensationTime 0ms
WARN | 2018-04-16 16:34:18,116 | [eureka-server,,,] | Eureka-PeerNodesUpdater com.netflix.eureka.cluster.PeerEurekaNodes | The replica size seems to be empty. Check the route 53 DNS Registry
INFO | 2018-04-16 16:34:18,128 | [eureka-server,,,] | ReplicaAwareInstanceRegistry - RenewalThresholdUpdater com.netflix.eureka.registry.PeerAwareInstanceRegistryImpl | Current renewal threshold is : 0
INFO | 2018-04-16 16:34:18,522 | [eureka-server,,,] | Eureka-EvictionTimer com.netflix.eureka.registry.AbstractInstanceRegistry | Running the evict task with compensationTime 0ms
INFO | 2018-04-16 16:35:18,522 | [eureka-server,,,] | Eureka-EvictionTimer com.netflix.eureka.registry.AbstractInstanceRegistry | Running the evict task with compensationTime 0ms
INFO | 2018-04-16 16:36:18,522 | [eureka-server,,,] | Eureka-EvictionTimer com.netflix.eureka.registry.AbstractInstanceRegistry | Running the evict task with compensationTime 0ms
INFO | 2018-04-16 16:37:18,523 | [eureka-server,,,] | Eureka-EvictionTimer com.netflix.eureka.registry.AbstractInstanceRegistry | Running the evict task with compensationTime 0ms
INFO | 2018-04-16 16:38:18,524 | [eureka-server,,,] | Eureka-EvictionTimer com.netflix.eureka.registry.AbstractInstanceRegistry | Running the evict task with compensationTime 0ms
INFO | 2018-04-16 16:39:18,524 | [eureka-server,,,] | Eureka-EvictionTimer com.netflix.eureka.registry.AbstractInstanceRegistry | Running the evict task with compensationTime 0ms
INFO | 2018-04-16 16:40:18,525 | [eureka-server,,,] | Eureka-EvictionTimer com.netflix.eureka.registry.AbstractInstanceRegistry | Running the evict task with compensationTime 0ms
INFO | 2018-04-16 16:41:18,525 | [eureka-server,,,] | Eureka-EvictionTimer com.netflix.eureka.registry.AbstractInstanceRegistry | Running the evict task with compensationTime 0ms
