INFO | 2018-03-23 15:35:31,771 | [zuul-server,,,] | restartedMain org.springframework.context.annotation.AnnotationConfigApplicationContext | Refreshing org.springframework.context.annotation.AnnotationConfigApplicationContext@5156cff5: startup date [Fri Mar 23 15:35:31 CST 2018]; root of context hierarchy
INFO | 2018-03-23 15:35:32,036 | [zuul-server,,,] | background-preinit org.hibernate.validator.internal.util.Version | HV000001: Hibernate Validator 5.3.6.Final
INFO | 2018-03-23 15:35:32,059 | [zuul-server,,,] | restartedMain org.springframework.beans.factory.annotation.AutowiredAnnotationBeanPostProcessor | JSR-330 'javax.inject.Inject' annotation found and supported for autowiring
INFO | 2018-03-23 15:35:32,104 | [zuul-server,,,] | restartedMain org.springframework.context.support.PostProcessorRegistrationDelegate$BeanPostProcessorChecker | Bean 'configurationPropertiesRebinderAutoConfiguration' of type [org.springframework.cloud.autoconfigure.ConfigurationPropertiesRebinderAutoConfiguration$$EnhancerBySpringCGLIB$$23d3727a] is not eligible for getting processed by all BeanPostProcessors (for example: not eligible for auto-proxying)
INFO | 2018-03-23 15:35:32,795 | [zuul-server,,,] | restartedMain org.springframework.cloud.config.client.ConfigServicePropertySourceLocator | Fetching config from server at: http://39.107.24.27:41203
INFO | 2018-03-23 15:35:33,158 | [zuul-server,,,] | restartedMain org.springframework.cloud.config.client.ConfigServicePropertySourceLocator | Located environment: name=zuul-server, profiles=[prd], label=master, version=null, state=null
INFO | 2018-03-23 15:35:33,158 | [zuul-server,,,] | restartedMain org.springframework.cloud.bootstrap.config.PropertySourceBootstrapConfiguration | Located property source: CompositePropertySource [name='configService', propertySources=[]]
INFO | 2018-03-23 15:35:33,210 | [zuul-server,,,] | restartedMain com.cxgm.ZuulApplication | The following profiles are active: sit
INFO | 2018-03-23 15:35:33,233 | [zuul-server,,,] | restartedMain org.springframework.boot.context.embedded.AnnotationConfigEmbeddedWebApplicationContext | Refreshing org.springframework.boot.context.embedded.AnnotationConfigEmbeddedWebApplicationContext@218a2931: startup date [Fri Mar 23 15:35:33 CST 2018]; parent: org.springframework.context.annotation.AnnotationConfigApplicationContext@5156cff5
INFO | 2018-03-23 15:35:34,378 | [zuul-server,,,] | restartedMain org.springframework.beans.factory.support.DefaultListableBeanFactory | Overriding bean definition for bean 'counterFactory' with a different definition: replacing [Root bean: class [null]; scope=; abstract=false; lazyInit=false; autowireMode=3; dependencyCheck=0; autowireCandidate=true; primary=false; factoryBeanName=org.springframework.cloud.netflix.zuul.ZuulServerAutoConfiguration$ZuulMetricsConfiguration; factoryMethodName=counterFactory; initMethodName=null; destroyMethodName=(inferred); defined in class path resource [org/springframework/cloud/netflix/zuul/ZuulServerAutoConfiguration$ZuulMetricsConfiguration.class]] with [Root bean: class [null]; scope=; abstract=false; lazyInit=false; autowireMode=3; dependencyCheck=0; autowireCandidate=true; primary=false; factoryBeanName=org.springframework.cloud.netflix.zuul.ZuulServerAutoConfiguration$ZuulCounterFactoryConfiguration; factoryMethodName=counterFactory; initMethodName=null; destroyMethodName=(inferred); defined in class path resource [org/springframework/cloud/netflix/zuul/ZuulServerAutoConfiguration$ZuulCounterFactoryConfiguration.class]]
INFO | 2018-03-23 15:35:34,611 | [zuul-server,,,] | restartedMain org.springframework.cloud.context.scope.GenericScope | BeanFactory id=ef05f6b6-67dc-3150-b216-8efb0709c73c
INFO | 2018-03-23 15:35:34,622 | [zuul-server,,,] | restartedMain org.springframework.beans.factory.annotation.AutowiredAnnotationBeanPostProcessor | JSR-330 'javax.inject.Inject' annotation found and supported for autowiring
INFO | 2018-03-23 15:35:34,752 | [zuul-server,,,] | restartedMain org.springframework.context.support.PostProcessorRegistrationDelegate$BeanPostProcessorChecker | Bean 'org.springframework.cloud.netflix.metrics.MetricsInterceptorConfiguration$MetricsRestTemplateConfiguration' of type [org.springframework.cloud.netflix.metrics.MetricsInterceptorConfiguration$MetricsRestTemplateConfiguration$$EnhancerBySpringCGLIB$$39e615be] is not eligible for getting processed by all BeanPostProcessors (for example: not eligible for auto-proxying)
INFO | 2018-03-23 15:35:34,908 | [zuul-server,,,] | restartedMain org.springframework.context.support.PostProcessorRegistrationDelegate$BeanPostProcessorChecker | Bean 'org.springframework.cloud.autoconfigure.ConfigurationPropertiesRebinderAutoConfiguration' of type [org.springframework.cloud.autoconfigure.ConfigurationPropertiesRebinderAutoConfiguration$$EnhancerBySpringCGLIB$$23d3727a] is not eligible for getting processed by all BeanPostProcessors (for example: not eligible for auto-proxying)
INFO | 2018-03-23 15:35:35,567 | [zuul-server,,,] | restartedMain org.springframework.boot.context.embedded.tomcat.TomcatEmbeddedServletContainer | Tomcat initialized with port(s): 41200 (http)
INFO | 2018-03-23 15:35:35,580 | [zuul-server,,,] | restartedMain org.apache.catalina.core.StandardService | Starting service [Tomcat]
INFO | 2018-03-23 15:35:35,581 | [zuul-server,,,] | restartedMain org.apache.catalina.core.StandardEngine | Starting Servlet Engine: Apache Tomcat/8.5.23
INFO | 2018-03-23 15:35:35,693 | [zuul-server,,,] | localhost-startStop-1 org.apache.catalina.core.ContainerBase.[Tomcat].[localhost].[/] | Initializing Spring embedded WebApplicationContext
INFO | 2018-03-23 15:35:35,693 | [zuul-server,,,] | localhost-startStop-1 org.springframework.web.context.ContextLoader | Root WebApplicationContext: initialization completed in 2460 ms
INFO | 2018-03-23 15:35:36,455 | [zuul-server,,,] | localhost-startStop-1 org.springframework.boot.web.servlet.ServletRegistrationBean | Mapping servlet: 'dispatcherServlet' to [/]
INFO | 2018-03-23 15:35:36,457 | [zuul-server,,,] | localhost-startStop-1 org.springframework.boot.web.servlet.ServletRegistrationBean | Mapping servlet: 'zuulServlet' to [/zuul/*]
INFO | 2018-03-23 15:35:36,461 | [zuul-server,,,] | localhost-startStop-1 org.springframework.boot.web.servlet.FilterRegistrationBean | Mapping filter: 'metricsFilter' to: [/*]
INFO | 2018-03-23 15:35:36,461 | [zuul-server,,,] | localhost-startStop-1 org.springframework.boot.web.servlet.FilterRegistrationBean | Mapping filter: 'characterEncodingFilter' to: [/*]
INFO | 2018-03-23 15:35:36,462 | [zuul-server,,,] | localhost-startStop-1 org.springframework.boot.web.servlet.FilterRegistrationBean | Mapping filter: 'hiddenHttpMethodFilter' to: [/*]
INFO | 2018-03-23 15:35:36,462 | [zuul-server,,,] | localhost-startStop-1 org.springframework.boot.web.servlet.FilterRegistrationBean | Mapping filter: 'httpPutFormContentFilter' to: [/*]
INFO | 2018-03-23 15:35:36,462 | [zuul-server,,,] | localhost-startStop-1 org.springframework.boot.web.servlet.FilterRegistrationBean | Mapping filter: 'requestContextFilter' to: [/*]
INFO | 2018-03-23 15:35:36,462 | [zuul-server,,,] | localhost-startStop-1 org.springframework.boot.web.servlet.FilterRegistrationBean | Mapping filter: 'webRequestLoggingFilter' to: [/*]
INFO | 2018-03-23 15:35:36,462 | [zuul-server,,,] | localhost-startStop-1 org.springframework.boot.web.servlet.FilterRegistrationBean | Mapping filter: 'applicationContextIdFilter' to: [/*]
WARN | 2018-03-23 15:35:36,625 | [zuul-server,,,] | restartedMain com.netflix.config.sources.URLConfigurationSource | No URLs will be polled as dynamic configuration sources.
INFO | 2018-03-23 15:35:36,625 | [zuul-server,,,] | restartedMain com.netflix.config.sources.URLConfigurationSource | To enable URLs as dynamic configuration sources, define System property archaius.configurationSource.additionalUrls or make config.properties available on classpath.
INFO | 2018-03-23 15:35:36,636 | [zuul-server,,,] | restartedMain com.netflix.config.DynamicPropertyFactory | DynamicPropertyFactory is initialized with configuration sources: com.netflix.config.ConcurrentCompositeConfiguration@952af1b
WARN | 2018-03-23 15:35:36,864 | [zuul-server,,,] | restartedMain com.netflix.config.sources.URLConfigurationSource | No URLs will be polled as dynamic configuration sources.
INFO | 2018-03-23 15:35:36,864 | [zuul-server,,,] | restartedMain com.netflix.config.sources.URLConfigurationSource | To enable URLs as dynamic configuration sources, define System property archaius.configurationSource.additionalUrls or make config.properties available on classpath.
INFO | 2018-03-23 15:35:37,186 | [zuul-server,,,] | restartedMain org.springframework.web.servlet.mvc.method.annotation.RequestMappingHandlerAdapter | Looking for @ControllerAdvice: org.springframework.boot.context.embedded.AnnotationConfigEmbeddedWebApplicationContext@218a2931: startup date [Fri Mar 23 15:35:33 CST 2018]; parent: org.springframework.context.annotation.AnnotationConfigApplicationContext@5156cff5
INFO | 2018-03-23 15:35:37,315 | [zuul-server,,,] | restartedMain org.springframework.web.servlet.mvc.method.annotation.RequestMappingHandlerMapping | Mapped "{[/error]}" onto public org.springframework.http.ResponseEntity<java.util.Map<java.lang.String, java.lang.Object>> org.springframework.boot.autoconfigure.web.BasicErrorController.error(javax.servlet.http.HttpServletRequest)
INFO | 2018-03-23 15:35:37,316 | [zuul-server,,,] | restartedMain org.springframework.web.servlet.mvc.method.annotation.RequestMappingHandlerMapping | Mapped "{[/error],produces=[text/html]}" onto public org.springframework.web.servlet.ModelAndView org.springframework.boot.autoconfigure.web.BasicErrorController.errorHtml(javax.servlet.http.HttpServletRequest,javax.servlet.http.HttpServletResponse)
INFO | 2018-03-23 15:35:37,372 | [zuul-server,,,] | restartedMain org.springframework.web.servlet.handler.SimpleUrlHandlerMapping | Mapped URL path [/webjars/**] onto handler of type [class org.springframework.web.servlet.resource.ResourceHttpRequestHandler]
INFO | 2018-03-23 15:35:37,372 | [zuul-server,,,] | restartedMain org.springframework.web.servlet.handler.SimpleUrlHandlerMapping | Mapped URL path [/**] onto handler of type [class org.springframework.web.servlet.resource.ResourceHttpRequestHandler]
INFO | 2018-03-23 15:35:37,434 | [zuul-server,,,] | restartedMain org.springframework.web.servlet.handler.SimpleUrlHandlerMapping | Mapped URL path [/**/favicon.ico] onto handler of type [class org.springframework.web.servlet.resource.ResourceHttpRequestHandler]
INFO | 2018-03-23 15:35:38,265 | [zuul-server,,,] | restartedMain org.springframework.boot.actuate.endpoint.mvc.EndpointHandlerMapping | Mapped "{[/info || /info.json],methods=[GET],produces=[application/vnd.spring-boot.actuator.v1+json || application/json]}" onto public java.lang.Object org.springframework.boot.actuate.endpoint.mvc.EndpointMvcAdapter.invoke()
INFO | 2018-03-23 15:35:38,265 | [zuul-server,,,] | restartedMain org.springframework.boot.actuate.endpoint.mvc.EndpointHandlerMapping | Mapped "{[/trace || /trace.json],methods=[GET],produces=[application/vnd.spring-boot.actuator.v1+json || application/json]}" onto public java.lang.Object org.springframework.boot.actuate.endpoint.mvc.EndpointMvcAdapter.invoke()
INFO | 2018-03-23 15:35:38,266 | [zuul-server,,,] | restartedMain org.springframework.boot.actuate.endpoint.mvc.EndpointHandlerMapping | Mapped "{[/resume || /resume.json],methods=[POST]}" onto public java.lang.Object org.springframework.cloud.endpoint.GenericPostableMvcEndpoint.invoke()
INFO | 2018-03-23 15:35:38,266 | [zuul-server,,,] | restartedMain org.springframework.boot.actuate.endpoint.mvc.EndpointHandlerMapping | Mapped "{[/hystrix.stream/**]}" onto public org.springframework.web.servlet.ModelAndView org.springframework.cloud.netflix.endpoint.ServletWrappingEndpoint.handle(javax.servlet.http.HttpServletRequest,javax.servlet.http.HttpServletResponse) throws java.lang.Exception
INFO | 2018-03-23 15:35:38,266 | [zuul-server,,,] | restartedMain org.springframework.boot.actuate.endpoint.mvc.EndpointHandlerMapping | Mapped "{[/service-registry/instance-status],methods=[GET]}" onto public org.springframework.http.ResponseEntity org.springframework.cloud.client.serviceregistry.endpoint.ServiceRegistryEndpoint.getStatus()
INFO | 2018-03-23 15:35:38,267 | [zuul-server,,,] | restartedMain org.springframework.boot.actuate.endpoint.mvc.EndpointHandlerMapping | Mapped "{[/service-registry/instance-status],methods=[POST]}" onto public org.springframework.http.ResponseEntity<?> org.springframework.cloud.client.serviceregistry.endpoint.ServiceRegistryEndpoint.setStatus(java.lang.String)
INFO | 2018-03-23 15:35:38,268 | [zuul-server,,,] | restartedMain org.springframework.boot.actuate.endpoint.mvc.EndpointHandlerMapping | Mapped "{[/features || /features.json],methods=[GET],produces=[application/vnd.spring-boot.actuator.v1+json || application/json]}" onto public java.lang.Object org.springframework.boot.actuate.endpoint.mvc.EndpointMvcAdapter.invoke()
INFO | 2018-03-23 15:35:38,268 | [zuul-server,,,] | restartedMain org.springframework.boot.actuate.endpoint.mvc.EndpointHandlerMapping | Mapped "{[/restart || /restart.json],methods=[POST]}" onto public java.lang.Object org.springframework.cloud.context.restart.RestartMvcEndpoint.invoke()
INFO | 2018-03-23 15:35:38,269 | [zuul-server,,,] | restartedMain org.springframework.boot.actuate.endpoint.mvc.EndpointHandlerMapping | Mapped "{[/env],methods=[POST]}" onto public java.lang.Object org.springframework.cloud.context.environment.EnvironmentManagerMvcEndpoint.value(java.util.Map<java.lang.String, java.lang.String>)
INFO | 2018-03-23 15:35:38,269 | [zuul-server,,,] | restartedMain org.springframework.boot.actuate.endpoint.mvc.EndpointHandlerMapping | Mapped "{[/env/reset],methods=[POST]}" onto public java.util.Map<java.lang.String, java.lang.Object> org.springframework.cloud.context.environment.EnvironmentManagerMvcEndpoint.reset()
INFO | 2018-03-23 15:35:38,270 | [zuul-server,,,] | restartedMain org.springframework.boot.actuate.endpoint.mvc.EndpointHandlerMapping | Mapped "{[/env/{name:.*}],methods=[GET],produces=[application/vnd.spring-boot.actuator.v1+json || application/json]}" onto public java.lang.Object org.springframework.boot.actuate.endpoint.mvc.EnvironmentMvcEndpoint.value(java.lang.String)
INFO | 2018-03-23 15:35:38,270 | [zuul-server,,,] | restartedMain org.springframework.boot.actuate.endpoint.mvc.EndpointHandlerMapping | Mapped "{[/env || /env.json],methods=[GET],produces=[application/vnd.spring-boot.actuator.v1+json || application/json]}" onto public java.lang.Object org.springframework.boot.actuate.endpoint.mvc.EndpointMvcAdapter.invoke()
INFO | 2018-03-23 15:35:38,272 | [zuul-server,,,] | restartedMain org.springframework.boot.actuate.endpoint.mvc.EndpointHandlerMapping | Mapped "{[/heapdump || /heapdump.json],methods=[GET],produces=[application/octet-stream]}" onto public void org.springframework.boot.actuate.endpoint.mvc.HeapdumpMvcEndpoint.invoke(boolean,javax.servlet.http.HttpServletRequest,javax.servlet.http.HttpServletResponse) throws java.io.IOException,javax.servlet.ServletException
INFO | 2018-03-23 15:35:38,273 | [zuul-server,,,] | restartedMain org.springframework.boot.actuate.endpoint.mvc.EndpointHandlerMapping | Mapped "{[/beans || /beans.json],methods=[GET],produces=[application/vnd.spring-boot.actuator.v1+json || application/json]}" onto public java.lang.Object org.springframework.boot.actuate.endpoint.mvc.EndpointMvcAdapter.invoke()
INFO | 2018-03-23 15:35:38,273 | [zuul-server,,,] | restartedMain org.springframework.boot.actuate.endpoint.mvc.EndpointHandlerMapping | Mapped "{[/configprops || /configprops.json],methods=[GET],produces=[application/vnd.spring-boot.actuator.v1+json || application/json]}" onto public java.lang.Object org.springframework.boot.actuate.endpoint.mvc.EndpointMvcAdapter.invoke()
INFO | 2018-03-23 15:35:38,275 | [zuul-server,,,] | restartedMain org.springframework.boot.actuate.endpoint.mvc.EndpointHandlerMapping | Mapped "{[/mappings || /mappings.json],methods=[GET],produces=[application/vnd.spring-boot.actuator.v1+json || application/json]}" onto public java.lang.Object org.springframework.boot.actuate.endpoint.mvc.EndpointMvcAdapter.invoke()
INFO | 2018-03-23 15:35:38,276 | [zuul-server,,,] | restartedMain org.springframework.boot.actuate.endpoint.mvc.EndpointHandlerMapping | Mapped "{[/loggers/{name:.*}],methods=[GET],produces=[application/vnd.spring-boot.actuator.v1+json || application/json]}" onto public java.lang.Object org.springframework.boot.actuate.endpoint.mvc.LoggersMvcEndpoint.get(java.lang.String)
INFO | 2018-03-23 15:35:38,277 | [zuul-server,,,] | restartedMain org.springframework.boot.actuate.endpoint.mvc.EndpointHandlerMapping | Mapped "{[/loggers/{name:.*}],methods=[POST],consumes=[application/vnd.spring-boot.actuator.v1+json || application/json],produces=[application/vnd.spring-boot.actuator.v1+json || application/json]}" onto public java.lang.Object org.springframework.boot.actuate.endpoint.mvc.LoggersMvcEndpoint.set(java.lang.String,java.util.Map<java.lang.String, java.lang.String>)
INFO | 2018-03-23 15:35:38,277 | [zuul-server,,,] | restartedMain org.springframework.boot.actuate.endpoint.mvc.EndpointHandlerMapping | Mapped "{[/loggers || /loggers.json],methods=[GET],produces=[application/vnd.spring-boot.actuator.v1+json || application/json]}" onto public java.lang.Object org.springframework.boot.actuate.endpoint.mvc.EndpointMvcAdapter.invoke()
INFO | 2018-03-23 15:35:38,278 | [zuul-server,,,] | restartedMain org.springframework.boot.actuate.endpoint.mvc.EndpointHandlerMapping | Mapped "{[/auditevents || /auditevents.json],methods=[GET],produces=[application/vnd.spring-boot.actuator.v1+json || application/json]}" onto public org.springframework.http.ResponseEntity<?> org.springframework.boot.actuate.endpoint.mvc.AuditEventsMvcEndpoint.findByPrincipalAndAfterAndType(java.lang.String,java.util.Date,java.lang.String)
INFO | 2018-03-23 15:35:38,280 | [zuul-server,,,] | restartedMain org.springframework.boot.actuate.endpoint.mvc.EndpointHandlerMapping | Mapped "{[/refresh || /refresh.json],methods=[POST]}" onto public java.lang.Object org.springframework.cloud.endpoint.GenericPostableMvcEndpoint.invoke()
INFO | 2018-03-23 15:35:38,280 | [zuul-server,,,] | restartedMain org.springframework.boot.actuate.endpoint.mvc.EndpointHandlerMapping | Mapped "{[/metrics/{name:.*}],methods=[GET],produces=[application/vnd.spring-boot.actuator.v1+json || application/json]}" onto public java.lang.Object org.springframework.boot.actuate.endpoint.mvc.MetricsMvcEndpoint.value(java.lang.String)
INFO | 2018-03-23 15:35:38,281 | [zuul-server,,,] | restartedMain org.springframework.boot.actuate.endpoint.mvc.EndpointHandlerMapping | Mapped "{[/metrics || /metrics.json],methods=[GET],produces=[application/vnd.spring-boot.actuator.v1+json || application/json]}" onto public java.lang.Object org.springframework.boot.actuate.endpoint.mvc.EndpointMvcAdapter.invoke()
INFO | 2018-03-23 15:35:38,281 | [zuul-server,,,] | restartedMain org.springframework.boot.actuate.endpoint.mvc.EndpointHandlerMapping | Mapped "{[/dump || /dump.json],methods=[GET],produces=[application/vnd.spring-boot.actuator.v1+json || application/json]}" onto public java.lang.Object org.springframework.boot.actuate.endpoint.mvc.EndpointMvcAdapter.invoke()
INFO | 2018-03-23 15:35:38,282 | [zuul-server,,,] | restartedMain org.springframework.boot.actuate.endpoint.mvc.EndpointHandlerMapping | Mapped "{[/routes || /routes.json],methods=[POST]}" onto public java.lang.Object org.springframework.cloud.netflix.zuul.RoutesMvcEndpoint.reset()
INFO | 2018-03-23 15:35:38,282 | [zuul-server,,,] | restartedMain org.springframework.boot.actuate.endpoint.mvc.EndpointHandlerMapping | Mapped "{[/routes || /routes.json],methods=[GET],produces=[application/vnd.spring-boot.actuator.v1+json || application/json]}" onto public java.lang.Object org.springframework.boot.actuate.endpoint.mvc.EndpointMvcAdapter.invoke()
INFO | 2018-03-23 15:35:38,283 | [zuul-server,,,] | restartedMain org.springframework.boot.actuate.endpoint.mvc.EndpointHandlerMapping | Mapped "{[/autoconfig || /autoconfig.json],methods=[GET],produces=[application/vnd.spring-boot.actuator.v1+json || application/json]}" onto public java.lang.Object org.springframework.boot.actuate.endpoint.mvc.EndpointMvcAdapter.invoke()
INFO | 2018-03-23 15:35:38,283 | [zuul-server,,,] | restartedMain org.springframework.boot.actuate.endpoint.mvc.EndpointHandlerMapping | Mapped "{[/pause || /pause.json],methods=[POST]}" onto public java.lang.Object org.springframework.cloud.endpoint.GenericPostableMvcEndpoint.invoke()
INFO | 2018-03-23 15:35:38,283 | [zuul-server,,,] | restartedMain org.springframework.boot.actuate.endpoint.mvc.EndpointHandlerMapping | Mapped "{[/archaius || /archaius.json],methods=[GET],produces=[application/vnd.spring-boot.actuator.v1+json || application/json]}" onto public java.lang.Object org.springframework.boot.actuate.endpoint.mvc.EndpointMvcAdapter.invoke()
INFO | 2018-03-23 15:35:38,284 | [zuul-server,,,] | restartedMain org.springframework.boot.actuate.endpoint.mvc.EndpointHandlerMapping | Mapped "{[/health || /health.json],methods=[GET],produces=[application/vnd.spring-boot.actuator.v1+json || application/json]}" onto public java.lang.Object org.springframework.boot.actuate.endpoint.mvc.HealthMvcEndpoint.invoke(javax.servlet.http.HttpServletRequest,java.security.Principal)
WARN | 2018-03-23 15:35:38,435 | [zuul-server,,,] | restartedMain org.springframework.boot.devtools.autoconfigure.OptionalLiveReloadServer | Unable to start LiveReload server
INFO | 2018-03-23 15:35:38,971 | [zuul-server,,,] | restartedMain org.springframework.cloud.netflix.zuul.ZuulFilterInitializer | Starting filter initializer
INFO | 2018-03-23 15:35:39,202 | [zuul-server,,,] | restartedMain org.springframework.jmx.export.annotation.AnnotationMBeanExporter | Registering beans for JMX exposure on startup
INFO | 2018-03-23 15:35:39,212 | [zuul-server,,,] | restartedMain org.springframework.jmx.export.annotation.AnnotationMBeanExporter | Bean with name 'environmentManager' has been autodetected for JMX exposure
INFO | 2018-03-23 15:35:39,213 | [zuul-server,,,] | restartedMain org.springframework.jmx.export.annotation.AnnotationMBeanExporter | Bean with name 'configurationPropertiesRebinder' has been autodetected for JMX exposure
INFO | 2018-03-23 15:35:39,213 | [zuul-server,,,] | restartedMain org.springframework.jmx.export.annotation.AnnotationMBeanExporter | Bean with name 'refreshEndpoint' has been autodetected for JMX exposure
INFO | 2018-03-23 15:35:39,213 | [zuul-server,,,] | restartedMain org.springframework.jmx.export.annotation.AnnotationMBeanExporter | Bean with name 'restartEndpoint' has been autodetected for JMX exposure
INFO | 2018-03-23 15:35:39,214 | [zuul-server,,,] | restartedMain org.springframework.jmx.export.annotation.AnnotationMBeanExporter | Bean with name 'serviceRegistryEndpoint' has been autodetected for JMX exposure
INFO | 2018-03-23 15:35:39,215 | [zuul-server,,,] | restartedMain org.springframework.jmx.export.annotation.AnnotationMBeanExporter | Bean with name 'zuulEndpoint' has been autodetected for JMX exposure
INFO | 2018-03-23 15:35:39,216 | [zuul-server,,,] | restartedMain org.springframework.jmx.export.annotation.AnnotationMBeanExporter | Bean with name 'zuulMvcEndpoint' has been autodetected for JMX exposure
INFO | 2018-03-23 15:35:39,216 | [zuul-server,,,] | restartedMain org.springframework.jmx.export.annotation.AnnotationMBeanExporter | Bean with name 'refreshScope' has been autodetected for JMX exposure
INFO | 2018-03-23 15:35:39,219 | [zuul-server,,,] | restartedMain org.springframework.jmx.export.annotation.AnnotationMBeanExporter | Located managed bean 'environmentManager': registering with JMX server as MBean [org.springframework.cloud.context.environment:name=environmentManager,type=EnvironmentManager]
INFO | 2018-03-23 15:35:39,230 | [zuul-server,,,] | restartedMain org.springframework.jmx.export.annotation.AnnotationMBeanExporter | Located managed bean 'zuulMvcEndpoint': registering with JMX server as MBean [org.springframework.cloud.netflix.zuul:name=zuulMvcEndpoint,type=RoutesMvcEndpoint]
INFO | 2018-03-23 15:35:39,240 | [zuul-server,,,] | restartedMain org.springframework.jmx.export.annotation.AnnotationMBeanExporter | Located managed bean 'restartEndpoint': registering with JMX server as MBean [org.springframework.cloud.context.restart:name=restartEndpoint,type=RestartEndpoint]
INFO | 2018-03-23 15:35:39,257 | [zuul-server,,,] | restartedMain org.springframework.jmx.export.annotation.AnnotationMBeanExporter | Located managed bean 'serviceRegistryEndpoint': registering with JMX server as MBean [org.springframework.cloud.client.serviceregistry.endpoint:name=serviceRegistryEndpoint,type=ServiceRegistryEndpoint]
INFO | 2018-03-23 15:35:39,262 | [zuul-server,,,] | restartedMain org.springframework.jmx.export.annotation.AnnotationMBeanExporter | Located managed bean 'refreshScope': registering with JMX server as MBean [org.springframework.cloud.context.scope.refresh:name=refreshScope,type=RefreshScope]
INFO | 2018-03-23 15:35:39,274 | [zuul-server,,,] | restartedMain org.springframework.jmx.export.annotation.AnnotationMBeanExporter | Located managed bean 'zuulEndpoint': registering with JMX server as MBean [org.springframework.cloud.netflix.zuul:name=zuulEndpoint,type=RoutesEndpoint]
WARN | 2018-03-23 15:35:39,275 | [zuul-server,,,] | restartedMain org.springframework.jmx.export.annotation.AnnotationMBeanExporter | Bean with key 'zuulEndpoint' has been registered as an MBean but has no exposed attributes or operations
INFO | 2018-03-23 15:35:39,276 | [zuul-server,,,] | restartedMain org.springframework.jmx.export.annotation.AnnotationMBeanExporter | Located managed bean 'configurationPropertiesRebinder': registering with JMX server as MBean [org.springframework.cloud.context.properties:name=configurationPropertiesRebinder,context=218a2931,type=ConfigurationPropertiesRebinder]
INFO | 2018-03-23 15:35:39,281 | [zuul-server,,,] | restartedMain org.springframework.jmx.export.annotation.AnnotationMBeanExporter | Located managed bean 'refreshEndpoint': registering with JMX server as MBean [org.springframework.cloud.endpoint:name=refreshEndpoint,type=RefreshEndpoint]
INFO | 2018-03-23 15:35:39,282 | [zuul-server,,,] | restartedMain org.springframework.boot.actuate.endpoint.jmx.EndpointMBeanExporter | Registering beans for JMX exposure on startup
INFO | 2018-03-23 15:35:39,479 | [zuul-server,,,] | restartedMain org.springframework.context.support.DefaultLifecycleProcessor | Starting beans in phase 0
INFO | 2018-03-23 15:35:39,488 | [zuul-server,,,] | restartedMain org.springframework.cloud.netflix.eureka.InstanceInfoFactory | Setting initial instance status as: STARTING
INFO | 2018-03-23 15:35:39,530 | [zuul-server,,,] | restartedMain com.netflix.discovery.DiscoveryClient | Initializing Eureka in region us-east-1
INFO | 2018-03-23 15:35:39,595 | [zuul-server,,,] | restartedMain com.netflix.discovery.provider.DiscoveryJerseyProvider | Using JSON encoding codec LegacyJacksonJson
INFO | 2018-03-23 15:35:39,595 | [zuul-server,,,] | restartedMain com.netflix.discovery.provider.DiscoveryJerseyProvider | Using JSON decoding codec LegacyJacksonJson
INFO | 2018-03-23 15:35:39,717 | [zuul-server,,,] | restartedMain com.netflix.discovery.provider.DiscoveryJerseyProvider | Using XML encoding codec XStreamXml
INFO | 2018-03-23 15:35:39,717 | [zuul-server,,,] | restartedMain com.netflix.discovery.provider.DiscoveryJerseyProvider | Using XML decoding codec XStreamXml
INFO | 2018-03-23 15:35:39,958 | [zuul-server,,,] | restartedMain com.netflix.discovery.shared.resolver.aws.ConfigClusterResolver | Resolving eureka endpoints via configuration
INFO | 2018-03-23 15:35:40,081 | [zuul-server,,,] | restartedMain com.netflix.discovery.DiscoveryClient | Disable delta property : false
INFO | 2018-03-23 15:35:40,082 | [zuul-server,,,] | restartedMain com.netflix.discovery.DiscoveryClient | Single vip registry refresh property : null
INFO | 2018-03-23 15:35:40,082 | [zuul-server,,,] | restartedMain com.netflix.discovery.DiscoveryClient | Force full registry fetch : false
INFO | 2018-03-23 15:35:40,082 | [zuul-server,,,] | restartedMain com.netflix.discovery.DiscoveryClient | Application is null : false
INFO | 2018-03-23 15:35:40,082 | [zuul-server,,,] | restartedMain com.netflix.discovery.DiscoveryClient | Registered Applications size is zero : true
INFO | 2018-03-23 15:35:40,082 | [zuul-server,,,] | restartedMain com.netflix.discovery.DiscoveryClient | Application version is -1: true
INFO | 2018-03-23 15:35:40,082 | [zuul-server,,,] | restartedMain com.netflix.discovery.DiscoveryClient | Getting all instance registry info from the eureka server
INFO | 2018-03-23 15:35:40,217 | [zuul-server,,,] | restartedMain com.netflix.discovery.DiscoveryClient | The response status is 200
INFO | 2018-03-23 15:35:40,219 | [zuul-server,,,] | restartedMain com.netflix.discovery.DiscoveryClient | Starting heartbeat executor: renew interval is: 30
INFO | 2018-03-23 15:35:40,223 | [zuul-server,,,] | restartedMain com.netflix.discovery.InstanceInfoReplicator | InstanceInfoReplicator onDemand update allowed rate per min is 4
INFO | 2018-03-23 15:35:40,226 | [zuul-server,,,] | restartedMain com.netflix.discovery.DiscoveryClient | Discovery Client initialized at timestamp 1521790540226 with initial instances count: 9
INFO | 2018-03-23 15:35:40,266 | [zuul-server,,,] | restartedMain org.springframework.cloud.netflix.eureka.serviceregistry.EurekaServiceRegistry | Registering application zuul-server with eureka with status UP
INFO | 2018-03-23 15:35:40,267 | [zuul-server,,,] | restartedMain com.netflix.discovery.DiscoveryClient | Saw local status change event StatusChangeEvent [timestamp=1521790540267, current=UP, previous=STARTING]
INFO | 2018-03-23 15:35:40,269 | [zuul-server,,,] | DiscoveryClient-InstanceInfoReplicator-0 com.netflix.discovery.DiscoveryClient | DiscoveryClient_ZUUL-SERVER/192.168.10.56:41200: registering service...
INFO | 2018-03-23 15:35:40,275 | [zuul-server,,,] | restartedMain org.springframework.boot.actuate.endpoint.jmx.EndpointMBeanExporter | Located managed bean 'auditEventsEndpoint': registering with JMX server as MBean [org.springframework.boot:type=Endpoint,name=auditEventsEndpoint]
INFO | 2018-03-23 15:35:40,286 | [zuul-server,,,] | restartedMain org.springframework.boot.actuate.endpoint.jmx.EndpointMBeanExporter | Located managed bean 'archaiusEndpoint': registering with JMX server as MBean [org.springframework.boot:type=Endpoint,name=archaiusEndpoint]
INFO | 2018-03-23 15:35:40,297 | [zuul-server,,,] | restartedMain org.springframework.boot.actuate.endpoint.jmx.EndpointMBeanExporter | Located managed bean 'featuresEndpoint': registering with JMX server as MBean [org.springframework.boot:type=Endpoint,name=featuresEndpoint]
INFO | 2018-03-23 15:35:40,300 | [zuul-server,,,] | restartedMain org.springframework.boot.actuate.endpoint.jmx.EndpointMBeanExporter | Located managed bean 'requestMappingEndpoint': registering with JMX server as MBean [org.springframework.boot:type=Endpoint,name=requestMappingEndpoint]
INFO | 2018-03-23 15:35:40,303 | [zuul-server,,,] | restartedMain org.springframework.boot.actuate.endpoint.jmx.EndpointMBeanExporter | Located managed bean 'environmentEndpoint': registering with JMX server as MBean [org.springframework.boot:type=Endpoint,name=environmentEndpoint]
INFO | 2018-03-23 15:35:40,306 | [zuul-server,,,] | restartedMain org.springframework.boot.actuate.endpoint.jmx.EndpointMBeanExporter | Located managed bean 'healthEndpoint': registering with JMX server as MBean [org.springframework.boot:type=Endpoint,name=healthEndpoint]
INFO | 2018-03-23 15:35:40,308 | [zuul-server,,,] | restartedMain org.springframework.boot.actuate.endpoint.jmx.EndpointMBeanExporter | Located managed bean 'beansEndpoint': registering with JMX server as MBean [org.springframework.boot:type=Endpoint,name=beansEndpoint]
INFO | 2018-03-23 15:35:40,311 | [zuul-server,,,] | restartedMain org.springframework.boot.actuate.endpoint.jmx.EndpointMBeanExporter | Located managed bean 'infoEndpoint': registering with JMX server as MBean [org.springframework.boot:type=Endpoint,name=infoEndpoint]
INFO | 2018-03-23 15:35:40,314 | [zuul-server,,,] | restartedMain org.springframework.boot.actuate.endpoint.jmx.EndpointMBeanExporter | Located managed bean 'loggersEndpoint': registering with JMX server as MBean [org.springframework.boot:type=Endpoint,name=loggersEndpoint]
INFO | 2018-03-23 15:35:40,318 | [zuul-server,,,] | DiscoveryClient-InstanceInfoReplicator-0 com.netflix.discovery.DiscoveryClient | DiscoveryClient_ZUUL-SERVER/192.168.10.56:41200 - registration status: 204
INFO | 2018-03-23 15:35:40,321 | [zuul-server,,,] | restartedMain org.springframework.boot.actuate.endpoint.jmx.EndpointMBeanExporter | Located managed bean 'metricsEndpoint': registering with JMX server as MBean [org.springframework.boot:type=Endpoint,name=metricsEndpoint]
INFO | 2018-03-23 15:35:40,324 | [zuul-server,,,] | restartedMain org.springframework.boot.actuate.endpoint.jmx.EndpointMBeanExporter | Located managed bean 'traceEndpoint': registering with JMX server as MBean [org.springframework.boot:type=Endpoint,name=traceEndpoint]
INFO | 2018-03-23 15:35:40,326 | [zuul-server,,,] | restartedMain org.springframework.boot.actuate.endpoint.jmx.EndpointMBeanExporter | Located managed bean 'dumpEndpoint': registering with JMX server as MBean [org.springframework.boot:type=Endpoint,name=dumpEndpoint]
INFO | 2018-03-23 15:35:40,329 | [zuul-server,,,] | restartedMain org.springframework.boot.actuate.endpoint.jmx.EndpointMBeanExporter | Located managed bean 'autoConfigurationReportEndpoint': registering with JMX server as MBean [org.springframework.boot:type=Endpoint,name=autoConfigurationReportEndpoint]
INFO | 2018-03-23 15:35:40,331 | [zuul-server,,,] | restartedMain org.springframework.boot.actuate.endpoint.jmx.EndpointMBeanExporter | Located managed bean 'configurationPropertiesReportEndpoint': registering with JMX server as MBean [org.springframework.boot:type=Endpoint,name=configurationPropertiesReportEndpoint]
INFO | 2018-03-23 15:35:40,333 | [zuul-server,,,] | restartedMain org.springframework.context.support.DefaultLifecycleProcessor | Starting beans in phase 2147483647
INFO | 2018-03-23 15:35:40,339 | [zuul-server,,,] | restartedMain org.springframework.cloud.netflix.hystrix.HystrixCircuitBreakerConfiguration$HystrixMetricsPollerConfiguration | Starting poller
INFO | 2018-03-23 15:35:40,368 | [zuul-server,,,] | restartedMain org.apache.coyote.http11.Http11NioProtocol | Initializing ProtocolHandler ["http-nio-41200"]
INFO | 2018-03-23 15:35:40,384 | [zuul-server,,,] | restartedMain org.apache.coyote.http11.Http11NioProtocol | Starting ProtocolHandler ["http-nio-41200"]
INFO | 2018-03-23 15:35:40,397 | [zuul-server,,,] | restartedMain org.apache.tomcat.util.net.NioSelectorPool | Using a shared selector for servlet write/read
INFO | 2018-03-23 15:35:40,420 | [zuul-server,,,] | restartedMain org.springframework.boot.context.embedded.tomcat.TomcatEmbeddedServletContainer | Tomcat started on port(s): 41200 (http)
INFO | 2018-03-23 15:35:40,420 | [zuul-server,,,] | restartedMain org.springframework.cloud.netflix.eureka.serviceregistry.EurekaAutoServiceRegistration | Updating port to 41200
INFO | 2018-03-23 15:35:40,426 | [zuul-server,,,] | restartedMain com.cxgm.ZuulApplication | Started ZuulApplication in 9.246 seconds (JVM running for 9.997)
INFO | 2018-03-23 15:40:40,089 | [zuul-server,,,] | AsyncResolver-bootstrap-executor-0 com.netflix.discovery.shared.resolver.aws.ConfigClusterResolver | Resolving eureka endpoints via configuration
INFO | 2018-03-23 15:45:41,276 | [zuul-server,,,] | restartedMain org.springframework.context.annotation.AnnotationConfigApplicationContext | Refreshing org.springframework.context.annotation.AnnotationConfigApplicationContext@6ecb91f6: startup date [Fri Mar 23 15:45:41 CST 2018]; root of context hierarchy
INFO | 2018-03-23 15:45:41,494 | [zuul-server,,,] | background-preinit org.hibernate.validator.internal.util.Version | HV000001: Hibernate Validator 5.3.6.Final
INFO | 2018-03-23 15:45:41,510 | [zuul-server,,,] | restartedMain org.springframework.beans.factory.annotation.AutowiredAnnotationBeanPostProcessor | JSR-330 'javax.inject.Inject' annotation found and supported for autowiring
INFO | 2018-03-23 15:45:41,542 | [zuul-server,,,] | restartedMain org.springframework.context.support.PostProcessorRegistrationDelegate$BeanPostProcessorChecker | Bean 'configurationPropertiesRebinderAutoConfiguration' of type [org.springframework.cloud.autoconfigure.ConfigurationPropertiesRebinderAutoConfiguration$$EnhancerBySpringCGLIB$$193f68a2] is not eligible for getting processed by all BeanPostProcessors (for example: not eligible for auto-proxying)
INFO | 2018-03-23 15:45:42,100 | [zuul-server,,,] | restartedMain org.springframework.cloud.config.client.ConfigServicePropertySourceLocator | Fetching config from server at: http://39.107.24.27:41203
INFO | 2018-03-23 15:45:42,546 | [zuul-server,,,] | restartedMain org.springframework.cloud.config.client.ConfigServicePropertySourceLocator | Located environment: name=zuul-server, profiles=[prd], label=master, version=null, state=null
INFO | 2018-03-23 15:45:42,546 | [zuul-server,,,] | restartedMain org.springframework.cloud.bootstrap.config.PropertySourceBootstrapConfiguration | Located property source: CompositePropertySource [name='configService', propertySources=[]]
INFO | 2018-03-23 15:45:42,587 | [zuul-server,,,] | restartedMain com.cxgm.ZuulApplication | The following profiles are active: sit
INFO | 2018-03-23 15:45:42,602 | [zuul-server,,,] | restartedMain org.springframework.boot.context.embedded.AnnotationConfigEmbeddedWebApplicationContext | Refreshing org.springframework.boot.context.embedded.AnnotationConfigEmbeddedWebApplicationContext@6104a6de: startup date [Fri Mar 23 15:45:42 CST 2018]; parent: org.springframework.context.annotation.AnnotationConfigApplicationContext@6ecb91f6
INFO | 2018-03-23 15:45:43,489 | [zuul-server,,,] | restartedMain org.springframework.beans.factory.support.DefaultListableBeanFactory | Overriding bean definition for bean 'counterFactory' with a different definition: replacing [Root bean: class [null]; scope=; abstract=false; lazyInit=false; autowireMode=3; dependencyCheck=0; autowireCandidate=true; primary=false; factoryBeanName=org.springframework.cloud.netflix.zuul.ZuulServerAutoConfiguration$ZuulMetricsConfiguration; factoryMethodName=counterFactory; initMethodName=null; destroyMethodName=(inferred); defined in class path resource [org/springframework/cloud/netflix/zuul/ZuulServerAutoConfiguration$ZuulMetricsConfiguration.class]] with [Root bean: class [null]; scope=; abstract=false; lazyInit=false; autowireMode=3; dependencyCheck=0; autowireCandidate=true; primary=false; factoryBeanName=org.springframework.cloud.netflix.zuul.ZuulServerAutoConfiguration$ZuulCounterFactoryConfiguration; factoryMethodName=counterFactory; initMethodName=null; destroyMethodName=(inferred); defined in class path resource [org/springframework/cloud/netflix/zuul/ZuulServerAutoConfiguration$ZuulCounterFactoryConfiguration.class]]
INFO | 2018-03-23 15:45:43,706 | [zuul-server,,,] | restartedMain org.springframework.cloud.context.scope.GenericScope | BeanFactory id=ef05f6b6-67dc-3150-b216-8efb0709c73c
INFO | 2018-03-23 15:45:43,717 | [zuul-server,,,] | restartedMain org.springframework.beans.factory.annotation.AutowiredAnnotationBeanPostProcessor | JSR-330 'javax.inject.Inject' annotation found and supported for autowiring
INFO | 2018-03-23 15:45:43,827 | [zuul-server,,,] | restartedMain org.springframework.context.support.PostProcessorRegistrationDelegate$BeanPostProcessorChecker | Bean 'org.springframework.cloud.netflix.metrics.MetricsInterceptorConfiguration$MetricsRestTemplateConfiguration' of type [org.springframework.cloud.netflix.metrics.MetricsInterceptorConfiguration$MetricsRestTemplateConfiguration$$EnhancerBySpringCGLIB$$2f520be6] is not eligible for getting processed by all BeanPostProcessors (for example: not eligible for auto-proxying)
INFO | 2018-03-23 15:45:43,958 | [zuul-server,,,] | restartedMain org.springframework.context.support.PostProcessorRegistrationDelegate$BeanPostProcessorChecker | Bean 'org.springframework.cloud.autoconfigure.ConfigurationPropertiesRebinderAutoConfiguration' of type [org.springframework.cloud.autoconfigure.ConfigurationPropertiesRebinderAutoConfiguration$$EnhancerBySpringCGLIB$$193f68a2] is not eligible for getting processed by all BeanPostProcessors (for example: not eligible for auto-proxying)
INFO | 2018-03-23 15:45:44,528 | [zuul-server,,,] | restartedMain org.springframework.boot.context.embedded.tomcat.TomcatEmbeddedServletContainer | Tomcat initialized with port(s): 41200 (http)
INFO | 2018-03-23 15:45:44,538 | [zuul-server,,,] | restartedMain org.apache.catalina.core.StandardService | Starting service [Tomcat]
INFO | 2018-03-23 15:45:44,539 | [zuul-server,,,] | restartedMain org.apache.catalina.core.StandardEngine | Starting Servlet Engine: Apache Tomcat/8.5.23
INFO | 2018-03-23 15:45:44,630 | [zuul-server,,,] | localhost-startStop-1 org.apache.catalina.core.ContainerBase.[Tomcat].[localhost].[/] | Initializing Spring embedded WebApplicationContext
INFO | 2018-03-23 15:45:44,630 | [zuul-server,,,] | localhost-startStop-1 org.springframework.web.context.ContextLoader | Root WebApplicationContext: initialization completed in 2028 ms
INFO | 2018-03-23 15:45:45,230 | [zuul-server,,,] | localhost-startStop-1 org.springframework.boot.web.servlet.ServletRegistrationBean | Mapping servlet: 'dispatcherServlet' to [/]
INFO | 2018-03-23 15:45:45,232 | [zuul-server,,,] | localhost-startStop-1 org.springframework.boot.web.servlet.ServletRegistrationBean | Mapping servlet: 'zuulServlet' to [/zuul/*]
INFO | 2018-03-23 15:45:45,234 | [zuul-server,,,] | localhost-startStop-1 org.springframework.boot.web.servlet.FilterRegistrationBean | Mapping filter: 'metricsFilter' to: [/*]
INFO | 2018-03-23 15:45:45,234 | [zuul-server,,,] | localhost-startStop-1 org.springframework.boot.web.servlet.FilterRegistrationBean | Mapping filter: 'characterEncodingFilter' to: [/*]
INFO | 2018-03-23 15:45:45,234 | [zuul-server,,,] | localhost-startStop-1 org.springframework.boot.web.servlet.FilterRegistrationBean | Mapping filter: 'hiddenHttpMethodFilter' to: [/*]
INFO | 2018-03-23 15:45:45,234 | [zuul-server,,,] | localhost-startStop-1 org.springframework.boot.web.servlet.FilterRegistrationBean | Mapping filter: 'httpPutFormContentFilter' to: [/*]
INFO | 2018-03-23 15:45:45,234 | [zuul-server,,,] | localhost-startStop-1 org.springframework.boot.web.servlet.FilterRegistrationBean | Mapping filter: 'requestContextFilter' to: [/*]
INFO | 2018-03-23 15:45:45,234 | [zuul-server,,,] | localhost-startStop-1 org.springframework.boot.web.servlet.FilterRegistrationBean | Mapping filter: 'webRequestLoggingFilter' to: [/*]
INFO | 2018-03-23 15:45:45,235 | [zuul-server,,,] | localhost-startStop-1 org.springframework.boot.web.servlet.FilterRegistrationBean | Mapping filter: 'applicationContextIdFilter' to: [/*]
WARN | 2018-03-23 15:45:45,346 | [zuul-server,,,] | restartedMain com.netflix.config.sources.URLConfigurationSource | No URLs will be polled as dynamic configuration sources.
INFO | 2018-03-23 15:45:45,346 | [zuul-server,,,] | restartedMain com.netflix.config.sources.URLConfigurationSource | To enable URLs as dynamic configuration sources, define System property archaius.configurationSource.additionalUrls or make config.properties available on classpath.
INFO | 2018-03-23 15:45:45,353 | [zuul-server,,,] | restartedMain com.netflix.config.DynamicPropertyFactory | DynamicPropertyFactory is initialized with configuration sources: com.netflix.config.ConcurrentCompositeConfiguration@4443202b
WARN | 2018-03-23 15:45:45,521 | [zuul-server,,,] | restartedMain com.netflix.config.sources.URLConfigurationSource | No URLs will be polled as dynamic configuration sources.
INFO | 2018-03-23 15:45:45,521 | [zuul-server,,,] | restartedMain com.netflix.config.sources.URLConfigurationSource | To enable URLs as dynamic configuration sources, define System property archaius.configurationSource.additionalUrls or make config.properties available on classpath.
INFO | 2018-03-23 15:45:45,775 | [zuul-server,,,] | restartedMain org.springframework.web.servlet.mvc.method.annotation.RequestMappingHandlerAdapter | Looking for @ControllerAdvice: org.springframework.boot.context.embedded.AnnotationConfigEmbeddedWebApplicationContext@6104a6de: startup date [Fri Mar 23 15:45:42 CST 2018]; parent: org.springframework.context.annotation.AnnotationConfigApplicationContext@6ecb91f6
INFO | 2018-03-23 15:45:45,873 | [zuul-server,,,] | restartedMain org.springframework.web.servlet.mvc.method.annotation.RequestMappingHandlerMapping | Mapped "{[/error]}" onto public org.springframework.http.ResponseEntity<java.util.Map<java.lang.String, java.lang.Object>> org.springframework.boot.autoconfigure.web.BasicErrorController.error(javax.servlet.http.HttpServletRequest)
INFO | 2018-03-23 15:45:45,874 | [zuul-server,,,] | restartedMain org.springframework.web.servlet.mvc.method.annotation.RequestMappingHandlerMapping | Mapped "{[/error],produces=[text/html]}" onto public org.springframework.web.servlet.ModelAndView org.springframework.boot.autoconfigure.web.BasicErrorController.errorHtml(javax.servlet.http.HttpServletRequest,javax.servlet.http.HttpServletResponse)
INFO | 2018-03-23 15:45:45,920 | [zuul-server,,,] | restartedMain org.springframework.web.servlet.handler.SimpleUrlHandlerMapping | Mapped URL path [/webjars/**] onto handler of type [class org.springframework.web.servlet.resource.ResourceHttpRequestHandler]
INFO | 2018-03-23 15:45:45,920 | [zuul-server,,,] | restartedMain org.springframework.web.servlet.handler.SimpleUrlHandlerMapping | Mapped URL path [/**] onto handler of type [class org.springframework.web.servlet.resource.ResourceHttpRequestHandler]
INFO | 2018-03-23 15:45:45,979 | [zuul-server,,,] | restartedMain org.springframework.web.servlet.handler.SimpleUrlHandlerMapping | Mapped URL path [/**/favicon.ico] onto handler of type [class org.springframework.web.servlet.resource.ResourceHttpRequestHandler]
INFO | 2018-03-23 15:45:46,563 | [zuul-server,,,] | restartedMain org.springframework.boot.actuate.endpoint.mvc.EndpointHandlerMapping | Mapped "{[/metrics/{name:.*}],methods=[GET],produces=[application/vnd.spring-boot.actuator.v1+json || application/json]}" onto public java.lang.Object org.springframework.boot.actuate.endpoint.mvc.MetricsMvcEndpoint.value(java.lang.String)
INFO | 2018-03-23 15:45:46,563 | [zuul-server,,,] | restartedMain org.springframework.boot.actuate.endpoint.mvc.EndpointHandlerMapping | Mapped "{[/metrics || /metrics.json],methods=[GET],produces=[application/vnd.spring-boot.actuator.v1+json || application/json]}" onto public java.lang.Object org.springframework.boot.actuate.endpoint.mvc.EndpointMvcAdapter.invoke()
INFO | 2018-03-23 15:45:46,564 | [zuul-server,,,] | restartedMain org.springframework.boot.actuate.endpoint.mvc.EndpointHandlerMapping | Mapped "{[/resume || /resume.json],methods=[POST]}" onto public java.lang.Object org.springframework.cloud.endpoint.GenericPostableMvcEndpoint.invoke()
INFO | 2018-03-23 15:45:46,564 | [zuul-server,,,] | restartedMain org.springframework.boot.actuate.endpoint.mvc.EndpointHandlerMapping | Mapped "{[/heapdump || /heapdump.json],methods=[GET],produces=[application/octet-stream]}" onto public void org.springframework.boot.actuate.endpoint.mvc.HeapdumpMvcEndpoint.invoke(boolean,javax.servlet.http.HttpServletRequest,javax.servlet.http.HttpServletResponse) throws java.io.IOException,javax.servlet.ServletException
INFO | 2018-03-23 15:45:46,566 | [zuul-server,,,] | restartedMain org.springframework.boot.actuate.endpoint.mvc.EndpointHandlerMapping | Mapped "{[/loggers/{name:.*}],methods=[GET],produces=[application/vnd.spring-boot.actuator.v1+json || application/json]}" onto public java.lang.Object org.springframework.boot.actuate.endpoint.mvc.LoggersMvcEndpoint.get(java.lang.String)
INFO | 2018-03-23 15:45:46,567 | [zuul-server,,,] | restartedMain org.springframework.boot.actuate.endpoint.mvc.EndpointHandlerMapping | Mapped "{[/loggers/{name:.*}],methods=[POST],consumes=[application/vnd.spring-boot.actuator.v1+json || application/json],produces=[application/vnd.spring-boot.actuator.v1+json || application/json]}" onto public java.lang.Object org.springframework.boot.actuate.endpoint.mvc.LoggersMvcEndpoint.set(java.lang.String,java.util.Map<java.lang.String, java.lang.String>)
INFO | 2018-03-23 15:45:46,567 | [zuul-server,,,] | restartedMain org.springframework.boot.actuate.endpoint.mvc.EndpointHandlerMapping | Mapped "{[/loggers || /loggers.json],methods=[GET],produces=[application/vnd.spring-boot.actuator.v1+json || application/json]}" onto public java.lang.Object org.springframework.boot.actuate.endpoint.mvc.EndpointMvcAdapter.invoke()
INFO | 2018-03-23 15:45:46,568 | [zuul-server,,,] | restartedMain org.springframework.boot.actuate.endpoint.mvc.EndpointHandlerMapping | Mapped "{[/service-registry/instance-status],methods=[POST]}" onto public org.springframework.http.ResponseEntity<?> org.springframework.cloud.client.serviceregistry.endpoint.ServiceRegistryEndpoint.setStatus(java.lang.String)
INFO | 2018-03-23 15:45:46,568 | [zuul-server,,,] | restartedMain org.springframework.boot.actuate.endpoint.mvc.EndpointHandlerMapping | Mapped "{[/service-registry/instance-status],methods=[GET]}" onto public org.springframework.http.ResponseEntity org.springframework.cloud.client.serviceregistry.endpoint.ServiceRegistryEndpoint.getStatus()
INFO | 2018-03-23 15:45:46,568 | [zuul-server,,,] | restartedMain org.springframework.boot.actuate.endpoint.mvc.EndpointHandlerMapping | Mapped "{[/dump || /dump.json],methods=[GET],produces=[application/vnd.spring-boot.actuator.v1+json || application/json]}" onto public java.lang.Object org.springframework.boot.actuate.endpoint.mvc.EndpointMvcAdapter.invoke()
INFO | 2018-03-23 15:45:46,569 | [zuul-server,,,] | restartedMain org.springframework.boot.actuate.endpoint.mvc.EndpointHandlerMapping | Mapped "{[/trace || /trace.json],methods=[GET],produces=[application/vnd.spring-boot.actuator.v1+json || application/json]}" onto public java.lang.Object org.springframework.boot.actuate.endpoint.mvc.EndpointMvcAdapter.invoke()
INFO | 2018-03-23 15:45:46,569 | [zuul-server,,,] | restartedMain org.springframework.boot.actuate.endpoint.mvc.EndpointHandlerMapping | Mapped "{[/info || /info.json],methods=[GET],produces=[application/vnd.spring-boot.actuator.v1+json || application/json]}" onto public java.lang.Object org.springframework.boot.actuate.endpoint.mvc.EndpointMvcAdapter.invoke()
INFO | 2018-03-23 15:45:46,571 | [zuul-server,,,] | restartedMain org.springframework.boot.actuate.endpoint.mvc.EndpointHandlerMapping | Mapped "{[/archaius || /archaius.json],methods=[GET],produces=[application/vnd.spring-boot.actuator.v1+json || application/json]}" onto public java.lang.Object org.springframework.boot.actuate.endpoint.mvc.EndpointMvcAdapter.invoke()
INFO | 2018-03-23 15:45:46,572 | [zuul-server,,,] | restartedMain org.springframework.boot.actuate.endpoint.mvc.EndpointHandlerMapping | Mapped "{[/pause || /pause.json],methods=[POST]}" onto public java.lang.Object org.springframework.cloud.endpoint.GenericPostableMvcEndpoint.invoke()
INFO | 2018-03-23 15:45:46,572 | [zuul-server,,,] | restartedMain org.springframework.boot.actuate.endpoint.mvc.EndpointHandlerMapping | Mapped "{[/configprops || /configprops.json],methods=[GET],produces=[application/vnd.spring-boot.actuator.v1+json || application/json]}" onto public java.lang.Object org.springframework.boot.actuate.endpoint.mvc.EndpointMvcAdapter.invoke()
INFO | 2018-03-23 15:45:46,573 | [zuul-server,,,] | restartedMain org.springframework.boot.actuate.endpoint.mvc.EndpointHandlerMapping | Mapped "{[/env],methods=[POST]}" onto public java.lang.Object org.springframework.cloud.context.environment.EnvironmentManagerMvcEndpoint.value(java.util.Map<java.lang.String, java.lang.String>)
INFO | 2018-03-23 15:45:46,573 | [zuul-server,,,] | restartedMain org.springframework.boot.actuate.endpoint.mvc.EndpointHandlerMapping | Mapped "{[/env/reset],methods=[POST]}" onto public java.util.Map<java.lang.String, java.lang.Object> org.springframework.cloud.context.environment.EnvironmentManagerMvcEndpoint.reset()
INFO | 2018-03-23 15:45:46,574 | [zuul-server,,,] | restartedMain org.springframework.boot.actuate.endpoint.mvc.EndpointHandlerMapping | Mapped "{[/autoconfig || /autoconfig.json],methods=[GET],produces=[application/vnd.spring-boot.actuator.v1+json || application/json]}" onto public java.lang.Object org.springframework.boot.actuate.endpoint.mvc.EndpointMvcAdapter.invoke()
INFO | 2018-03-23 15:45:46,574 | [zuul-server,,,] | restartedMain org.springframework.boot.actuate.endpoint.mvc.EndpointHandlerMapping | Mapped "{[/env/{name:.*}],methods=[GET],produces=[application/vnd.spring-boot.actuator.v1+json || application/json]}" onto public java.lang.Object org.springframework.boot.actuate.endpoint.mvc.EnvironmentMvcEndpoint.value(java.lang.String)
INFO | 2018-03-23 15:45:46,575 | [zuul-server,,,] | restartedMain org.springframework.boot.actuate.endpoint.mvc.EndpointHandlerMapping | Mapped "{[/env || /env.json],methods=[GET],produces=[application/vnd.spring-boot.actuator.v1+json || application/json]}" onto public java.lang.Object org.springframework.boot.actuate.endpoint.mvc.EndpointMvcAdapter.invoke()
INFO | 2018-03-23 15:45:46,575 | [zuul-server,,,] | restartedMain org.springframework.boot.actuate.endpoint.mvc.EndpointHandlerMapping | Mapped "{[/mappings || /mappings.json],methods=[GET],produces=[application/vnd.spring-boot.actuator.v1+json || application/json]}" onto public java.lang.Object org.springframework.boot.actuate.endpoint.mvc.EndpointMvcAdapter.invoke()
INFO | 2018-03-23 15:45:46,576 | [zuul-server,,,] | restartedMain org.springframework.boot.actuate.endpoint.mvc.EndpointHandlerMapping | Mapped "{[/health || /health.json],methods=[GET],produces=[application/vnd.spring-boot.actuator.v1+json || application/json]}" onto public java.lang.Object org.springframework.boot.actuate.endpoint.mvc.HealthMvcEndpoint.invoke(javax.servlet.http.HttpServletRequest,java.security.Principal)
INFO | 2018-03-23 15:45:46,576 | [zuul-server,,,] | restartedMain org.springframework.boot.actuate.endpoint.mvc.EndpointHandlerMapping | Mapped "{[/features || /features.json],methods=[GET],produces=[application/vnd.spring-boot.actuator.v1+json || application/json]}" onto public java.lang.Object org.springframework.boot.actuate.endpoint.mvc.EndpointMvcAdapter.invoke()
INFO | 2018-03-23 15:45:46,578 | [zuul-server,,,] | restartedMain org.springframework.boot.actuate.endpoint.mvc.EndpointHandlerMapping | Mapped "{[/restart || /restart.json],methods=[POST]}" onto public java.lang.Object org.springframework.cloud.context.restart.RestartMvcEndpoint.invoke()
INFO | 2018-03-23 15:45:46,579 | [zuul-server,,,] | restartedMain org.springframework.boot.actuate.endpoint.mvc.EndpointHandlerMapping | Mapped "{[/auditevents || /auditevents.json],methods=[GET],produces=[application/vnd.spring-boot.actuator.v1+json || application/json]}" onto public org.springframework.http.ResponseEntity<?> org.springframework.boot.actuate.endpoint.mvc.AuditEventsMvcEndpoint.findByPrincipalAndAfterAndType(java.lang.String,java.util.Date,java.lang.String)
INFO | 2018-03-23 15:45:46,579 | [zuul-server,,,] | restartedMain org.springframework.boot.actuate.endpoint.mvc.EndpointHandlerMapping | Mapped "{[/hystrix.stream/**]}" onto public org.springframework.web.servlet.ModelAndView org.springframework.cloud.netflix.endpoint.ServletWrappingEndpoint.handle(javax.servlet.http.HttpServletRequest,javax.servlet.http.HttpServletResponse) throws java.lang.Exception
INFO | 2018-03-23 15:45:46,580 | [zuul-server,,,] | restartedMain org.springframework.boot.actuate.endpoint.mvc.EndpointHandlerMapping | Mapped "{[/beans || /beans.json],methods=[GET],produces=[application/vnd.spring-boot.actuator.v1+json || application/json]}" onto public java.lang.Object org.springframework.boot.actuate.endpoint.mvc.EndpointMvcAdapter.invoke()
INFO | 2018-03-23 15:45:46,580 | [zuul-server,,,] | restartedMain org.springframework.boot.actuate.endpoint.mvc.EndpointHandlerMapping | Mapped "{[/routes || /routes.json],methods=[POST]}" onto public java.lang.Object org.springframework.cloud.netflix.zuul.RoutesMvcEndpoint.reset()
INFO | 2018-03-23 15:45:46,581 | [zuul-server,,,] | restartedMain org.springframework.boot.actuate.endpoint.mvc.EndpointHandlerMapping | Mapped "{[/routes || /routes.json],methods=[GET],produces=[application/vnd.spring-boot.actuator.v1+json || application/json]}" onto public java.lang.Object org.springframework.boot.actuate.endpoint.mvc.EndpointMvcAdapter.invoke()
INFO | 2018-03-23 15:45:46,581 | [zuul-server,,,] | restartedMain org.springframework.boot.actuate.endpoint.mvc.EndpointHandlerMapping | Mapped "{[/refresh || /refresh.json],methods=[POST]}" onto public java.lang.Object org.springframework.cloud.endpoint.GenericPostableMvcEndpoint.invoke()
WARN | 2018-03-23 15:45:46,694 | [zuul-server,,,] | restartedMain org.springframework.boot.devtools.autoconfigure.OptionalLiveReloadServer | Unable to start LiveReload server
INFO | 2018-03-23 15:45:47,134 | [zuul-server,,,] | restartedMain org.springframework.cloud.netflix.zuul.ZuulFilterInitializer | Starting filter initializer
INFO | 2018-03-23 15:45:47,205 | [zuul-server,,,] | restartedMain org.springframework.jmx.export.annotation.AnnotationMBeanExporter | Registering beans for JMX exposure on startup
INFO | 2018-03-23 15:45:47,213 | [zuul-server,,,] | restartedMain org.springframework.jmx.export.annotation.AnnotationMBeanExporter | Bean with name 'environmentManager' has been autodetected for JMX exposure
INFO | 2018-03-23 15:45:47,215 | [zuul-server,,,] | restartedMain org.springframework.jmx.export.annotation.AnnotationMBeanExporter | Bean with name 'configurationPropertiesRebinder' has been autodetected for JMX exposure
INFO | 2018-03-23 15:45:47,215 | [zuul-server,,,] | restartedMain org.springframework.jmx.export.annotation.AnnotationMBeanExporter | Bean with name 'refreshEndpoint' has been autodetected for JMX exposure
INFO | 2018-03-23 15:45:47,215 | [zuul-server,,,] | restartedMain org.springframework.jmx.export.annotation.AnnotationMBeanExporter | Bean with name 'restartEndpoint' has been autodetected for JMX exposure
INFO | 2018-03-23 15:45:47,216 | [zuul-server,,,] | restartedMain org.springframework.jmx.export.annotation.AnnotationMBeanExporter | Bean with name 'serviceRegistryEndpoint' has been autodetected for JMX exposure
INFO | 2018-03-23 15:45:47,216 | [zuul-server,,,] | restartedMain org.springframework.jmx.export.annotation.AnnotationMBeanExporter | Bean with name 'zuulEndpoint' has been autodetected for JMX exposure
INFO | 2018-03-23 15:45:47,217 | [zuul-server,,,] | restartedMain org.springframework.jmx.export.annotation.AnnotationMBeanExporter | Bean with name 'zuulMvcEndpoint' has been autodetected for JMX exposure
INFO | 2018-03-23 15:45:47,217 | [zuul-server,,,] | restartedMain org.springframework.jmx.export.annotation.AnnotationMBeanExporter | Bean with name 'refreshScope' has been autodetected for JMX exposure
INFO | 2018-03-23 15:45:47,219 | [zuul-server,,,] | restartedMain org.springframework.jmx.export.annotation.AnnotationMBeanExporter | Located managed bean 'environmentManager': registering with JMX server as MBean [org.springframework.cloud.context.environment:name=environmentManager,type=EnvironmentManager]
INFO | 2018-03-23 15:45:47,231 | [zuul-server,,,] | restartedMain org.springframework.jmx.export.annotation.AnnotationMBeanExporter | Located managed bean 'zuulMvcEndpoint': registering with JMX server as MBean [org.springframework.cloud.netflix.zuul:name=zuulMvcEndpoint,type=RoutesMvcEndpoint]
INFO | 2018-03-23 15:45:47,238 | [zuul-server,,,] | restartedMain org.springframework.jmx.export.annotation.AnnotationMBeanExporter | Located managed bean 'restartEndpoint': registering with JMX server as MBean [org.springframework.cloud.context.restart:name=restartEndpoint,type=RestartEndpoint]
INFO | 2018-03-23 15:45:47,250 | [zuul-server,,,] | restartedMain org.springframework.jmx.export.annotation.AnnotationMBeanExporter | Located managed bean 'serviceRegistryEndpoint': registering with JMX server as MBean [org.springframework.cloud.client.serviceregistry.endpoint:name=serviceRegistryEndpoint,type=ServiceRegistryEndpoint]
INFO | 2018-03-23 15:45:47,253 | [zuul-server,,,] | restartedMain org.springframework.jmx.export.annotation.AnnotationMBeanExporter | Located managed bean 'refreshScope': registering with JMX server as MBean [org.springframework.cloud.context.scope.refresh:name=refreshScope,type=RefreshScope]
INFO | 2018-03-23 15:45:47,263 | [zuul-server,,,] | restartedMain org.springframework.jmx.export.annotation.AnnotationMBeanExporter | Located managed bean 'zuulEndpoint': registering with JMX server as MBean [org.springframework.cloud.netflix.zuul:name=zuulEndpoint,type=RoutesEndpoint]
WARN | 2018-03-23 15:45:47,263 | [zuul-server,,,] | restartedMain org.springframework.jmx.export.annotation.AnnotationMBeanExporter | Bean with key 'zuulEndpoint' has been registered as an MBean but has no exposed attributes or operations
INFO | 2018-03-23 15:45:47,264 | [zuul-server,,,] | restartedMain org.springframework.jmx.export.annotation.AnnotationMBeanExporter | Located managed bean 'configurationPropertiesRebinder': registering with JMX server as MBean [org.springframework.cloud.context.properties:name=configurationPropertiesRebinder,context=6104a6de,type=ConfigurationPropertiesRebinder]
INFO | 2018-03-23 15:45:47,268 | [zuul-server,,,] | restartedMain org.springframework.jmx.export.annotation.AnnotationMBeanExporter | Located managed bean 'refreshEndpoint': registering with JMX server as MBean [org.springframework.cloud.endpoint:name=refreshEndpoint,type=RefreshEndpoint]
INFO | 2018-03-23 15:45:47,269 | [zuul-server,,,] | restartedMain org.springframework.boot.actuate.endpoint.jmx.EndpointMBeanExporter | Registering beans for JMX exposure on startup
INFO | 2018-03-23 15:45:47,466 | [zuul-server,,,] | restartedMain org.springframework.context.support.DefaultLifecycleProcessor | Starting beans in phase 0
INFO | 2018-03-23 15:45:47,475 | [zuul-server,,,] | restartedMain org.springframework.cloud.netflix.eureka.InstanceInfoFactory | Setting initial instance status as: STARTING
INFO | 2018-03-23 15:45:47,513 | [zuul-server,,,] | restartedMain com.netflix.discovery.DiscoveryClient | Initializing Eureka in region us-east-1
INFO | 2018-03-23 15:45:47,562 | [zuul-server,,,] | restartedMain com.netflix.discovery.provider.DiscoveryJerseyProvider | Using JSON encoding codec LegacyJacksonJson
INFO | 2018-03-23 15:45:47,562 | [zuul-server,,,] | restartedMain com.netflix.discovery.provider.DiscoveryJerseyProvider | Using JSON decoding codec LegacyJacksonJson
INFO | 2018-03-23 15:45:47,667 | [zuul-server,,,] | restartedMain com.netflix.discovery.provider.DiscoveryJerseyProvider | Using XML encoding codec XStreamXml
INFO | 2018-03-23 15:45:47,667 | [zuul-server,,,] | restartedMain com.netflix.discovery.provider.DiscoveryJerseyProvider | Using XML decoding codec XStreamXml
INFO | 2018-03-23 15:45:47,824 | [zuul-server,,,] | restartedMain com.netflix.discovery.shared.resolver.aws.ConfigClusterResolver | Resolving eureka endpoints via configuration
INFO | 2018-03-23 15:45:47,958 | [zuul-server,,,] | restartedMain com.netflix.discovery.DiscoveryClient | Disable delta property : false
INFO | 2018-03-23 15:45:47,958 | [zuul-server,,,] | restartedMain com.netflix.discovery.DiscoveryClient | Single vip registry refresh property : null
INFO | 2018-03-23 15:45:47,958 | [zuul-server,,,] | restartedMain com.netflix.discovery.DiscoveryClient | Force full registry fetch : false
INFO | 2018-03-23 15:45:47,958 | [zuul-server,,,] | restartedMain com.netflix.discovery.DiscoveryClient | Application is null : false
INFO | 2018-03-23 15:45:47,958 | [zuul-server,,,] | restartedMain com.netflix.discovery.DiscoveryClient | Registered Applications size is zero : true
INFO | 2018-03-23 15:45:47,959 | [zuul-server,,,] | restartedMain com.netflix.discovery.DiscoveryClient | Application version is -1: true
INFO | 2018-03-23 15:45:47,959 | [zuul-server,,,] | restartedMain com.netflix.discovery.DiscoveryClient | Getting all instance registry info from the eureka server
INFO | 2018-03-23 15:45:48,081 | [zuul-server,,,] | restartedMain com.netflix.discovery.DiscoveryClient | The response status is 200
INFO | 2018-03-23 15:45:48,084 | [zuul-server,,,] | restartedMain com.netflix.discovery.DiscoveryClient | Starting heartbeat executor: renew interval is: 30
INFO | 2018-03-23 15:45:48,086 | [zuul-server,,,] | restartedMain com.netflix.discovery.InstanceInfoReplicator | InstanceInfoReplicator onDemand update allowed rate per min is 4
INFO | 2018-03-23 15:45:48,088 | [zuul-server,,,] | restartedMain com.netflix.discovery.DiscoveryClient | Discovery Client initialized at timestamp 1521791148087 with initial instances count: 10
INFO | 2018-03-23 15:45:48,111 | [zuul-server,,,] | restartedMain org.springframework.cloud.netflix.eureka.serviceregistry.EurekaServiceRegistry | Registering application zuul-server with eureka with status UP
INFO | 2018-03-23 15:45:48,111 | [zuul-server,,,] | restartedMain com.netflix.discovery.DiscoveryClient | Saw local status change event StatusChangeEvent [timestamp=1521791148111, current=UP, previous=STARTING]
INFO | 2018-03-23 15:45:48,113 | [zuul-server,,,] | DiscoveryClient-InstanceInfoReplicator-0 com.netflix.discovery.DiscoveryClient | DiscoveryClient_ZUUL-SERVER/192.168.10.56:41200: registering service...
INFO | 2018-03-23 15:45:48,118 | [zuul-server,,,] | restartedMain org.springframework.boot.actuate.endpoint.jmx.EndpointMBeanExporter | Located managed bean 'auditEventsEndpoint': registering with JMX server as MBean [org.springframework.boot:type=Endpoint,name=auditEventsEndpoint]
INFO | 2018-03-23 15:45:48,126 | [zuul-server,,,] | restartedMain org.springframework.boot.actuate.endpoint.jmx.EndpointMBeanExporter | Located managed bean 'archaiusEndpoint': registering with JMX server as MBean [org.springframework.boot:type=Endpoint,name=archaiusEndpoint]
INFO | 2018-03-23 15:45:48,132 | [zuul-server,,,] | restartedMain org.springframework.boot.actuate.endpoint.jmx.EndpointMBeanExporter | Located managed bean 'featuresEndpoint': registering with JMX server as MBean [org.springframework.boot:type=Endpoint,name=featuresEndpoint]
INFO | 2018-03-23 15:45:48,135 | [zuul-server,,,] | restartedMain org.springframework.boot.actuate.endpoint.jmx.EndpointMBeanExporter | Located managed bean 'requestMappingEndpoint': registering with JMX server as MBean [org.springframework.boot:type=Endpoint,name=requestMappingEndpoint]
INFO | 2018-03-23 15:45:48,137 | [zuul-server,,,] | restartedMain org.springframework.boot.actuate.endpoint.jmx.EndpointMBeanExporter | Located managed bean 'environmentEndpoint': registering with JMX server as MBean [org.springframework.boot:type=Endpoint,name=environmentEndpoint]
INFO | 2018-03-23 15:45:48,139 | [zuul-server,,,] | restartedMain org.springframework.boot.actuate.endpoint.jmx.EndpointMBeanExporter | Located managed bean 'healthEndpoint': registering with JMX server as MBean [org.springframework.boot:type=Endpoint,name=healthEndpoint]
INFO | 2018-03-23 15:45:48,142 | [zuul-server,,,] | restartedMain org.springframework.boot.actuate.endpoint.jmx.EndpointMBeanExporter | Located managed bean 'beansEndpoint': registering with JMX server as MBean [org.springframework.boot:type=Endpoint,name=beansEndpoint]
INFO | 2018-03-23 15:45:48,144 | [zuul-server,,,] | restartedMain org.springframework.boot.actuate.endpoint.jmx.EndpointMBeanExporter | Located managed bean 'infoEndpoint': registering with JMX server as MBean [org.springframework.boot:type=Endpoint,name=infoEndpoint]
INFO | 2018-03-23 15:45:48,147 | [zuul-server,,,] | restartedMain org.springframework.boot.actuate.endpoint.jmx.EndpointMBeanExporter | Located managed bean 'loggersEndpoint': registering with JMX server as MBean [org.springframework.boot:type=Endpoint,name=loggersEndpoint]
INFO | 2018-03-23 15:45:48,152 | [zuul-server,,,] | restartedMain org.springframework.boot.actuate.endpoint.jmx.EndpointMBeanExporter | Located managed bean 'metricsEndpoint': registering with JMX server as MBean [org.springframework.boot:type=Endpoint,name=metricsEndpoint]
INFO | 2018-03-23 15:45:48,154 | [zuul-server,,,] | restartedMain org.springframework.boot.actuate.endpoint.jmx.EndpointMBeanExporter | Located managed bean 'traceEndpoint': registering with JMX server as MBean [org.springframework.boot:type=Endpoint,name=traceEndpoint]
INFO | 2018-03-23 15:45:48,155 | [zuul-server,,,] | DiscoveryClient-InstanceInfoReplicator-0 com.netflix.discovery.DiscoveryClient | DiscoveryClient_ZUUL-SERVER/192.168.10.56:41200 - registration status: 204
INFO | 2018-03-23 15:45:48,156 | [zuul-server,,,] | restartedMain org.springframework.boot.actuate.endpoint.jmx.EndpointMBeanExporter | Located managed bean 'dumpEndpoint': registering with JMX server as MBean [org.springframework.boot:type=Endpoint,name=dumpEndpoint]
INFO | 2018-03-23 15:45:48,158 | [zuul-server,,,] | restartedMain org.springframework.boot.actuate.endpoint.jmx.EndpointMBeanExporter | Located managed bean 'autoConfigurationReportEndpoint': registering with JMX server as MBean [org.springframework.boot:type=Endpoint,name=autoConfigurationReportEndpoint]
INFO | 2018-03-23 15:45:48,160 | [zuul-server,,,] | restartedMain org.springframework.boot.actuate.endpoint.jmx.EndpointMBeanExporter | Located managed bean 'configurationPropertiesReportEndpoint': registering with JMX server as MBean [org.springframework.boot:type=Endpoint,name=configurationPropertiesReportEndpoint]
INFO | 2018-03-23 15:45:48,161 | [zuul-server,,,] | restartedMain org.springframework.context.support.DefaultLifecycleProcessor | Starting beans in phase 2147483647
INFO | 2018-03-23 15:45:48,164 | [zuul-server,,,] | restartedMain org.springframework.cloud.netflix.hystrix.HystrixCircuitBreakerConfiguration$HystrixMetricsPollerConfiguration | Starting poller
INFO | 2018-03-23 15:45:48,184 | [zuul-server,,,] | restartedMain org.apache.coyote.http11.Http11NioProtocol | Initializing ProtocolHandler ["http-nio-41200"]
INFO | 2018-03-23 15:45:48,194 | [zuul-server,,,] | restartedMain org.apache.coyote.http11.Http11NioProtocol | Starting ProtocolHandler ["http-nio-41200"]
INFO | 2018-03-23 15:45:48,202 | [zuul-server,,,] | restartedMain org.apache.tomcat.util.net.NioSelectorPool | Using a shared selector for servlet write/read
INFO | 2018-03-23 15:45:48,273 | [zuul-server,,,] | restartedMain org.springframework.boot.context.embedded.tomcat.TomcatEmbeddedServletContainer | Tomcat started on port(s): 41200 (http)
INFO | 2018-03-23 15:45:48,274 | [zuul-server,,,] | restartedMain org.springframework.cloud.netflix.eureka.serviceregistry.EurekaAutoServiceRegistration | Updating port to 41200
INFO | 2018-03-23 15:45:48,279 | [zuul-server,,,] | restartedMain com.cxgm.ZuulApplication | Started ZuulApplication in 7.498 seconds (JVM running for 8.063)
INFO | 2018-03-23 15:50:47,962 | [zuul-server,,,] | AsyncResolver-bootstrap-executor-0 com.netflix.discovery.shared.resolver.aws.ConfigClusterResolver | Resolving eureka endpoints via configuration
INFO | 2018-03-23 15:55:47,963 | [zuul-server,,,] | AsyncResolver-bootstrap-executor-0 com.netflix.discovery.shared.resolver.aws.ConfigClusterResolver | Resolving eureka endpoints via configuration
INFO | 2018-03-23 15:56:13,964 | [zuul-server,,,] | Thread-2 org.springframework.context.annotation.AnnotationConfigApplicationContext | Closing org.springframework.context.annotation.AnnotationConfigApplicationContext@6ecb91f6: startup date [Fri Mar 23 15:45:41 CST 2018]; root of context hierarchy
INFO | 2018-03-23 15:56:13,964 | [zuul-server,,,] | Thread-2 org.springframework.boot.context.embedded.AnnotationConfigEmbeddedWebApplicationContext | Closing org.springframework.boot.context.embedded.AnnotationConfigEmbeddedWebApplicationContext@6104a6de: startup date [Fri Mar 23 15:45:42 CST 2018]; parent: org.springframework.context.annotation.AnnotationConfigApplicationContext@6ecb91f6
INFO | 2018-03-23 15:56:13,965 | [zuul-server,,,] | Thread-2 org.springframework.cloud.netflix.eureka.serviceregistry.EurekaServiceRegistry | Unregistering application zuul-server with eureka with status DOWN
WARN | 2018-03-23 15:56:13,965 | [zuul-server,,,] | Thread-2 com.netflix.discovery.DiscoveryClient | Saw local status change event StatusChangeEvent [timestamp=1521791773965, current=DOWN, previous=UP]
INFO | 2018-03-23 15:56:13,965 | [zuul-server,,,] | DiscoveryClient-InstanceInfoReplicator-0 com.netflix.discovery.DiscoveryClient | DiscoveryClient_ZUUL-SERVER/192.168.10.56:41200: registering service...
INFO | 2018-03-23 15:56:13,965 | [zuul-server,,,] | Thread-2 com.netflix.discovery.DiscoveryClient | Shutting down DiscoveryClient ...
INFO | 2018-03-23 15:56:13,966 | [zuul-server,,,] | Thread-2 com.netflix.discovery.DiscoveryClient | Unregistering ...
INFO | 2018-03-23 15:56:18,523 | [zuul-server,,,] | Thread-2 com.netflix.discovery.DiscoveryClient | DiscoveryClient_ZUUL-SERVER/192.168.10.56:41200 - deregister  status: 200
INFO | 2018-03-23 15:56:18,526 | [zuul-server,,,] | Thread-2 com.netflix.discovery.DiscoveryClient | Completed shut down of DiscoveryClient
INFO | 2018-03-23 15:56:18,528 | [zuul-server,,,] | Thread-2 org.springframework.context.support.DefaultLifecycleProcessor | Stopping beans in phase 2147483647
INFO | 2018-03-23 15:56:18,529 | [zuul-server,,,] | Thread-2 org.springframework.context.support.DefaultLifecycleProcessor | Stopping beans in phase 0
INFO | 2018-03-23 15:56:18,530 | [zuul-server,,,] | Thread-2 org.springframework.cloud.netflix.zuul.ZuulFilterInitializer | Stopping filter initializer
INFO | 2018-03-23 15:56:18,532 | [zuul-server,,,] | Thread-2 org.springframework.boot.actuate.endpoint.jmx.EndpointMBeanExporter | Unregistering JMX-exposed beans on shutdown
INFO | 2018-03-23 15:56:18,533 | [zuul-server,,,] | Thread-2 org.springframework.boot.actuate.endpoint.jmx.EndpointMBeanExporter | Unregistering JMX-exposed beans
INFO | 2018-03-23 15:56:18,533 | [zuul-server,,,] | Thread-2 org.springframework.jmx.export.annotation.AnnotationMBeanExporter | Unregistering JMX-exposed beans on shutdown
INFO | 2018-03-23 15:56:18,533 | [zuul-server,,,] | Thread-2 org.springframework.jmx.export.annotation.AnnotationMBeanExporter | Unregistering JMX-exposed beans
WARN | 2018-03-23 15:56:18,546 | [zuul-server,,,] | Thread-2 com.netflix.config.sources.URLConfigurationSource | No URLs will be polled as dynamic configuration sources.
INFO | 2018-03-23 15:56:18,546 | [zuul-server,,,] | Thread-2 com.netflix.config.sources.URLConfigurationSource | To enable URLs as dynamic configuration sources, define System property archaius.configurationSource.additionalUrls or make config.properties available on classpath.
