INFO | 2018-03-31 12:50:43,161 | bootLogin | restartedMain org.springframework.context.annotation.AnnotationConfigApplicationContext | Refreshing org.springframework.context.annotation.AnnotationConfigApplicationContext@2a9a0eda: startup date [Sat Mar 31 12:50:43 CST 2018]; root of context hierarchy
INFO | 2018-03-31 12:50:43,450 | bootLogin | restartedMain org.springframework.beans.factory.annotation.AutowiredAnnotationBeanPostProcessor | JSR-330 'javax.inject.Inject' annotation found and supported for autowiring
INFO | 2018-03-31 12:50:43,491 | bootLogin | background-preinit org.hibernate.validator.internal.util.Version | HV000001: Hibernate Validator 5.3.6.Final
INFO | 2018-03-31 12:50:43,492 | bootLogin | restartedMain org.springframework.context.support.PostProcessorRegistrationDelegate$BeanPostProcessorChecker | Bean 'configurationPropertiesRebinderAutoConfiguration' of type [org.springframework.cloud.autoconfigure.ConfigurationPropertiesRebinderAutoConfiguration$$EnhancerBySpringCGLIB$$62b825f7] is not eligible for getting processed by all BeanPostProcessors (for example: not eligible for auto-proxying)
INFO | 2018-03-31 12:50:44,045 | bootLogin | restartedMain org.springframework.cloud.config.client.ConfigServicePropertySourceLocator | Fetching config from server at: http://localhost:8888
WARN | 2018-03-31 12:50:45,147 | bootLogin | restartedMain org.springframework.cloud.config.client.ConfigServicePropertySourceLocator | Could not locate PropertySource: I/O error on GET request for "http://localhost:8888/application/default": Connection refused: connect; nested exception is java.net.ConnectException: Connection refused: connect
INFO | 2018-03-31 12:50:45,149 | bootLogin | restartedMain com.cxgmerp.CxgmApplication | No active profile set, falling back to default profiles: default
INFO | 2018-03-31 12:50:45,165 | bootLogin | restartedMain org.springframework.boot.context.embedded.AnnotationConfigEmbeddedWebApplicationContext | Refreshing org.springframework.boot.context.embedded.AnnotationConfigEmbeddedWebApplicationContext@41b3ba79: startup date [Sat Mar 31 12:50:45 CST 2018]; parent: org.springframework.context.annotation.AnnotationConfigApplicationContext@2a9a0eda
WARN | 2018-03-31 12:50:46,529 | bootLogin | restartedMain org.mybatis.spring.mapper.ClassPathMapperScanner | No MyBatis mapper was found in '[com.cxgmerp.config, com.cxgmerp]' package. Please check your configuration.
INFO | 2018-03-31 12:50:46,563 | bootLogin | restartedMain org.springframework.data.repository.config.RepositoryConfigurationDelegate | Multiple Spring Data modules found, entering strict repository configuration mode!
WARN | 2018-03-31 12:50:46,755 | bootLogin | restartedMain org.springframework.context.annotation.ConfigurationClassPostProcessor | Cannot enhance @Configuration bean definition 'myBatisMapperScannerConfig' since its singleton instance has been created too early. The typical cause is a non-static @Bean method with a BeanDefinitionRegistryPostProcessor return type: Consider declaring such methods as 'static'.
INFO | 2018-03-31 12:50:46,944 | bootLogin | restartedMain org.springframework.cloud.context.scope.GenericScope | BeanFactory id=93f174a9-fed8-38f1-9b9b-f6f20e9f9eca
INFO | 2018-03-31 12:50:46,958 | bootLogin | restartedMain org.springframework.beans.factory.annotation.AutowiredAnnotationBeanPostProcessor | JSR-330 'javax.inject.Inject' annotation found and supported for autowiring
INFO | 2018-03-31 12:50:47,114 | bootLogin | restartedMain org.springframework.context.support.PostProcessorRegistrationDelegate$BeanPostProcessorChecker | Bean 'org.springframework.transaction.annotation.ProxyTransactionManagementConfiguration' of type [org.springframework.transaction.annotation.ProxyTransactionManagementConfiguration$$EnhancerBySpringCGLIB$$469e22fa] is not eligible for getting processed by all BeanPostProcessors (for example: not eligible for auto-proxying)
INFO | 2018-03-31 12:50:47,178 | bootLogin | restartedMain org.springframework.context.support.PostProcessorRegistrationDelegate$BeanPostProcessorChecker | Bean 'org.springframework.security.config.annotation.configuration.ObjectPostProcessorConfiguration' of type [org.springframework.security.config.annotation.configuration.ObjectPostProcessorConfiguration$$EnhancerBySpringCGLIB$$df4beb34] is not eligible for getting processed by all BeanPostProcessors (for example: not eligible for auto-proxying)
INFO | 2018-03-31 12:50:47,192 | bootLogin | restartedMain org.springframework.context.support.PostProcessorRegistrationDelegate$BeanPostProcessorChecker | Bean 'objectPostProcessor' of type [org.springframework.security.config.annotation.configuration.AutowireBeanFactoryObjectPostProcessor] is not eligible for getting processed by all BeanPostProcessors (for example: not eligible for auto-proxying)
INFO | 2018-03-31 12:50:47,193 | bootLogin | restartedMain org.springframework.context.support.PostProcessorRegistrationDelegate$BeanPostProcessorChecker | Bean 'org.springframework.security.access.expression.method.DefaultMethodSecurityExpressionHandler@e11cabe' of type [org.springframework.security.access.expression.method.DefaultMethodSecurityExpressionHandler] is not eligible for getting processed by all BeanPostProcessors (for example: not eligible for auto-proxying)
INFO | 2018-03-31 12:50:47,200 | bootLogin | restartedMain org.springframework.context.support.PostProcessorRegistrationDelegate$BeanPostProcessorChecker | Bean 'org.springframework.security.config.annotation.method.configuration.GlobalMethodSecurityConfiguration' of type [org.springframework.security.config.annotation.method.configuration.GlobalMethodSecurityConfiguration$$EnhancerBySpringCGLIB$$4208de6] is not eligible for getting processed by all BeanPostProcessors (for example: not eligible for auto-proxying)
INFO | 2018-03-31 12:50:47,209 | bootLogin | restartedMain org.springframework.context.support.PostProcessorRegistrationDelegate$BeanPostProcessorChecker | Bean 'methodSecurityMetadataSource' of type [org.springframework.security.access.method.DelegatingMethodSecurityMetadataSource] is not eligible for getting processed by all BeanPostProcessors (for example: not eligible for auto-proxying)
INFO | 2018-03-31 12:50:47,228 | bootLogin | restartedMain org.springframework.context.support.PostProcessorRegistrationDelegate$BeanPostProcessorChecker | Bean 'redisConfig' of type [com.cxgmerp.config.RedisConfig$$EnhancerBySpringCGLIB$$b0662f83] is not eligible for getting processed by all BeanPostProcessors (for example: not eligible for auto-proxying)
INFO | 2018-03-31 12:50:47,237 | bootLogin | restartedMain org.springframework.context.support.PostProcessorRegistrationDelegate$BeanPostProcessorChecker | Bean 'org.springframework.cache.annotation.ProxyCachingConfiguration' of type [org.springframework.cache.annotation.ProxyCachingConfiguration$$EnhancerBySpringCGLIB$$8fb05918] is not eligible for getting processed by all BeanPostProcessors (for example: not eligible for auto-proxying)
INFO | 2018-03-31 12:50:47,275 | bootLogin | restartedMain org.springframework.context.support.PostProcessorRegistrationDelegate$BeanPostProcessorChecker | Bean 'org.springframework.cloud.autoconfigure.ConfigurationPropertiesRebinderAutoConfiguration' of type [org.springframework.cloud.autoconfigure.ConfigurationPropertiesRebinderAutoConfiguration$$EnhancerBySpringCGLIB$$62b825f7] is not eligible for getting processed by all BeanPostProcessors (for example: not eligible for auto-proxying)
INFO | 2018-03-31 12:50:47,918 | bootLogin | restartedMain org.springframework.boot.context.embedded.tomcat.TomcatEmbeddedServletContainer | Tomcat initialized with port(s): 8076 (http)
INFO | 2018-03-31 12:50:47,931 | bootLogin | restartedMain org.apache.catalina.core.StandardService | Starting service [Tomcat]
INFO | 2018-03-31 12:50:47,932 | bootLogin | restartedMain org.apache.catalina.core.StandardEngine | Starting Servlet Engine: Apache Tomcat/8.5.23
INFO | 2018-03-31 12:50:48,132 | bootLogin | localhost-startStop-1 org.apache.catalina.core.ContainerBase.[Tomcat].[localhost].[/] | Initializing Spring embedded WebApplicationContext
INFO | 2018-03-31 12:50:48,132 | bootLogin | localhost-startStop-1 org.springframework.web.context.ContextLoader | Root WebApplicationContext: initialization completed in 2967 ms
WARN | 2018-03-31 12:50:49,879 | bootLogin | localhost-startStop-1 com.cxgmerp.security.url.MyFilterSecurityInterceptor | Could not validate configuration attributes as the SecurityMetadataSource did not return any attributes from getAllConfigAttributes()
INFO | 2018-03-31 12:50:50,317 | bootLogin | localhost-startStop-1 org.springframework.boot.web.servlet.FilterRegistrationBean | Mapping filter: 'characterEncodingFilter' to: [/*]
INFO | 2018-03-31 12:50:50,317 | bootLogin | localhost-startStop-1 org.springframework.boot.web.servlet.FilterRegistrationBean | Mapping filter: 'springSessionRepositoryFilter' to: [/*]
INFO | 2018-03-31 12:50:50,317 | bootLogin | localhost-startStop-1 org.springframework.boot.web.servlet.FilterRegistrationBean | Mapping filter: 'hiddenHttpMethodFilter' to: [/*]
INFO | 2018-03-31 12:50:50,317 | bootLogin | localhost-startStop-1 org.springframework.boot.web.servlet.FilterRegistrationBean | Mapping filter: 'httpPutFormContentFilter' to: [/*]
INFO | 2018-03-31 12:50:50,317 | bootLogin | localhost-startStop-1 org.springframework.boot.web.servlet.FilterRegistrationBean | Mapping filter: 'requestContextFilter' to: [/*]
INFO | 2018-03-31 12:50:50,319 | bootLogin | localhost-startStop-1 org.springframework.boot.web.servlet.DelegatingFilterProxyRegistrationBean | Mapping filter: 'springSecurityFilterChain' to: [/*]
INFO | 2018-03-31 12:50:50,319 | bootLogin | localhost-startStop-1 org.springframework.boot.web.servlet.FilterRegistrationBean | Mapping filter: 'myFilterSecurityInterceptor' to: [/*]
INFO | 2018-03-31 12:50:50,319 | bootLogin | localhost-startStop-1 org.springframework.boot.web.servlet.FilterRegistrationBean | Mapping filter: 'customUsernamePasswordAuthenticationFilter' to: [/*]
INFO | 2018-03-31 12:50:50,319 | bootLogin | localhost-startStop-1 org.springframework.boot.web.servlet.FilterRegistrationBean | Mapping filter: 'concurrentSessionFilter' to: [/*]
INFO | 2018-03-31 12:50:50,319 | bootLogin | localhost-startStop-1 org.springframework.boot.web.servlet.ServletRegistrationBean | Mapping servlet: 'dispatcherServlet' to [/]
WARN | 2018-03-31 12:50:50,366 | bootLogin | restartedMain org.springframework.boot.context.embedded.AnnotationConfigEmbeddedWebApplicationContext | Exception encountered during context initialization - cancelling refresh attempt: org.springframework.beans.factory.UnsatisfiedDependencyException: Error creating bean with name 'customUsernamePasswordAuthenticationToken' defined in file [C:\Users\Administrator\git\cxgmAPP\cxgm-parent\cxgm-erp\target\classes\com\cxgmerp\security\login\CustomUsernamePasswordAuthenticationToken.class]: Unsatisfied dependency expressed through constructor parameter 0; nested exception is org.springframework.beans.factory.NoSuchBeanDefinitionException: No qualifying bean of type 'java.lang.String' available: expected at least 1 bean which qualifies as autowire candidate. Dependency annotations: {}
INFO | 2018-03-31 12:50:50,369 | bootLogin | restartedMain org.apache.catalina.core.StandardService | Stopping service [Tomcat]
INFO | 2018-03-31 12:50:50,405 | bootLogin | restartedMain org.springframework.boot.autoconfigure.logging.AutoConfigurationReportLoggingInitializer | 

Error starting ApplicationContext. To display the auto-configuration report re-run your application with 'debug' enabled.
ERROR | 2018-03-31 12:50:50,696 | bootLogin | restartedMain org.springframework.boot.diagnostics.LoggingFailureAnalysisReporter | 

***************************
APPLICATION FAILED TO START
***************************

Description:

Parameter 0 of constructor in com.cxgmerp.security.login.CustomUsernamePasswordAuthenticationToken required a bean of type 'java.lang.String' that could not be found.


Action:

Consider defining a bean of type 'java.lang.String' in your configuration.

INFO | 2018-03-31 12:56:42,165 | bootLogin | main net.sourceforge.cobertura.coveragedata.CoverageDataFileHandler | Cobertura: Saved information on 66 classes.
INFO | 2018-03-31 12:56:42,204 | bootLogin | main net.sourceforge.cobertura.coveragedata.CoverageDataFileHandler | Cobertura: Saved information on 66 classes.
INFO | 2018-03-31 12:57:16,295 | bootLogin | restartedMain org.springframework.context.annotation.AnnotationConfigApplicationContext | Refreshing org.springframework.context.annotation.AnnotationConfigApplicationContext@59809468: startup date [Sat Mar 31 12:57:16 CST 2018]; root of context hierarchy
INFO | 2018-03-31 12:57:16,609 | bootLogin | restartedMain org.springframework.beans.factory.annotation.AutowiredAnnotationBeanPostProcessor | JSR-330 'javax.inject.Inject' annotation found and supported for autowiring
INFO | 2018-03-31 12:57:16,614 | bootLogin | background-preinit org.hibernate.validator.internal.util.Version | HV000001: Hibernate Validator 5.3.6.Final
INFO | 2018-03-31 12:57:16,665 | bootLogin | restartedMain org.springframework.context.support.PostProcessorRegistrationDelegate$BeanPostProcessorChecker | Bean 'configurationPropertiesRebinderAutoConfiguration' of type [org.springframework.cloud.autoconfigure.ConfigurationPropertiesRebinderAutoConfiguration$$EnhancerBySpringCGLIB$$45d44538] is not eligible for getting processed by all BeanPostProcessors (for example: not eligible for auto-proxying)
INFO | 2018-03-31 12:57:17,228 | bootLogin | restartedMain org.springframework.cloud.config.client.ConfigServicePropertySourceLocator | Fetching config from server at: http://localhost:8888
WARN | 2018-03-31 12:57:18,346 | bootLogin | restartedMain org.springframework.cloud.config.client.ConfigServicePropertySourceLocator | Could not locate PropertySource: I/O error on GET request for "http://localhost:8888/application/default": Connection refused: connect; nested exception is java.net.ConnectException: Connection refused: connect
INFO | 2018-03-31 12:57:18,350 | bootLogin | restartedMain com.cxgmerp.CxgmApplication | No active profile set, falling back to default profiles: default
INFO | 2018-03-31 12:57:18,379 | bootLogin | restartedMain org.springframework.boot.context.embedded.AnnotationConfigEmbeddedWebApplicationContext | Refreshing org.springframework.boot.context.embedded.AnnotationConfigEmbeddedWebApplicationContext@5d79f8ca: startup date [Sat Mar 31 12:57:18 CST 2018]; parent: org.springframework.context.annotation.AnnotationConfigApplicationContext@59809468
WARN | 2018-03-31 12:57:19,550 | bootLogin | restartedMain org.mybatis.spring.mapper.ClassPathMapperScanner | No MyBatis mapper was found in '[com.cxgmerp.config, com.cxgmerp]' package. Please check your configuration.
INFO | 2018-03-31 12:57:19,618 | bootLogin | restartedMain org.springframework.data.repository.config.RepositoryConfigurationDelegate | Multiple Spring Data modules found, entering strict repository configuration mode!
WARN | 2018-03-31 12:57:19,833 | bootLogin | restartedMain org.springframework.context.annotation.ConfigurationClassPostProcessor | Cannot enhance @Configuration bean definition 'myBatisMapperScannerConfig' since its singleton instance has been created too early. The typical cause is a non-static @Bean method with a BeanDefinitionRegistryPostProcessor return type: Consider declaring such methods as 'static'.
INFO | 2018-03-31 12:57:20,040 | bootLogin | restartedMain org.springframework.cloud.context.scope.GenericScope | BeanFactory id=93f174a9-fed8-38f1-9b9b-f6f20e9f9eca
INFO | 2018-03-31 12:57:20,052 | bootLogin | restartedMain org.springframework.beans.factory.annotation.AutowiredAnnotationBeanPostProcessor | JSR-330 'javax.inject.Inject' annotation found and supported for autowiring
INFO | 2018-03-31 12:57:20,176 | bootLogin | restartedMain org.springframework.context.support.PostProcessorRegistrationDelegate$BeanPostProcessorChecker | Bean 'org.springframework.transaction.annotation.ProxyTransactionManagementConfiguration' of type [org.springframework.transaction.annotation.ProxyTransactionManagementConfiguration$$EnhancerBySpringCGLIB$$29ba423b] is not eligible for getting processed by all BeanPostProcessors (for example: not eligible for auto-proxying)
INFO | 2018-03-31 12:57:20,227 | bootLogin | restartedMain org.springframework.context.support.PostProcessorRegistrationDelegate$BeanPostProcessorChecker | Bean 'org.springframework.security.config.annotation.configuration.ObjectPostProcessorConfiguration' of type [org.springframework.security.config.annotation.configuration.ObjectPostProcessorConfiguration$$EnhancerBySpringCGLIB$$c2680a75] is not eligible for getting processed by all BeanPostProcessors (for example: not eligible for auto-proxying)
INFO | 2018-03-31 12:57:20,239 | bootLogin | restartedMain org.springframework.context.support.PostProcessorRegistrationDelegate$BeanPostProcessorChecker | Bean 'objectPostProcessor' of type [org.springframework.security.config.annotation.configuration.AutowireBeanFactoryObjectPostProcessor] is not eligible for getting processed by all BeanPostProcessors (for example: not eligible for auto-proxying)
INFO | 2018-03-31 12:57:20,240 | bootLogin | restartedMain org.springframework.context.support.PostProcessorRegistrationDelegate$BeanPostProcessorChecker | Bean 'org.springframework.security.access.expression.method.DefaultMethodSecurityExpressionHandler@31c59a58' of type [org.springframework.security.access.expression.method.DefaultMethodSecurityExpressionHandler] is not eligible for getting processed by all BeanPostProcessors (for example: not eligible for auto-proxying)
INFO | 2018-03-31 12:57:20,246 | bootLogin | restartedMain org.springframework.context.support.PostProcessorRegistrationDelegate$BeanPostProcessorChecker | Bean 'org.springframework.security.config.annotation.method.configuration.GlobalMethodSecurityConfiguration' of type [org.springframework.security.config.annotation.method.configuration.GlobalMethodSecurityConfiguration$$EnhancerBySpringCGLIB$$e73cad27] is not eligible for getting processed by all BeanPostProcessors (for example: not eligible for auto-proxying)
INFO | 2018-03-31 12:57:20,255 | bootLogin | restartedMain org.springframework.context.support.PostProcessorRegistrationDelegate$BeanPostProcessorChecker | Bean 'methodSecurityMetadataSource' of type [org.springframework.security.access.method.DelegatingMethodSecurityMetadataSource] is not eligible for getting processed by all BeanPostProcessors (for example: not eligible for auto-proxying)
INFO | 2018-03-31 12:57:20,268 | bootLogin | restartedMain org.springframework.context.support.PostProcessorRegistrationDelegate$BeanPostProcessorChecker | Bean 'redisConfig' of type [com.cxgmerp.config.RedisConfig$$EnhancerBySpringCGLIB$$93824ec4] is not eligible for getting processed by all BeanPostProcessors (for example: not eligible for auto-proxying)
INFO | 2018-03-31 12:57:20,274 | bootLogin | restartedMain org.springframework.context.support.PostProcessorRegistrationDelegate$BeanPostProcessorChecker | Bean 'org.springframework.cache.annotation.ProxyCachingConfiguration' of type [org.springframework.cache.annotation.ProxyCachingConfiguration$$EnhancerBySpringCGLIB$$72cc7859] is not eligible for getting processed by all BeanPostProcessors (for example: not eligible for auto-proxying)
INFO | 2018-03-31 12:57:20,308 | bootLogin | restartedMain org.springframework.context.support.PostProcessorRegistrationDelegate$BeanPostProcessorChecker | Bean 'org.springframework.cloud.autoconfigure.ConfigurationPropertiesRebinderAutoConfiguration' of type [org.springframework.cloud.autoconfigure.ConfigurationPropertiesRebinderAutoConfiguration$$EnhancerBySpringCGLIB$$45d44538] is not eligible for getting processed by all BeanPostProcessors (for example: not eligible for auto-proxying)
INFO | 2018-03-31 12:57:20,968 | bootLogin | restartedMain org.springframework.boot.context.embedded.tomcat.TomcatEmbeddedServletContainer | Tomcat initialized with port(s): 8076 (http)
INFO | 2018-03-31 12:57:20,982 | bootLogin | restartedMain org.apache.catalina.core.StandardService | Starting service [Tomcat]
INFO | 2018-03-31 12:57:20,983 | bootLogin | restartedMain org.apache.catalina.core.StandardEngine | Starting Servlet Engine: Apache Tomcat/8.5.23
INFO | 2018-03-31 12:57:21,166 | bootLogin | localhost-startStop-1 org.apache.catalina.core.ContainerBase.[Tomcat].[localhost].[/] | Initializing Spring embedded WebApplicationContext
INFO | 2018-03-31 12:57:21,166 | bootLogin | localhost-startStop-1 org.springframework.web.context.ContextLoader | Root WebApplicationContext: initialization completed in 2787 ms
WARN | 2018-03-31 12:57:22,944 | bootLogin | localhost-startStop-1 com.cxgmerp.security.url.MyFilterSecurityInterceptor | Could not validate configuration attributes as the SecurityMetadataSource did not return any attributes from getAllConfigAttributes()
INFO | 2018-03-31 12:57:23,318 | bootLogin | localhost-startStop-1 org.springframework.boot.web.servlet.FilterRegistrationBean | Mapping filter: 'characterEncodingFilter' to: [/*]
INFO | 2018-03-31 12:57:23,319 | bootLogin | localhost-startStop-1 org.springframework.boot.web.servlet.FilterRegistrationBean | Mapping filter: 'springSessionRepositoryFilter' to: [/*]
INFO | 2018-03-31 12:57:23,319 | bootLogin | localhost-startStop-1 org.springframework.boot.web.servlet.FilterRegistrationBean | Mapping filter: 'hiddenHttpMethodFilter' to: [/*]
INFO | 2018-03-31 12:57:23,319 | bootLogin | localhost-startStop-1 org.springframework.boot.web.servlet.FilterRegistrationBean | Mapping filter: 'httpPutFormContentFilter' to: [/*]
INFO | 2018-03-31 12:57:23,319 | bootLogin | localhost-startStop-1 org.springframework.boot.web.servlet.FilterRegistrationBean | Mapping filter: 'requestContextFilter' to: [/*]
INFO | 2018-03-31 12:57:23,321 | bootLogin | localhost-startStop-1 org.springframework.boot.web.servlet.DelegatingFilterProxyRegistrationBean | Mapping filter: 'springSecurityFilterChain' to: [/*]
INFO | 2018-03-31 12:57:23,321 | bootLogin | localhost-startStop-1 org.springframework.boot.web.servlet.FilterRegistrationBean | Mapping filter: 'myFilterSecurityInterceptor' to: [/*]
INFO | 2018-03-31 12:57:23,321 | bootLogin | localhost-startStop-1 org.springframework.boot.web.servlet.FilterRegistrationBean | Mapping filter: 'customUsernamePasswordAuthenticationFilter' to: [/*]
INFO | 2018-03-31 12:57:23,321 | bootLogin | localhost-startStop-1 org.springframework.boot.web.servlet.FilterRegistrationBean | Mapping filter: 'concurrentSessionFilter' to: [/*]
INFO | 2018-03-31 12:57:23,321 | bootLogin | localhost-startStop-1 org.springframework.boot.web.servlet.ServletRegistrationBean | Mapping servlet: 'dispatcherServlet' to [/]
WARN | 2018-03-31 12:57:23,367 | bootLogin | restartedMain org.springframework.boot.context.embedded.AnnotationConfigEmbeddedWebApplicationContext | Exception encountered during context initialization - cancelling refresh attempt: org.springframework.beans.factory.UnsatisfiedDependencyException: Error creating bean with name 'customUsernamePasswordAuthenticationToken' defined in file [C:\Users\Administrator\git\cxgmAPP\cxgm-parent\cxgm-erp\target\classes\com\cxgmerp\security\login\CustomUsernamePasswordAuthenticationToken.class]: Unsatisfied dependency expressed through constructor parameter 0; nested exception is org.springframework.beans.factory.NoSuchBeanDefinitionException: No qualifying bean of type 'java.lang.String' available: expected at least 1 bean which qualifies as autowire candidate. Dependency annotations: {}
INFO | 2018-03-31 12:57:23,371 | bootLogin | restartedMain org.apache.catalina.core.StandardService | Stopping service [Tomcat]
INFO | 2018-03-31 12:57:23,408 | bootLogin | restartedMain org.springframework.boot.autoconfigure.logging.AutoConfigurationReportLoggingInitializer | 

Error starting ApplicationContext. To display the auto-configuration report re-run your application with 'debug' enabled.
ERROR | 2018-03-31 12:57:23,706 | bootLogin | restartedMain org.springframework.boot.diagnostics.LoggingFailureAnalysisReporter | 

***************************
APPLICATION FAILED TO START
***************************

Description:

Parameter 0 of constructor in com.cxgmerp.security.login.CustomUsernamePasswordAuthenticationToken required a bean of type 'java.lang.String' that could not be found.


Action:

Consider defining a bean of type 'java.lang.String' in your configuration.

INFO | 2018-03-31 13:01:14,233 | bootLogin | restartedMain org.springframework.context.annotation.AnnotationConfigApplicationContext | Refreshing org.springframework.context.annotation.AnnotationConfigApplicationContext@1d377ae8: startup date [Sat Mar 31 13:01:14 CST 2018]; root of context hierarchy
INFO | 2018-03-31 13:01:14,482 | bootLogin | restartedMain org.springframework.beans.factory.annotation.AutowiredAnnotationBeanPostProcessor | JSR-330 'javax.inject.Inject' annotation found and supported for autowiring
INFO | 2018-03-31 13:01:14,499 | bootLogin | background-preinit org.hibernate.validator.internal.util.Version | HV000001: Hibernate Validator 5.3.6.Final
INFO | 2018-03-31 13:01:14,516 | bootLogin | restartedMain org.springframework.context.support.PostProcessorRegistrationDelegate$BeanPostProcessorChecker | Bean 'configurationPropertiesRebinderAutoConfiguration' of type [org.springframework.cloud.autoconfigure.ConfigurationPropertiesRebinderAutoConfiguration$$EnhancerBySpringCGLIB$$f9018829] is not eligible for getting processed by all BeanPostProcessors (for example: not eligible for auto-proxying)
INFO | 2018-03-31 13:01:15,067 | bootLogin | restartedMain org.springframework.cloud.config.client.ConfigServicePropertySourceLocator | Fetching config from server at: http://localhost:8888
WARN | 2018-03-31 13:01:16,172 | bootLogin | restartedMain org.springframework.cloud.config.client.ConfigServicePropertySourceLocator | Could not locate PropertySource: I/O error on GET request for "http://localhost:8888/application/default": Connection refused: connect; nested exception is java.net.ConnectException: Connection refused: connect
INFO | 2018-03-31 13:01:16,182 | bootLogin | restartedMain com.cxgmerp.CxgmApplication | No active profile set, falling back to default profiles: default
INFO | 2018-03-31 13:01:16,224 | bootLogin | restartedMain org.springframework.boot.context.embedded.AnnotationConfigEmbeddedWebApplicationContext | Refreshing org.springframework.boot.context.embedded.AnnotationConfigEmbeddedWebApplicationContext@33afd8f6: startup date [Sat Mar 31 13:01:16 CST 2018]; parent: org.springframework.context.annotation.AnnotationConfigApplicationContext@1d377ae8
WARN | 2018-03-31 13:01:17,348 | bootLogin | restartedMain org.mybatis.spring.mapper.ClassPathMapperScanner | No MyBatis mapper was found in '[com.cxgmerp.config, com.cxgmerp]' package. Please check your configuration.
INFO | 2018-03-31 13:01:17,382 | bootLogin | restartedMain org.springframework.data.repository.config.RepositoryConfigurationDelegate | Multiple Spring Data modules found, entering strict repository configuration mode!
WARN | 2018-03-31 13:01:17,597 | bootLogin | restartedMain org.springframework.context.annotation.ConfigurationClassPostProcessor | Cannot enhance @Configuration bean definition 'myBatisMapperScannerConfig' since its singleton instance has been created too early. The typical cause is a non-static @Bean method with a BeanDefinitionRegistryPostProcessor return type: Consider declaring such methods as 'static'.
INFO | 2018-03-31 13:01:17,791 | bootLogin | restartedMain org.springframework.cloud.context.scope.GenericScope | BeanFactory id=bba9941c-3f57-308f-9b61-cb93c6d2c9f3
INFO | 2018-03-31 13:01:17,808 | bootLogin | restartedMain org.springframework.beans.factory.annotation.AutowiredAnnotationBeanPostProcessor | JSR-330 'javax.inject.Inject' annotation found and supported for autowiring
INFO | 2018-03-31 13:01:17,945 | bootLogin | restartedMain org.springframework.context.support.PostProcessorRegistrationDelegate$BeanPostProcessorChecker | Bean 'org.springframework.transaction.annotation.ProxyTransactionManagementConfiguration' of type [org.springframework.transaction.annotation.ProxyTransactionManagementConfiguration$$EnhancerBySpringCGLIB$$dce7852c] is not eligible for getting processed by all BeanPostProcessors (for example: not eligible for auto-proxying)
INFO | 2018-03-31 13:01:18,001 | bootLogin | restartedMain org.springframework.context.support.PostProcessorRegistrationDelegate$BeanPostProcessorChecker | Bean 'org.springframework.security.config.annotation.configuration.ObjectPostProcessorConfiguration' of type [org.springframework.security.config.annotation.configuration.ObjectPostProcessorConfiguration$$EnhancerBySpringCGLIB$$75954d66] is not eligible for getting processed by all BeanPostProcessors (for example: not eligible for auto-proxying)
INFO | 2018-03-31 13:01:18,009 | bootLogin | restartedMain org.springframework.context.support.PostProcessorRegistrationDelegate$BeanPostProcessorChecker | Bean 'objectPostProcessor' of type [org.springframework.security.config.annotation.configuration.AutowireBeanFactoryObjectPostProcessor] is not eligible for getting processed by all BeanPostProcessors (for example: not eligible for auto-proxying)
INFO | 2018-03-31 13:01:18,011 | bootLogin | restartedMain org.springframework.context.support.PostProcessorRegistrationDelegate$BeanPostProcessorChecker | Bean 'org.springframework.security.access.expression.method.DefaultMethodSecurityExpressionHandler@2f98ac1a' of type [org.springframework.security.access.expression.method.DefaultMethodSecurityExpressionHandler] is not eligible for getting processed by all BeanPostProcessors (for example: not eligible for auto-proxying)
INFO | 2018-03-31 13:01:18,014 | bootLogin | restartedMain org.springframework.context.support.PostProcessorRegistrationDelegate$BeanPostProcessorChecker | Bean 'org.springframework.security.config.annotation.method.configuration.GlobalMethodSecurityConfiguration' of type [org.springframework.security.config.annotation.method.configuration.GlobalMethodSecurityConfiguration$$EnhancerBySpringCGLIB$$9a69f018] is not eligible for getting processed by all BeanPostProcessors (for example: not eligible for auto-proxying)
INFO | 2018-03-31 13:01:18,024 | bootLogin | restartedMain org.springframework.context.support.PostProcessorRegistrationDelegate$BeanPostProcessorChecker | Bean 'methodSecurityMetadataSource' of type [org.springframework.security.access.method.DelegatingMethodSecurityMetadataSource] is not eligible for getting processed by all BeanPostProcessors (for example: not eligible for auto-proxying)
INFO | 2018-03-31 13:01:18,038 | bootLogin | restartedMain org.springframework.context.support.PostProcessorRegistrationDelegate$BeanPostProcessorChecker | Bean 'redisConfig' of type [com.cxgmerp.config.RedisConfig$$EnhancerBySpringCGLIB$$46af91b5] is not eligible for getting processed by all BeanPostProcessors (for example: not eligible for auto-proxying)
INFO | 2018-03-31 13:01:18,044 | bootLogin | restartedMain org.springframework.context.support.PostProcessorRegistrationDelegate$BeanPostProcessorChecker | Bean 'org.springframework.cache.annotation.ProxyCachingConfiguration' of type [org.springframework.cache.annotation.ProxyCachingConfiguration$$EnhancerBySpringCGLIB$$25f9bb4a] is not eligible for getting processed by all BeanPostProcessors (for example: not eligible for auto-proxying)
INFO | 2018-03-31 13:01:18,081 | bootLogin | restartedMain org.springframework.context.support.PostProcessorRegistrationDelegate$BeanPostProcessorChecker | Bean 'org.springframework.cloud.autoconfigure.ConfigurationPropertiesRebinderAutoConfiguration' of type [org.springframework.cloud.autoconfigure.ConfigurationPropertiesRebinderAutoConfiguration$$EnhancerBySpringCGLIB$$f9018829] is not eligible for getting processed by all BeanPostProcessors (for example: not eligible for auto-proxying)
INFO | 2018-03-31 13:01:18,691 | bootLogin | restartedMain org.springframework.boot.context.embedded.tomcat.TomcatEmbeddedServletContainer | Tomcat initialized with port(s): 8076 (http)
INFO | 2018-03-31 13:01:18,704 | bootLogin | restartedMain org.apache.catalina.core.StandardService | Starting service [Tomcat]
INFO | 2018-03-31 13:01:18,705 | bootLogin | restartedMain org.apache.catalina.core.StandardEngine | Starting Servlet Engine: Apache Tomcat/8.5.23
INFO | 2018-03-31 13:01:18,917 | bootLogin | localhost-startStop-1 org.apache.catalina.core.ContainerBase.[Tomcat].[localhost].[/] | Initializing Spring embedded WebApplicationContext
INFO | 2018-03-31 13:01:18,918 | bootLogin | localhost-startStop-1 org.springframework.web.context.ContextLoader | Root WebApplicationContext: initialization completed in 2694 ms
WARN | 2018-03-31 13:01:20,592 | bootLogin | localhost-startStop-1 com.cxgmerp.security.url.MyFilterSecurityInterceptor | Could not validate configuration attributes as the SecurityMetadataSource did not return any attributes from getAllConfigAttributes()
INFO | 2018-03-31 13:01:20,839 | bootLogin | localhost-startStop-1 org.springframework.boot.web.servlet.FilterRegistrationBean | Mapping filter: 'characterEncodingFilter' to: [/*]
INFO | 2018-03-31 13:01:20,840 | bootLogin | localhost-startStop-1 org.springframework.boot.web.servlet.FilterRegistrationBean | Mapping filter: 'springSessionRepositoryFilter' to: [/*]
INFO | 2018-03-31 13:01:20,840 | bootLogin | localhost-startStop-1 org.springframework.boot.web.servlet.FilterRegistrationBean | Mapping filter: 'hiddenHttpMethodFilter' to: [/*]
INFO | 2018-03-31 13:01:20,841 | bootLogin | localhost-startStop-1 org.springframework.boot.web.servlet.FilterRegistrationBean | Mapping filter: 'httpPutFormContentFilter' to: [/*]
INFO | 2018-03-31 13:01:20,841 | bootLogin | localhost-startStop-1 org.springframework.boot.web.servlet.FilterRegistrationBean | Mapping filter: 'requestContextFilter' to: [/*]
INFO | 2018-03-31 13:01:20,843 | bootLogin | localhost-startStop-1 org.springframework.boot.web.servlet.DelegatingFilterProxyRegistrationBean | Mapping filter: 'springSecurityFilterChain' to: [/*]
INFO | 2018-03-31 13:01:20,843 | bootLogin | localhost-startStop-1 org.springframework.boot.web.servlet.FilterRegistrationBean | Mapping filter: 'myFilterSecurityInterceptor' to: [/*]
INFO | 2018-03-31 13:01:20,843 | bootLogin | localhost-startStop-1 org.springframework.boot.web.servlet.FilterRegistrationBean | Mapping filter: 'customUsernamePasswordAuthenticationFilter' to: [/*]
INFO | 2018-03-31 13:01:20,843 | bootLogin | localhost-startStop-1 org.springframework.boot.web.servlet.FilterRegistrationBean | Mapping filter: 'concurrentSessionFilter' to: [/*]
INFO | 2018-03-31 13:01:20,843 | bootLogin | localhost-startStop-1 org.springframework.boot.web.servlet.ServletRegistrationBean | Mapping servlet: 'dispatcherServlet' to [/]
INFO | 2018-03-31 13:01:21,058 | bootLogin | restartedMain org.springframework.security.web.DefaultSecurityFilterChain | Creating filter chain: Ant [pattern='/js/**'], []
INFO | 2018-03-31 13:01:21,059 | bootLogin | restartedMain org.springframework.security.web.DefaultSecurityFilterChain | Creating filter chain: Ant [pattern='/css/**'], []
INFO | 2018-03-31 13:01:21,059 | bootLogin | restartedMain org.springframework.security.web.DefaultSecurityFilterChain | Creating filter chain: Ant [pattern='/images/**'], []
INFO | 2018-03-31 13:01:21,059 | bootLogin | restartedMain org.springframework.security.web.DefaultSecurityFilterChain | Creating filter chain: Ant [pattern='/**/favicon.ico'], []
INFO | 2018-03-31 13:01:21,174 | bootLogin | restartedMain org.springframework.security.web.DefaultSecurityFilterChain | Creating filter chain: org.springframework.security.web.util.matcher.AnyRequestMatcher@1, [org.springframework.security.web.context.request.async.WebAsyncManagerIntegrationFilter@3a516df2, org.springframework.security.web.context.SecurityContextPersistenceFilter@46cbd47c, org.springframework.security.web.header.HeaderWriterFilter@5518eaed, org.springframework.security.web.authentication.logout.LogoutFilter@28b70ff5, com.cxgmerp.security.login.CustomUsernamePasswordAuthenticationFilter@1ad73c36, org.springframework.security.web.authentication.UsernamePasswordAuthenticationFilter@7f56f58b, org.springframework.security.web.session.ConcurrentSessionFilter@3cbbf313, org.springframework.security.web.savedrequest.RequestCacheAwareFilter@7d992439, org.springframework.security.web.servletapi.SecurityContextHolderAwareRequestFilter@3d35d16e, org.springframework.security.web.authentication.AnonymousAuthenticationFilter@6a877bf4, org.springframework.security.web.session.SessionManagementFilter@44320e8a, org.springframework.security.web.access.ExceptionTranslationFilter@5c7afa0c, com.cxgmerp.security.url.MyFilterSecurityInterceptor@72a0383f, org.springframework.security.web.access.intercept.FilterSecurityInterceptor@32fc5f4b]
WARN | 2018-03-31 13:01:21,400 | bootLogin | restartedMain org.springframework.cloud.netflix.archaius.ArchaiusAutoConfiguration | No spring.application.name found, defaulting to 'application'
WARN | 2018-03-31 13:01:21,405 | bootLogin | restartedMain com.netflix.config.sources.URLConfigurationSource | No URLs will be polled as dynamic configuration sources.
INFO | 2018-03-31 13:01:21,405 | bootLogin | restartedMain com.netflix.config.sources.URLConfigurationSource | To enable URLs as dynamic configuration sources, define System property archaius.configurationSource.additionalUrls or make config.properties available on classpath.
WARN | 2018-03-31 13:01:21,412 | bootLogin | restartedMain com.netflix.config.sources.URLConfigurationSource | No URLs will be polled as dynamic configuration sources.
INFO | 2018-03-31 13:01:21,413 | bootLogin | restartedMain com.netflix.config.sources.URLConfigurationSource | To enable URLs as dynamic configuration sources, define System property archaius.configurationSource.additionalUrls or make config.properties available on classpath.
INFO | 2018-03-31 13:01:21,626 | bootLogin | restartedMain org.springframework.web.servlet.mvc.method.annotation.RequestMappingHandlerAdapter | Looking for @ControllerAdvice: org.springframework.boot.context.embedded.AnnotationConfigEmbeddedWebApplicationContext@33afd8f6: startup date [Sat Mar 31 13:01:16 CST 2018]; parent: org.springframework.context.annotation.AnnotationConfigApplicationContext@1d377ae8
INFO | 2018-03-31 13:01:21,711 | bootLogin | restartedMain org.springframework.web.servlet.mvc.method.annotation.RequestMappingHandlerMapping | Mapped "{[/error]}" onto public org.springframework.http.ResponseEntity<java.util.Map<java.lang.String, java.lang.Object>> org.springframework.boot.autoconfigure.web.BasicErrorController.error(javax.servlet.http.HttpServletRequest)
INFO | 2018-03-31 13:01:21,712 | bootLogin | restartedMain org.springframework.web.servlet.mvc.method.annotation.RequestMappingHandlerMapping | Mapped "{[/error],produces=[text/html]}" onto public org.springframework.web.servlet.ModelAndView org.springframework.boot.autoconfigure.web.BasicErrorController.errorHtml(javax.servlet.http.HttpServletRequest,javax.servlet.http.HttpServletResponse)
INFO | 2018-03-31 13:01:21,777 | bootLogin | restartedMain org.springframework.web.servlet.handler.SimpleUrlHandlerMapping | Mapped URL path [/webjars/**] onto handler of type [class org.springframework.web.servlet.resource.ResourceHttpRequestHandler]
INFO | 2018-03-31 13:01:21,778 | bootLogin | restartedMain org.springframework.web.servlet.handler.SimpleUrlHandlerMapping | Mapped URL path [/**] onto handler of type [class org.springframework.web.servlet.resource.ResourceHttpRequestHandler]
INFO | 2018-03-31 13:01:21,809 | bootLogin | restartedMain org.springframework.web.servlet.mvc.method.annotation.ExceptionHandlerExceptionResolver | Detected @ExceptionHandler methods in globalExceptionController
INFO | 2018-03-31 13:01:21,842 | bootLogin | restartedMain org.springframework.web.servlet.handler.SimpleUrlHandlerMapping | Mapped URL path [/**/favicon.ico] onto handler of type [class org.springframework.web.servlet.resource.ResourceHttpRequestHandler]
INFO | 2018-03-31 13:01:22,372 | bootLogin | restartedMain org.springframework.web.servlet.view.freemarker.FreeMarkerConfigurer | ClassTemplateLoader for Spring macros added to FreeMarker configuration
INFO | 2018-03-31 13:01:22,570 | bootLogin | restartedMain org.springframework.boot.devtools.autoconfigure.OptionalLiveReloadServer | LiveReload server is running on port 35729
WARN | 2018-03-31 13:01:22,577 | bootLogin | restartedMain org.springframework.boot.starter.redis.RedisStarterDeprecationWarningAutoConfiguration | spring-boot-starter-redis is deprecated as of Spring Boot 1.4, please migrate to spring-boot-starter-data-redis
INFO | 2018-03-31 13:01:22,884 | bootLogin | restartedMain org.springframework.jmx.export.annotation.AnnotationMBeanExporter | Registering beans for JMX exposure on startup
INFO | 2018-03-31 13:01:22,885 | bootLogin | restartedMain org.springframework.jmx.export.annotation.AnnotationMBeanExporter | Bean with name 'MASTER' has been autodetected for JMX exposure
INFO | 2018-03-31 13:01:22,886 | bootLogin | restartedMain org.springframework.jmx.export.annotation.AnnotationMBeanExporter | Bean with name 'SLAVE' has been autodetected for JMX exposure
INFO | 2018-03-31 13:01:22,894 | bootLogin | restartedMain org.springframework.jmx.export.annotation.AnnotationMBeanExporter | Bean with name 'environmentManager' has been autodetected for JMX exposure
INFO | 2018-03-31 13:01:22,895 | bootLogin | restartedMain org.springframework.jmx.export.annotation.AnnotationMBeanExporter | Bean with name 'configurationPropertiesRebinder' has been autodetected for JMX exposure
INFO | 2018-03-31 13:01:22,895 | bootLogin | restartedMain org.springframework.jmx.export.annotation.AnnotationMBeanExporter | Bean with name 'refreshScope' has been autodetected for JMX exposure
INFO | 2018-03-31 13:01:22,897 | bootLogin | restartedMain org.springframework.jmx.export.annotation.AnnotationMBeanExporter | Located managed bean 'environmentManager': registering with JMX server as MBean [org.springframework.cloud.context.environment:name=environmentManager,type=EnvironmentManager]
INFO | 2018-03-31 13:01:22,908 | bootLogin | restartedMain org.springframework.jmx.export.annotation.AnnotationMBeanExporter | Located MBean 'MASTER': registering with JMX server as MBean [com.alibaba.druid.pool:name=MASTER,type=DruidDataSource]
INFO | 2018-03-31 13:01:22,910 | bootLogin | restartedMain org.springframework.jmx.export.annotation.AnnotationMBeanExporter | Located MBean 'SLAVE': registering with JMX server as MBean [com.alibaba.druid.pool:name=SLAVE,type=DruidDataSource]
INFO | 2018-03-31 13:01:22,912 | bootLogin | restartedMain org.springframework.jmx.export.annotation.AnnotationMBeanExporter | Located managed bean 'refreshScope': registering with JMX server as MBean [org.springframework.cloud.context.scope.refresh:name=refreshScope,type=RefreshScope]
INFO | 2018-03-31 13:01:22,923 | bootLogin | restartedMain org.springframework.jmx.export.annotation.AnnotationMBeanExporter | Located managed bean 'configurationPropertiesRebinder': registering with JMX server as MBean [org.springframework.cloud.context.properties:name=configurationPropertiesRebinder,context=33afd8f6,type=ConfigurationPropertiesRebinder]
INFO | 2018-03-31 13:01:23,759 | bootLogin | restartedMain org.springframework.context.support.DefaultLifecycleProcessor | Starting beans in phase 2147483647
INFO | 2018-03-31 13:01:23,775 | bootLogin | restartedMain org.springframework.scheduling.annotation.ScheduledAnnotationBeanPostProcessor | No TaskScheduler/ScheduledExecutorService bean found for scheduled processing
INFO | 2018-03-31 13:01:23,786 | bootLogin | restartedMain org.apache.coyote.http11.Http11NioProtocol | Initializing ProtocolHandler ["http-nio-8076"]
INFO | 2018-03-31 13:01:23,802 | bootLogin | restartedMain org.apache.coyote.http11.Http11NioProtocol | Starting ProtocolHandler ["http-nio-8076"]
INFO | 2018-03-31 13:01:23,817 | bootLogin | restartedMain org.apache.tomcat.util.net.NioSelectorPool | Using a shared selector for servlet write/read
INFO | 2018-03-31 13:01:23,841 | bootLogin | restartedMain org.springframework.boot.context.embedded.tomcat.TomcatEmbeddedServletContainer | Tomcat started on port(s): 8076 (http)
INFO | 2018-03-31 13:01:23,845 | bootLogin | restartedMain com.cxgmerp.CxgmApplication | Started CxgmApplication in 10.034 seconds (JVM running for 10.77)
